[2024-08-04T17:10:04.094+0000] {processor.py:161} INFO - Started process (PID=66) to work on /opt/airflow/dags/welcome_dag.py
[2024-08-04T17:10:04.096+0000] {processor.py:830} INFO - Processing file /opt/airflow/dags/welcome_dag.py for tasks to queue
[2024-08-04T17:10:04.101+0000] {logging_mixin.py:188} INFO - [2024-08-04T17:10:04.100+0000] {dagbag.py:545} INFO - Filling up the DagBag from /opt/airflow/dags/welcome_dag.py
[2024-08-04T17:10:04.157+0000] {processor.py:840} INFO - DAG(s) 'welcome_dag' retrieved from /opt/airflow/dags/welcome_dag.py
[2024-08-04T17:10:04.184+0000] {logging_mixin.py:188} INFO - [2024-08-04T17:10:04.183+0000] {dag.py:3089} INFO - Sync 1 DAGs
[2024-08-04T17:10:04.233+0000] {logging_mixin.py:188} INFO - [2024-08-04T17:10:04.233+0000] {dag.py:3947} INFO - Setting next_dagrun for welcome_dag to 2024-08-03 23:00:00+00:00, run_after=2024-08-04 23:00:00+00:00
[2024-08-04T17:10:04.468+0000] {processor.py:183} INFO - Processing /opt/airflow/dags/welcome_dag.py took 0.385 seconds
[2024-08-04T17:10:35.092+0000] {processor.py:161} INFO - Started process (PID=83) to work on /opt/airflow/dags/welcome_dag.py
[2024-08-04T17:10:35.094+0000] {processor.py:830} INFO - Processing file /opt/airflow/dags/welcome_dag.py for tasks to queue
[2024-08-04T17:10:35.098+0000] {logging_mixin.py:188} INFO - [2024-08-04T17:10:35.097+0000] {dagbag.py:545} INFO - Filling up the DagBag from /opt/airflow/dags/welcome_dag.py
[2024-08-04T17:10:35.157+0000] {processor.py:840} INFO - DAG(s) 'welcome_dag' retrieved from /opt/airflow/dags/welcome_dag.py
[2024-08-04T17:10:35.406+0000] {logging_mixin.py:188} INFO - [2024-08-04T17:10:35.406+0000] {dag.py:3089} INFO - Sync 1 DAGs
[2024-08-04T17:10:35.455+0000] {logging_mixin.py:188} INFO - [2024-08-04T17:10:35.455+0000] {dag.py:3947} INFO - Setting next_dagrun for welcome_dag to 2024-08-03 23:00:00+00:00, run_after=2024-08-04 23:00:00+00:00
[2024-08-04T17:10:35.660+0000] {processor.py:183} INFO - Processing /opt/airflow/dags/welcome_dag.py took 0.578 seconds
[2024-08-04T17:10:49.252+0000] {processor.py:161} INFO - Started process (PID=86) to work on /opt/airflow/dags/welcome_dag.py
[2024-08-04T17:10:49.254+0000] {processor.py:830} INFO - Processing file /opt/airflow/dags/welcome_dag.py for tasks to queue
[2024-08-04T17:10:49.256+0000] {logging_mixin.py:188} INFO - [2024-08-04T17:10:49.255+0000] {dagbag.py:545} INFO - Filling up the DagBag from /opt/airflow/dags/welcome_dag.py
[2024-08-04T17:10:49.334+0000] {processor.py:840} INFO - DAG(s) 'welcome_dag' retrieved from /opt/airflow/dags/welcome_dag.py
[2024-08-04T17:10:49.362+0000] {logging_mixin.py:188} INFO - [2024-08-04T17:10:49.362+0000] {dag.py:3089} INFO - Sync 1 DAGs
[2024-08-04T17:10:49.421+0000] {logging_mixin.py:188} INFO - [2024-08-04T17:10:49.420+0000] {dag.py:3947} INFO - Setting next_dagrun for welcome_dag to 2024-08-03 23:00:00+00:00, run_after=2024-08-04 23:00:00+00:00
[2024-08-04T17:10:49.697+0000] {processor.py:183} INFO - Processing /opt/airflow/dags/welcome_dag.py took 0.456 seconds
[2024-08-04T17:11:20.807+0000] {processor.py:161} INFO - Started process (PID=87) to work on /opt/airflow/dags/welcome_dag.py
[2024-08-04T17:11:20.809+0000] {processor.py:830} INFO - Processing file /opt/airflow/dags/welcome_dag.py for tasks to queue
[2024-08-04T17:11:20.811+0000] {logging_mixin.py:188} INFO - [2024-08-04T17:11:20.810+0000] {dagbag.py:545} INFO - Filling up the DagBag from /opt/airflow/dags/welcome_dag.py
[2024-08-04T17:11:20.866+0000] {processor.py:840} INFO - DAG(s) 'welcome_dag' retrieved from /opt/airflow/dags/welcome_dag.py
[2024-08-04T17:11:20.926+0000] {logging_mixin.py:188} INFO - [2024-08-04T17:11:20.926+0000] {dag.py:3089} INFO - Sync 1 DAGs
[2024-08-04T17:11:20.978+0000] {logging_mixin.py:188} INFO - [2024-08-04T17:11:20.977+0000] {dag.py:3947} INFO - Setting next_dagrun for welcome_dag to 2024-08-03 23:00:00+00:00, run_after=2024-08-04 23:00:00+00:00
[2024-08-04T17:11:21.207+0000] {processor.py:183} INFO - Processing /opt/airflow/dags/welcome_dag.py took 0.410 seconds
[2024-08-04T17:11:51.521+0000] {processor.py:161} INFO - Started process (PID=88) to work on /opt/airflow/dags/welcome_dag.py
[2024-08-04T17:11:51.523+0000] {processor.py:830} INFO - Processing file /opt/airflow/dags/welcome_dag.py for tasks to queue
[2024-08-04T17:11:51.525+0000] {logging_mixin.py:188} INFO - [2024-08-04T17:11:51.525+0000] {dagbag.py:545} INFO - Filling up the DagBag from /opt/airflow/dags/welcome_dag.py
[2024-08-04T17:11:51.583+0000] {processor.py:840} INFO - DAG(s) 'welcome_dag' retrieved from /opt/airflow/dags/welcome_dag.py
[2024-08-04T17:11:51.643+0000] {logging_mixin.py:188} INFO - [2024-08-04T17:11:51.643+0000] {dag.py:3089} INFO - Sync 1 DAGs
[2024-08-04T17:11:51.693+0000] {logging_mixin.py:188} INFO - [2024-08-04T17:11:51.693+0000] {dag.py:3947} INFO - Setting next_dagrun for welcome_dag to 2024-08-03 23:00:00+00:00, run_after=2024-08-04 23:00:00+00:00
[2024-08-04T17:11:52.007+0000] {processor.py:183} INFO - Processing /opt/airflow/dags/welcome_dag.py took 0.495 seconds
[2024-08-04T17:12:22.627+0000] {processor.py:161} INFO - Started process (PID=89) to work on /opt/airflow/dags/welcome_dag.py
[2024-08-04T17:12:22.629+0000] {processor.py:830} INFO - Processing file /opt/airflow/dags/welcome_dag.py for tasks to queue
[2024-08-04T17:12:22.631+0000] {logging_mixin.py:188} INFO - [2024-08-04T17:12:22.630+0000] {dagbag.py:545} INFO - Filling up the DagBag from /opt/airflow/dags/welcome_dag.py
[2024-08-04T17:12:22.681+0000] {processor.py:840} INFO - DAG(s) 'welcome_dag' retrieved from /opt/airflow/dags/welcome_dag.py
[2024-08-04T17:12:22.740+0000] {logging_mixin.py:188} INFO - [2024-08-04T17:12:22.740+0000] {dag.py:3089} INFO - Sync 1 DAGs
[2024-08-04T17:12:22.788+0000] {logging_mixin.py:188} INFO - [2024-08-04T17:12:22.787+0000] {dag.py:3947} INFO - Setting next_dagrun for welcome_dag to 2024-08-03 23:00:00+00:00, run_after=2024-08-04 23:00:00+00:00
[2024-08-04T17:12:23.074+0000] {processor.py:183} INFO - Processing /opt/airflow/dags/welcome_dag.py took 0.456 seconds
[2024-08-04T17:14:16.070+0000] {processor.py:161} INFO - Started process (PID=63) to work on /opt/airflow/dags/welcome_dag.py
[2024-08-04T17:14:16.072+0000] {processor.py:830} INFO - Processing file /opt/airflow/dags/welcome_dag.py for tasks to queue
[2024-08-04T17:14:16.077+0000] {logging_mixin.py:188} INFO - [2024-08-04T17:14:16.076+0000] {dagbag.py:545} INFO - Filling up the DagBag from /opt/airflow/dags/welcome_dag.py
[2024-08-04T17:14:16.136+0000] {processor.py:840} INFO - DAG(s) 'welcome_dag' retrieved from /opt/airflow/dags/welcome_dag.py
[2024-08-04T17:14:16.167+0000] {logging_mixin.py:188} INFO - [2024-08-04T17:14:16.167+0000] {dag.py:3089} INFO - Sync 1 DAGs
[2024-08-04T17:14:16.225+0000] {logging_mixin.py:188} INFO - [2024-08-04T17:14:16.225+0000] {dag.py:3947} INFO - Setting next_dagrun for welcome_dag to 2024-08-03 23:00:00+00:00, run_after=2024-08-04 23:00:00+00:00
[2024-08-04T17:14:16.429+0000] {processor.py:183} INFO - Processing /opt/airflow/dags/welcome_dag.py took 0.373 seconds
[2024-08-04T17:14:47.712+0000] {processor.py:161} INFO - Started process (PID=87) to work on /opt/airflow/dags/welcome_dag.py
[2024-08-04T17:14:47.715+0000] {processor.py:830} INFO - Processing file /opt/airflow/dags/welcome_dag.py for tasks to queue
[2024-08-04T17:14:47.718+0000] {logging_mixin.py:188} INFO - [2024-08-04T17:14:47.718+0000] {dagbag.py:545} INFO - Filling up the DagBag from /opt/airflow/dags/welcome_dag.py
[2024-08-04T17:14:47.777+0000] {processor.py:840} INFO - DAG(s) 'welcome_dag' retrieved from /opt/airflow/dags/welcome_dag.py
[2024-08-04T17:14:48.024+0000] {logging_mixin.py:188} INFO - [2024-08-04T17:14:48.024+0000] {dag.py:3089} INFO - Sync 1 DAGs
[2024-08-04T17:14:48.072+0000] {logging_mixin.py:188} INFO - [2024-08-04T17:14:48.072+0000] {dag.py:3947} INFO - Setting next_dagrun for welcome_dag to 2024-08-03 23:00:00+00:00, run_after=2024-08-04 23:00:00+00:00
[2024-08-04T17:14:48.308+0000] {processor.py:183} INFO - Processing /opt/airflow/dags/welcome_dag.py took 0.608 seconds
[2024-08-04T17:15:18.753+0000] {processor.py:161} INFO - Started process (PID=88) to work on /opt/airflow/dags/welcome_dag.py
[2024-08-04T17:15:18.755+0000] {processor.py:830} INFO - Processing file /opt/airflow/dags/welcome_dag.py for tasks to queue
[2024-08-04T17:15:18.759+0000] {logging_mixin.py:188} INFO - [2024-08-04T17:15:18.758+0000] {dagbag.py:545} INFO - Filling up the DagBag from /opt/airflow/dags/welcome_dag.py
[2024-08-04T17:15:18.809+0000] {processor.py:840} INFO - DAG(s) 'welcome_dag' retrieved from /opt/airflow/dags/welcome_dag.py
[2024-08-04T17:15:18.873+0000] {logging_mixin.py:188} INFO - [2024-08-04T17:15:18.872+0000] {dag.py:3089} INFO - Sync 1 DAGs
[2024-08-04T17:15:18.925+0000] {logging_mixin.py:188} INFO - [2024-08-04T17:15:18.925+0000] {dag.py:3947} INFO - Setting next_dagrun for welcome_dag to 2024-08-03 23:00:00+00:00, run_after=2024-08-04 23:00:00+00:00
[2024-08-04T17:15:19.133+0000] {processor.py:183} INFO - Processing /opt/airflow/dags/welcome_dag.py took 0.389 seconds
[2024-08-04T17:15:27.131+0000] {processor.py:161} INFO - Started process (PID=89) to work on /opt/airflow/dags/welcome_dag.py
[2024-08-04T17:15:27.133+0000] {processor.py:830} INFO - Processing file /opt/airflow/dags/welcome_dag.py for tasks to queue
[2024-08-04T17:15:27.136+0000] {logging_mixin.py:188} INFO - [2024-08-04T17:15:27.135+0000] {dagbag.py:545} INFO - Filling up the DagBag from /opt/airflow/dags/welcome_dag.py
[2024-08-04T17:15:27.212+0000] {processor.py:840} INFO - DAG(s) 'welcome_dag' retrieved from /opt/airflow/dags/welcome_dag.py
[2024-08-04T17:15:27.272+0000] {logging_mixin.py:188} INFO - [2024-08-04T17:15:27.272+0000] {dag.py:3089} INFO - Sync 1 DAGs
[2024-08-04T17:15:27.322+0000] {logging_mixin.py:188} INFO - [2024-08-04T17:15:27.322+0000] {dag.py:3947} INFO - Setting next_dagrun for welcome_dag to 2024-08-03 23:00:00+00:00, run_after=2024-08-04 23:00:00+00:00
[2024-08-04T17:15:27.544+0000] {processor.py:183} INFO - Processing /opt/airflow/dags/welcome_dag.py took 0.422 seconds
[2024-08-04T17:16:14.225+0000] {processor.py:161} INFO - Started process (PID=63) to work on /opt/airflow/dags/welcome_dag.py
[2024-08-04T17:16:14.228+0000] {processor.py:830} INFO - Processing file /opt/airflow/dags/welcome_dag.py for tasks to queue
[2024-08-04T17:16:14.231+0000] {logging_mixin.py:188} INFO - [2024-08-04T17:16:14.230+0000] {dagbag.py:545} INFO - Filling up the DagBag from /opt/airflow/dags/welcome_dag.py
[2024-08-04T17:16:14.288+0000] {processor.py:840} INFO - DAG(s) 'welcome_dag' retrieved from /opt/airflow/dags/welcome_dag.py
[2024-08-04T17:16:14.315+0000] {logging_mixin.py:188} INFO - [2024-08-04T17:16:14.314+0000] {dag.py:3089} INFO - Sync 1 DAGs
[2024-08-04T17:16:14.368+0000] {logging_mixin.py:188} INFO - [2024-08-04T17:16:14.367+0000] {dag.py:3947} INFO - Setting next_dagrun for welcome_dag to 2024-08-03 23:00:00+00:00, run_after=2024-08-04 23:00:00+00:00
[2024-08-04T17:16:14.598+0000] {processor.py:183} INFO - Processing /opt/airflow/dags/welcome_dag.py took 0.383 seconds
[2024-08-04T17:16:44.957+0000] {processor.py:161} INFO - Started process (PID=87) to work on /opt/airflow/dags/welcome_dag.py
[2024-08-04T17:16:44.959+0000] {processor.py:830} INFO - Processing file /opt/airflow/dags/welcome_dag.py for tasks to queue
[2024-08-04T17:16:44.964+0000] {logging_mixin.py:188} INFO - [2024-08-04T17:16:44.963+0000] {dagbag.py:545} INFO - Filling up the DagBag from /opt/airflow/dags/welcome_dag.py
[2024-08-04T17:16:45.024+0000] {processor.py:840} INFO - DAG(s) 'welcome_dag' retrieved from /opt/airflow/dags/welcome_dag.py
[2024-08-04T17:16:45.263+0000] {logging_mixin.py:188} INFO - [2024-08-04T17:16:45.263+0000] {dag.py:3089} INFO - Sync 1 DAGs
[2024-08-04T17:16:45.309+0000] {logging_mixin.py:188} INFO - [2024-08-04T17:16:45.309+0000] {dag.py:3947} INFO - Setting next_dagrun for welcome_dag to 2024-08-03 23:00:00+00:00, run_after=2024-08-04 23:00:00+00:00
[2024-08-04T17:16:45.627+0000] {processor.py:183} INFO - Processing /opt/airflow/dags/welcome_dag.py took 0.681 seconds
[2024-08-04T17:17:16.294+0000] {processor.py:161} INFO - Started process (PID=88) to work on /opt/airflow/dags/welcome_dag.py
[2024-08-04T17:17:16.296+0000] {processor.py:830} INFO - Processing file /opt/airflow/dags/welcome_dag.py for tasks to queue
[2024-08-04T17:17:16.300+0000] {logging_mixin.py:188} INFO - [2024-08-04T17:17:16.299+0000] {dagbag.py:545} INFO - Filling up the DagBag from /opt/airflow/dags/welcome_dag.py
[2024-08-04T17:17:16.357+0000] {processor.py:840} INFO - DAG(s) 'welcome_dag' retrieved from /opt/airflow/dags/welcome_dag.py
[2024-08-04T17:17:16.418+0000] {logging_mixin.py:188} INFO - [2024-08-04T17:17:16.418+0000] {dag.py:3089} INFO - Sync 1 DAGs
[2024-08-04T17:17:16.703+0000] {logging_mixin.py:188} INFO - [2024-08-04T17:17:16.702+0000] {dag.py:3947} INFO - Setting next_dagrun for welcome_dag to 2024-08-03 23:00:00+00:00, run_after=2024-08-04 23:00:00+00:00
[2024-08-04T17:17:16.937+0000] {processor.py:183} INFO - Processing /opt/airflow/dags/welcome_dag.py took 0.652 seconds
[2024-08-04T17:17:47.837+0000] {processor.py:161} INFO - Started process (PID=89) to work on /opt/airflow/dags/welcome_dag.py
[2024-08-04T17:17:47.839+0000] {processor.py:830} INFO - Processing file /opt/airflow/dags/welcome_dag.py for tasks to queue
[2024-08-04T17:17:47.843+0000] {logging_mixin.py:188} INFO - [2024-08-04T17:17:47.842+0000] {dagbag.py:545} INFO - Filling up the DagBag from /opt/airflow/dags/welcome_dag.py
[2024-08-04T17:17:47.894+0000] {processor.py:840} INFO - DAG(s) 'welcome_dag' retrieved from /opt/airflow/dags/welcome_dag.py
[2024-08-04T17:17:47.954+0000] {logging_mixin.py:188} INFO - [2024-08-04T17:17:47.953+0000] {dag.py:3089} INFO - Sync 1 DAGs
[2024-08-04T17:17:48.003+0000] {logging_mixin.py:188} INFO - [2024-08-04T17:17:48.002+0000] {dag.py:3947} INFO - Setting next_dagrun for welcome_dag to 2024-08-03 23:00:00+00:00, run_after=2024-08-04 23:00:00+00:00
[2024-08-04T17:17:48.245+0000] {processor.py:183} INFO - Processing /opt/airflow/dags/welcome_dag.py took 0.417 seconds
[2024-08-04T17:18:19.198+0000] {processor.py:161} INFO - Started process (PID=90) to work on /opt/airflow/dags/welcome_dag.py
[2024-08-04T17:18:19.200+0000] {processor.py:830} INFO - Processing file /opt/airflow/dags/welcome_dag.py for tasks to queue
[2024-08-04T17:18:19.203+0000] {logging_mixin.py:188} INFO - [2024-08-04T17:18:19.202+0000] {dagbag.py:545} INFO - Filling up the DagBag from /opt/airflow/dags/welcome_dag.py
[2024-08-04T17:18:19.259+0000] {processor.py:840} INFO - DAG(s) 'welcome_dag' retrieved from /opt/airflow/dags/welcome_dag.py
[2024-08-04T17:18:19.319+0000] {logging_mixin.py:188} INFO - [2024-08-04T17:18:19.319+0000] {dag.py:3089} INFO - Sync 1 DAGs
[2024-08-04T17:18:19.368+0000] {logging_mixin.py:188} INFO - [2024-08-04T17:18:19.368+0000] {dag.py:3947} INFO - Setting next_dagrun for welcome_dag to 2024-08-03 23:00:00+00:00, run_after=2024-08-04 23:00:00+00:00
[2024-08-04T17:18:19.656+0000] {processor.py:183} INFO - Processing /opt/airflow/dags/welcome_dag.py took 0.468 seconds
[2024-08-04T17:18:50.840+0000] {processor.py:161} INFO - Started process (PID=91) to work on /opt/airflow/dags/welcome_dag.py
[2024-08-04T17:18:50.842+0000] {processor.py:830} INFO - Processing file /opt/airflow/dags/welcome_dag.py for tasks to queue
[2024-08-04T17:18:50.846+0000] {logging_mixin.py:188} INFO - [2024-08-04T17:18:50.845+0000] {dagbag.py:545} INFO - Filling up the DagBag from /opt/airflow/dags/welcome_dag.py
[2024-08-04T17:18:50.911+0000] {processor.py:840} INFO - DAG(s) 'welcome_dag' retrieved from /opt/airflow/dags/welcome_dag.py
[2024-08-04T17:18:50.982+0000] {logging_mixin.py:188} INFO - [2024-08-04T17:18:50.981+0000] {dag.py:3089} INFO - Sync 1 DAGs
[2024-08-04T17:18:51.041+0000] {logging_mixin.py:188} INFO - [2024-08-04T17:18:51.041+0000] {dag.py:3947} INFO - Setting next_dagrun for welcome_dag to 2024-08-03 23:00:00+00:00, run_after=2024-08-04 23:00:00+00:00
[2024-08-04T17:18:51.383+0000] {processor.py:183} INFO - Processing /opt/airflow/dags/welcome_dag.py took 0.553 seconds
[2024-08-04T17:19:21.797+0000] {processor.py:161} INFO - Started process (PID=92) to work on /opt/airflow/dags/welcome_dag.py
[2024-08-04T17:19:21.799+0000] {processor.py:830} INFO - Processing file /opt/airflow/dags/welcome_dag.py for tasks to queue
[2024-08-04T17:19:21.804+0000] {logging_mixin.py:188} INFO - [2024-08-04T17:19:21.803+0000] {dagbag.py:545} INFO - Filling up the DagBag from /opt/airflow/dags/welcome_dag.py
[2024-08-04T17:19:21.859+0000] {processor.py:840} INFO - DAG(s) 'welcome_dag' retrieved from /opt/airflow/dags/welcome_dag.py
[2024-08-04T17:19:21.921+0000] {logging_mixin.py:188} INFO - [2024-08-04T17:19:21.921+0000] {dag.py:3089} INFO - Sync 1 DAGs
[2024-08-04T17:19:21.970+0000] {logging_mixin.py:188} INFO - [2024-08-04T17:19:21.969+0000] {dag.py:3947} INFO - Setting next_dagrun for welcome_dag to 2024-08-03 23:00:00+00:00, run_after=2024-08-04 23:00:00+00:00
[2024-08-04T17:19:22.203+0000] {processor.py:183} INFO - Processing /opt/airflow/dags/welcome_dag.py took 0.418 seconds
[2024-08-04T17:19:52.991+0000] {processor.py:161} INFO - Started process (PID=93) to work on /opt/airflow/dags/welcome_dag.py
[2024-08-04T17:19:52.994+0000] {processor.py:830} INFO - Processing file /opt/airflow/dags/welcome_dag.py for tasks to queue
[2024-08-04T17:19:52.997+0000] {logging_mixin.py:188} INFO - [2024-08-04T17:19:52.996+0000] {dagbag.py:545} INFO - Filling up the DagBag from /opt/airflow/dags/welcome_dag.py
[2024-08-04T17:19:53.049+0000] {processor.py:840} INFO - DAG(s) 'welcome_dag' retrieved from /opt/airflow/dags/welcome_dag.py
[2024-08-04T17:19:53.111+0000] {logging_mixin.py:188} INFO - [2024-08-04T17:19:53.111+0000] {dag.py:3089} INFO - Sync 1 DAGs
[2024-08-04T17:19:53.161+0000] {logging_mixin.py:188} INFO - [2024-08-04T17:19:53.161+0000] {dag.py:3947} INFO - Setting next_dagrun for welcome_dag to 2024-08-03 23:00:00+00:00, run_after=2024-08-04 23:00:00+00:00
[2024-08-04T17:19:53.392+0000] {processor.py:183} INFO - Processing /opt/airflow/dags/welcome_dag.py took 0.416 seconds
[2024-08-04T17:20:24.415+0000] {processor.py:161} INFO - Started process (PID=94) to work on /opt/airflow/dags/welcome_dag.py
[2024-08-04T17:20:24.417+0000] {processor.py:830} INFO - Processing file /opt/airflow/dags/welcome_dag.py for tasks to queue
[2024-08-04T17:20:24.420+0000] {logging_mixin.py:188} INFO - [2024-08-04T17:20:24.419+0000] {dagbag.py:545} INFO - Filling up the DagBag from /opt/airflow/dags/welcome_dag.py
[2024-08-04T17:20:24.473+0000] {processor.py:840} INFO - DAG(s) 'welcome_dag' retrieved from /opt/airflow/dags/welcome_dag.py
[2024-08-04T17:20:24.531+0000] {logging_mixin.py:188} INFO - [2024-08-04T17:20:24.531+0000] {dag.py:3089} INFO - Sync 1 DAGs
[2024-08-04T17:20:24.577+0000] {logging_mixin.py:188} INFO - [2024-08-04T17:20:24.577+0000] {dag.py:3947} INFO - Setting next_dagrun for welcome_dag to 2024-08-03 23:00:00+00:00, run_after=2024-08-04 23:00:00+00:00
[2024-08-04T17:20:24.889+0000] {processor.py:183} INFO - Processing /opt/airflow/dags/welcome_dag.py took 0.484 seconds
[2024-08-04T17:20:55.732+0000] {processor.py:161} INFO - Started process (PID=95) to work on /opt/airflow/dags/welcome_dag.py
[2024-08-04T17:20:55.734+0000] {processor.py:830} INFO - Processing file /opt/airflow/dags/welcome_dag.py for tasks to queue
[2024-08-04T17:20:55.737+0000] {logging_mixin.py:188} INFO - [2024-08-04T17:20:55.737+0000] {dagbag.py:545} INFO - Filling up the DagBag from /opt/airflow/dags/welcome_dag.py
[2024-08-04T17:20:55.793+0000] {processor.py:840} INFO - DAG(s) 'welcome_dag' retrieved from /opt/airflow/dags/welcome_dag.py
[2024-08-04T17:20:55.854+0000] {logging_mixin.py:188} INFO - [2024-08-04T17:20:55.854+0000] {dag.py:3089} INFO - Sync 1 DAGs
[2024-08-04T17:20:55.904+0000] {logging_mixin.py:188} INFO - [2024-08-04T17:20:55.904+0000] {dag.py:3947} INFO - Setting next_dagrun for welcome_dag to 2024-08-03 23:00:00+00:00, run_after=2024-08-04 23:00:00+00:00
[2024-08-04T17:20:56.126+0000] {processor.py:183} INFO - Processing /opt/airflow/dags/welcome_dag.py took 0.404 seconds
[2024-08-04T17:21:26.691+0000] {processor.py:161} INFO - Started process (PID=96) to work on /opt/airflow/dags/welcome_dag.py
[2024-08-04T17:21:26.692+0000] {processor.py:830} INFO - Processing file /opt/airflow/dags/welcome_dag.py for tasks to queue
[2024-08-04T17:21:26.696+0000] {logging_mixin.py:188} INFO - [2024-08-04T17:21:26.695+0000] {dagbag.py:545} INFO - Filling up the DagBag from /opt/airflow/dags/welcome_dag.py
[2024-08-04T17:21:26.755+0000] {processor.py:840} INFO - DAG(s) 'welcome_dag' retrieved from /opt/airflow/dags/welcome_dag.py
[2024-08-04T17:21:26.827+0000] {logging_mixin.py:188} INFO - [2024-08-04T17:21:26.827+0000] {dag.py:3089} INFO - Sync 1 DAGs
[2024-08-04T17:21:26.881+0000] {logging_mixin.py:188} INFO - [2024-08-04T17:21:26.880+0000] {dag.py:3947} INFO - Setting next_dagrun for welcome_dag to 2024-08-03 23:00:00+00:00, run_after=2024-08-04 23:00:00+00:00
[2024-08-04T17:21:27.503+0000] {processor.py:183} INFO - Processing /opt/airflow/dags/welcome_dag.py took 0.822 seconds
[2024-08-04T17:21:58.162+0000] {processor.py:161} INFO - Started process (PID=97) to work on /opt/airflow/dags/welcome_dag.py
[2024-08-04T17:21:58.164+0000] {processor.py:830} INFO - Processing file /opt/airflow/dags/welcome_dag.py for tasks to queue
[2024-08-04T17:21:58.167+0000] {logging_mixin.py:188} INFO - [2024-08-04T17:21:58.167+0000] {dagbag.py:545} INFO - Filling up the DagBag from /opt/airflow/dags/welcome_dag.py
[2024-08-04T17:21:58.220+0000] {processor.py:840} INFO - DAG(s) 'welcome_dag' retrieved from /opt/airflow/dags/welcome_dag.py
[2024-08-04T17:21:58.285+0000] {logging_mixin.py:188} INFO - [2024-08-04T17:21:58.284+0000] {dag.py:3089} INFO - Sync 1 DAGs
[2024-08-04T17:21:58.333+0000] {logging_mixin.py:188} INFO - [2024-08-04T17:21:58.332+0000] {dag.py:3947} INFO - Setting next_dagrun for welcome_dag to 2024-08-03 23:00:00+00:00, run_after=2024-08-04 23:00:00+00:00
[2024-08-04T17:21:58.659+0000] {processor.py:183} INFO - Processing /opt/airflow/dags/welcome_dag.py took 0.508 seconds
[2024-08-04T17:22:29.382+0000] {processor.py:161} INFO - Started process (PID=98) to work on /opt/airflow/dags/welcome_dag.py
[2024-08-04T17:22:29.384+0000] {processor.py:830} INFO - Processing file /opt/airflow/dags/welcome_dag.py for tasks to queue
[2024-08-04T17:22:29.390+0000] {logging_mixin.py:188} INFO - [2024-08-04T17:22:29.389+0000] {dagbag.py:545} INFO - Filling up the DagBag from /opt/airflow/dags/welcome_dag.py
[2024-08-04T17:22:29.468+0000] {processor.py:840} INFO - DAG(s) 'welcome_dag' retrieved from /opt/airflow/dags/welcome_dag.py
[2024-08-04T17:22:29.549+0000] {logging_mixin.py:188} INFO - [2024-08-04T17:22:29.548+0000] {dag.py:3089} INFO - Sync 1 DAGs
[2024-08-04T17:22:29.601+0000] {logging_mixin.py:188} INFO - [2024-08-04T17:22:29.601+0000] {dag.py:3947} INFO - Setting next_dagrun for welcome_dag to 2024-08-03 23:00:00+00:00, run_after=2024-08-04 23:00:00+00:00
[2024-08-04T17:22:29.926+0000] {processor.py:183} INFO - Processing /opt/airflow/dags/welcome_dag.py took 0.557 seconds
[2024-08-04T17:23:01.023+0000] {processor.py:161} INFO - Started process (PID=99) to work on /opt/airflow/dags/welcome_dag.py
[2024-08-04T17:23:01.025+0000] {processor.py:830} INFO - Processing file /opt/airflow/dags/welcome_dag.py for tasks to queue
[2024-08-04T17:23:01.029+0000] {logging_mixin.py:188} INFO - [2024-08-04T17:23:01.028+0000] {dagbag.py:545} INFO - Filling up the DagBag from /opt/airflow/dags/welcome_dag.py
[2024-08-04T17:23:01.088+0000] {processor.py:840} INFO - DAG(s) 'welcome_dag' retrieved from /opt/airflow/dags/welcome_dag.py
[2024-08-04T17:23:01.153+0000] {logging_mixin.py:188} INFO - [2024-08-04T17:23:01.152+0000] {dag.py:3089} INFO - Sync 1 DAGs
[2024-08-04T17:23:01.209+0000] {logging_mixin.py:188} INFO - [2024-08-04T17:23:01.209+0000] {dag.py:3947} INFO - Setting next_dagrun for welcome_dag to 2024-08-03 23:00:00+00:00, run_after=2024-08-04 23:00:00+00:00
[2024-08-04T17:23:01.503+0000] {processor.py:183} INFO - Processing /opt/airflow/dags/welcome_dag.py took 0.492 seconds
[2024-08-04T17:23:31.844+0000] {processor.py:161} INFO - Started process (PID=100) to work on /opt/airflow/dags/welcome_dag.py
[2024-08-04T17:23:31.846+0000] {processor.py:830} INFO - Processing file /opt/airflow/dags/welcome_dag.py for tasks to queue
[2024-08-04T17:23:31.849+0000] {logging_mixin.py:188} INFO - [2024-08-04T17:23:31.849+0000] {dagbag.py:545} INFO - Filling up the DagBag from /opt/airflow/dags/welcome_dag.py
[2024-08-04T17:23:31.911+0000] {processor.py:840} INFO - DAG(s) 'welcome_dag' retrieved from /opt/airflow/dags/welcome_dag.py
[2024-08-04T17:23:31.977+0000] {logging_mixin.py:188} INFO - [2024-08-04T17:23:31.977+0000] {dag.py:3089} INFO - Sync 1 DAGs
[2024-08-04T17:23:32.032+0000] {logging_mixin.py:188} INFO - [2024-08-04T17:23:32.032+0000] {dag.py:3947} INFO - Setting next_dagrun for welcome_dag to 2024-08-03 23:00:00+00:00, run_after=2024-08-04 23:00:00+00:00
[2024-08-04T17:23:32.249+0000] {processor.py:183} INFO - Processing /opt/airflow/dags/welcome_dag.py took 0.416 seconds
[2024-08-04T17:24:02.820+0000] {processor.py:161} INFO - Started process (PID=101) to work on /opt/airflow/dags/welcome_dag.py
[2024-08-04T17:24:02.823+0000] {processor.py:830} INFO - Processing file /opt/airflow/dags/welcome_dag.py for tasks to queue
[2024-08-04T17:24:02.827+0000] {logging_mixin.py:188} INFO - [2024-08-04T17:24:02.826+0000] {dagbag.py:545} INFO - Filling up the DagBag from /opt/airflow/dags/welcome_dag.py
[2024-08-04T17:24:02.894+0000] {processor.py:840} INFO - DAG(s) 'welcome_dag' retrieved from /opt/airflow/dags/welcome_dag.py
[2024-08-04T17:24:02.964+0000] {logging_mixin.py:188} INFO - [2024-08-04T17:24:02.964+0000] {dag.py:3089} INFO - Sync 1 DAGs
[2024-08-04T17:24:03.026+0000] {logging_mixin.py:188} INFO - [2024-08-04T17:24:03.025+0000] {dag.py:3947} INFO - Setting next_dagrun for welcome_dag to 2024-08-03 23:00:00+00:00, run_after=2024-08-04 23:00:00+00:00
[2024-08-04T17:24:03.339+0000] {processor.py:183} INFO - Processing /opt/airflow/dags/welcome_dag.py took 0.532 seconds
[2024-08-04T17:24:34.112+0000] {processor.py:161} INFO - Started process (PID=102) to work on /opt/airflow/dags/welcome_dag.py
[2024-08-04T17:24:34.114+0000] {processor.py:830} INFO - Processing file /opt/airflow/dags/welcome_dag.py for tasks to queue
[2024-08-04T17:24:34.119+0000] {logging_mixin.py:188} INFO - [2024-08-04T17:24:34.118+0000] {dagbag.py:545} INFO - Filling up the DagBag from /opt/airflow/dags/welcome_dag.py
[2024-08-04T17:24:34.184+0000] {processor.py:840} INFO - DAG(s) 'welcome_dag' retrieved from /opt/airflow/dags/welcome_dag.py
[2024-08-04T17:24:34.259+0000] {logging_mixin.py:188} INFO - [2024-08-04T17:24:34.259+0000] {dag.py:3089} INFO - Sync 1 DAGs
[2024-08-04T17:24:34.315+0000] {logging_mixin.py:188} INFO - [2024-08-04T17:24:34.315+0000] {dag.py:3947} INFO - Setting next_dagrun for welcome_dag to 2024-08-03 23:00:00+00:00, run_after=2024-08-04 23:00:00+00:00
[2024-08-04T17:24:34.538+0000] {processor.py:183} INFO - Processing /opt/airflow/dags/welcome_dag.py took 0.440 seconds
[2024-08-04T17:25:05.091+0000] {processor.py:161} INFO - Started process (PID=103) to work on /opt/airflow/dags/welcome_dag.py
[2024-08-04T17:25:05.096+0000] {processor.py:830} INFO - Processing file /opt/airflow/dags/welcome_dag.py for tasks to queue
[2024-08-04T17:25:05.102+0000] {logging_mixin.py:188} INFO - [2024-08-04T17:25:05.101+0000] {dagbag.py:545} INFO - Filling up the DagBag from /opt/airflow/dags/welcome_dag.py
[2024-08-04T17:25:05.168+0000] {processor.py:840} INFO - DAG(s) 'welcome_dag' retrieved from /opt/airflow/dags/welcome_dag.py
[2024-08-04T17:25:05.243+0000] {logging_mixin.py:188} INFO - [2024-08-04T17:25:05.243+0000] {dag.py:3089} INFO - Sync 1 DAGs
[2024-08-04T17:25:05.306+0000] {logging_mixin.py:188} INFO - [2024-08-04T17:25:05.306+0000] {dag.py:3947} INFO - Setting next_dagrun for welcome_dag to 2024-08-03 23:00:00+00:00, run_after=2024-08-04 23:00:00+00:00
[2024-08-04T17:25:05.554+0000] {processor.py:183} INFO - Processing /opt/airflow/dags/welcome_dag.py took 0.475 seconds
[2024-08-04T17:25:35.746+0000] {processor.py:161} INFO - Started process (PID=104) to work on /opt/airflow/dags/welcome_dag.py
[2024-08-04T17:25:35.749+0000] {processor.py:830} INFO - Processing file /opt/airflow/dags/welcome_dag.py for tasks to queue
[2024-08-04T17:25:35.754+0000] {logging_mixin.py:188} INFO - [2024-08-04T17:25:35.753+0000] {dagbag.py:545} INFO - Filling up the DagBag from /opt/airflow/dags/welcome_dag.py
[2024-08-04T17:25:35.821+0000] {processor.py:840} INFO - DAG(s) 'welcome_dag' retrieved from /opt/airflow/dags/welcome_dag.py
[2024-08-04T17:25:35.898+0000] {logging_mixin.py:188} INFO - [2024-08-04T17:25:35.898+0000] {dag.py:3089} INFO - Sync 1 DAGs
[2024-08-04T17:25:35.957+0000] {logging_mixin.py:188} INFO - [2024-08-04T17:25:35.956+0000] {dag.py:3947} INFO - Setting next_dagrun for welcome_dag to 2024-08-03 23:00:00+00:00, run_after=2024-08-04 23:00:00+00:00
[2024-08-04T17:25:36.310+0000] {processor.py:183} INFO - Processing /opt/airflow/dags/welcome_dag.py took 0.576 seconds
[2024-08-04T17:26:06.649+0000] {processor.py:161} INFO - Started process (PID=105) to work on /opt/airflow/dags/welcome_dag.py
[2024-08-04T17:26:06.652+0000] {processor.py:830} INFO - Processing file /opt/airflow/dags/welcome_dag.py for tasks to queue
[2024-08-04T17:26:06.656+0000] {logging_mixin.py:188} INFO - [2024-08-04T17:26:06.656+0000] {dagbag.py:545} INFO - Filling up the DagBag from /opt/airflow/dags/welcome_dag.py
[2024-08-04T17:26:06.728+0000] {processor.py:840} INFO - DAG(s) 'welcome_dag' retrieved from /opt/airflow/dags/welcome_dag.py
[2024-08-04T17:26:06.802+0000] {logging_mixin.py:188} INFO - [2024-08-04T17:26:06.802+0000] {dag.py:3089} INFO - Sync 1 DAGs
[2024-08-04T17:26:06.860+0000] {logging_mixin.py:188} INFO - [2024-08-04T17:26:06.859+0000] {dag.py:3947} INFO - Setting next_dagrun for welcome_dag to 2024-08-03 23:00:00+00:00, run_after=2024-08-04 23:00:00+00:00
[2024-08-04T17:26:07.100+0000] {processor.py:183} INFO - Processing /opt/airflow/dags/welcome_dag.py took 0.466 seconds
[2024-08-04T17:26:37.988+0000] {processor.py:161} INFO - Started process (PID=106) to work on /opt/airflow/dags/welcome_dag.py
[2024-08-04T17:26:37.991+0000] {processor.py:830} INFO - Processing file /opt/airflow/dags/welcome_dag.py for tasks to queue
[2024-08-04T17:26:37.995+0000] {logging_mixin.py:188} INFO - [2024-08-04T17:26:37.995+0000] {dagbag.py:545} INFO - Filling up the DagBag from /opt/airflow/dags/welcome_dag.py
[2024-08-04T17:26:38.063+0000] {processor.py:840} INFO - DAG(s) 'welcome_dag' retrieved from /opt/airflow/dags/welcome_dag.py
[2024-08-04T17:26:38.141+0000] {logging_mixin.py:188} INFO - [2024-08-04T17:26:38.140+0000] {dag.py:3089} INFO - Sync 1 DAGs
[2024-08-04T17:26:38.199+0000] {logging_mixin.py:188} INFO - [2024-08-04T17:26:38.199+0000] {dag.py:3947} INFO - Setting next_dagrun for welcome_dag to 2024-08-03 23:00:00+00:00, run_after=2024-08-04 23:00:00+00:00
[2024-08-04T17:26:38.839+0000] {processor.py:183} INFO - Processing /opt/airflow/dags/welcome_dag.py took 0.864 seconds
[2024-08-04T17:27:09.571+0000] {processor.py:161} INFO - Started process (PID=107) to work on /opt/airflow/dags/welcome_dag.py
[2024-08-04T17:27:09.574+0000] {processor.py:830} INFO - Processing file /opt/airflow/dags/welcome_dag.py for tasks to queue
[2024-08-04T17:27:09.578+0000] {logging_mixin.py:188} INFO - [2024-08-04T17:27:09.578+0000] {dagbag.py:545} INFO - Filling up the DagBag from /opt/airflow/dags/welcome_dag.py
[2024-08-04T17:27:09.647+0000] {processor.py:840} INFO - DAG(s) 'welcome_dag' retrieved from /opt/airflow/dags/welcome_dag.py
[2024-08-04T17:27:09.721+0000] {logging_mixin.py:188} INFO - [2024-08-04T17:27:09.720+0000] {dag.py:3089} INFO - Sync 1 DAGs
[2024-08-04T17:27:09.777+0000] {logging_mixin.py:188} INFO - [2024-08-04T17:27:09.777+0000] {dag.py:3947} INFO - Setting next_dagrun for welcome_dag to 2024-08-03 23:00:00+00:00, run_after=2024-08-04 23:00:00+00:00
[2024-08-04T17:27:10.022+0000] {processor.py:183} INFO - Processing /opt/airflow/dags/welcome_dag.py took 0.462 seconds
[2024-08-04T17:27:40.538+0000] {processor.py:161} INFO - Started process (PID=108) to work on /opt/airflow/dags/welcome_dag.py
[2024-08-04T17:27:40.540+0000] {processor.py:830} INFO - Processing file /opt/airflow/dags/welcome_dag.py for tasks to queue
[2024-08-04T17:27:40.544+0000] {logging_mixin.py:188} INFO - [2024-08-04T17:27:40.543+0000] {dagbag.py:545} INFO - Filling up the DagBag from /opt/airflow/dags/welcome_dag.py
[2024-08-04T17:27:40.607+0000] {processor.py:840} INFO - DAG(s) 'welcome_dag' retrieved from /opt/airflow/dags/welcome_dag.py
[2024-08-04T17:27:40.685+0000] {logging_mixin.py:188} INFO - [2024-08-04T17:27:40.685+0000] {dag.py:3089} INFO - Sync 1 DAGs
[2024-08-04T17:27:40.744+0000] {logging_mixin.py:188} INFO - [2024-08-04T17:27:40.744+0000] {dag.py:3947} INFO - Setting next_dagrun for welcome_dag to 2024-08-03 23:00:00+00:00, run_after=2024-08-04 23:00:00+00:00
[2024-08-04T17:27:40.992+0000] {processor.py:183} INFO - Processing /opt/airflow/dags/welcome_dag.py took 0.464 seconds
[2024-08-04T17:28:11.448+0000] {processor.py:161} INFO - Started process (PID=109) to work on /opt/airflow/dags/welcome_dag.py
[2024-08-04T17:28:11.450+0000] {processor.py:830} INFO - Processing file /opt/airflow/dags/welcome_dag.py for tasks to queue
[2024-08-04T17:28:11.453+0000] {logging_mixin.py:188} INFO - [2024-08-04T17:28:11.452+0000] {dagbag.py:545} INFO - Filling up the DagBag from /opt/airflow/dags/welcome_dag.py
[2024-08-04T17:28:11.529+0000] {processor.py:840} INFO - DAG(s) 'welcome_dag' retrieved from /opt/airflow/dags/welcome_dag.py
[2024-08-04T17:28:11.604+0000] {logging_mixin.py:188} INFO - [2024-08-04T17:28:11.603+0000] {dag.py:3089} INFO - Sync 1 DAGs
[2024-08-04T17:28:11.667+0000] {logging_mixin.py:188} INFO - [2024-08-04T17:28:11.666+0000] {dag.py:3947} INFO - Setting next_dagrun for welcome_dag to 2024-08-03 23:00:00+00:00, run_after=2024-08-04 23:00:00+00:00
[2024-08-04T17:28:11.906+0000] {processor.py:183} INFO - Processing /opt/airflow/dags/welcome_dag.py took 0.468 seconds
[2024-08-04T17:28:42.431+0000] {processor.py:161} INFO - Started process (PID=110) to work on /opt/airflow/dags/welcome_dag.py
[2024-08-04T17:28:42.433+0000] {processor.py:830} INFO - Processing file /opt/airflow/dags/welcome_dag.py for tasks to queue
[2024-08-04T17:28:42.437+0000] {logging_mixin.py:188} INFO - [2024-08-04T17:28:42.436+0000] {dagbag.py:545} INFO - Filling up the DagBag from /opt/airflow/dags/welcome_dag.py
[2024-08-04T17:28:42.502+0000] {processor.py:840} INFO - DAG(s) 'welcome_dag' retrieved from /opt/airflow/dags/welcome_dag.py
[2024-08-04T17:28:42.577+0000] {logging_mixin.py:188} INFO - [2024-08-04T17:28:42.576+0000] {dag.py:3089} INFO - Sync 1 DAGs
[2024-08-04T17:28:42.636+0000] {logging_mixin.py:188} INFO - [2024-08-04T17:28:42.636+0000] {dag.py:3947} INFO - Setting next_dagrun for welcome_dag to 2024-08-03 23:00:00+00:00, run_after=2024-08-04 23:00:00+00:00
[2024-08-04T17:28:42.888+0000] {processor.py:183} INFO - Processing /opt/airflow/dags/welcome_dag.py took 0.468 seconds
[2024-08-04T17:29:13.609+0000] {processor.py:161} INFO - Started process (PID=111) to work on /opt/airflow/dags/welcome_dag.py
[2024-08-04T17:29:13.611+0000] {processor.py:830} INFO - Processing file /opt/airflow/dags/welcome_dag.py for tasks to queue
[2024-08-04T17:29:13.614+0000] {logging_mixin.py:188} INFO - [2024-08-04T17:29:13.614+0000] {dagbag.py:545} INFO - Filling up the DagBag from /opt/airflow/dags/welcome_dag.py
[2024-08-04T17:29:13.687+0000] {processor.py:840} INFO - DAG(s) 'welcome_dag' retrieved from /opt/airflow/dags/welcome_dag.py
[2024-08-04T17:29:13.775+0000] {logging_mixin.py:188} INFO - [2024-08-04T17:29:13.774+0000] {dag.py:3089} INFO - Sync 1 DAGs
[2024-08-04T17:29:13.837+0000] {logging_mixin.py:188} INFO - [2024-08-04T17:29:13.837+0000] {dag.py:3947} INFO - Setting next_dagrun for welcome_dag to 2024-08-03 23:00:00+00:00, run_after=2024-08-04 23:00:00+00:00
[2024-08-04T17:29:14.170+0000] {processor.py:183} INFO - Processing /opt/airflow/dags/welcome_dag.py took 0.572 seconds
[2024-08-04T17:29:44.813+0000] {processor.py:161} INFO - Started process (PID=112) to work on /opt/airflow/dags/welcome_dag.py
[2024-08-04T17:29:44.815+0000] {processor.py:830} INFO - Processing file /opt/airflow/dags/welcome_dag.py for tasks to queue
[2024-08-04T17:29:44.820+0000] {logging_mixin.py:188} INFO - [2024-08-04T17:29:44.819+0000] {dagbag.py:545} INFO - Filling up the DagBag from /opt/airflow/dags/welcome_dag.py
[2024-08-04T17:29:44.875+0000] {processor.py:840} INFO - DAG(s) 'welcome_dag' retrieved from /opt/airflow/dags/welcome_dag.py
[2024-08-04T17:29:44.941+0000] {logging_mixin.py:188} INFO - [2024-08-04T17:29:44.940+0000] {dag.py:3089} INFO - Sync 1 DAGs
[2024-08-04T17:29:45.002+0000] {logging_mixin.py:188} INFO - [2024-08-04T17:29:45.001+0000] {dag.py:3947} INFO - Setting next_dagrun for welcome_dag to 2024-08-03 23:00:00+00:00, run_after=2024-08-04 23:00:00+00:00
[2024-08-04T17:29:45.245+0000] {processor.py:183} INFO - Processing /opt/airflow/dags/welcome_dag.py took 0.441 seconds
[2024-08-04T17:30:15.770+0000] {processor.py:161} INFO - Started process (PID=113) to work on /opt/airflow/dags/welcome_dag.py
[2024-08-04T17:30:15.773+0000] {processor.py:830} INFO - Processing file /opt/airflow/dags/welcome_dag.py for tasks to queue
[2024-08-04T17:30:15.778+0000] {logging_mixin.py:188} INFO - [2024-08-04T17:30:15.777+0000] {dagbag.py:545} INFO - Filling up the DagBag from /opt/airflow/dags/welcome_dag.py
[2024-08-04T17:30:15.854+0000] {processor.py:840} INFO - DAG(s) 'welcome_dag' retrieved from /opt/airflow/dags/welcome_dag.py
[2024-08-04T17:30:15.944+0000] {logging_mixin.py:188} INFO - [2024-08-04T17:30:15.944+0000] {dag.py:3089} INFO - Sync 1 DAGs
[2024-08-04T17:30:16.012+0000] {logging_mixin.py:188} INFO - [2024-08-04T17:30:16.011+0000] {dag.py:3947} INFO - Setting next_dagrun for welcome_dag to 2024-08-03 23:00:00+00:00, run_after=2024-08-04 23:00:00+00:00
[2024-08-04T17:30:16.250+0000] {processor.py:183} INFO - Processing /opt/airflow/dags/welcome_dag.py took 0.493 seconds
[2024-08-04T17:30:46.805+0000] {processor.py:161} INFO - Started process (PID=114) to work on /opt/airflow/dags/welcome_dag.py
[2024-08-04T17:30:46.807+0000] {processor.py:830} INFO - Processing file /opt/airflow/dags/welcome_dag.py for tasks to queue
[2024-08-04T17:30:46.811+0000] {logging_mixin.py:188} INFO - [2024-08-04T17:30:46.810+0000] {dagbag.py:545} INFO - Filling up the DagBag from /opt/airflow/dags/welcome_dag.py
[2024-08-04T17:30:46.875+0000] {processor.py:840} INFO - DAG(s) 'welcome_dag' retrieved from /opt/airflow/dags/welcome_dag.py
[2024-08-04T17:30:47.128+0000] {logging_mixin.py:188} INFO - [2024-08-04T17:30:47.127+0000] {dag.py:3089} INFO - Sync 1 DAGs
[2024-08-04T17:30:47.186+0000] {logging_mixin.py:188} INFO - [2024-08-04T17:30:47.186+0000] {dag.py:3947} INFO - Setting next_dagrun for welcome_dag to 2024-08-03 23:00:00+00:00, run_after=2024-08-04 23:00:00+00:00
[2024-08-04T17:30:47.407+0000] {processor.py:183} INFO - Processing /opt/airflow/dags/welcome_dag.py took 0.622 seconds
[2024-08-04T17:31:17.842+0000] {processor.py:161} INFO - Started process (PID=115) to work on /opt/airflow/dags/welcome_dag.py
[2024-08-04T17:31:17.844+0000] {processor.py:830} INFO - Processing file /opt/airflow/dags/welcome_dag.py for tasks to queue
[2024-08-04T17:31:17.849+0000] {logging_mixin.py:188} INFO - [2024-08-04T17:31:17.848+0000] {dagbag.py:545} INFO - Filling up the DagBag from /opt/airflow/dags/welcome_dag.py
[2024-08-04T17:31:17.922+0000] {processor.py:840} INFO - DAG(s) 'welcome_dag' retrieved from /opt/airflow/dags/welcome_dag.py
[2024-08-04T17:31:18.012+0000] {logging_mixin.py:188} INFO - [2024-08-04T17:31:18.012+0000] {dag.py:3089} INFO - Sync 1 DAGs
[2024-08-04T17:31:18.076+0000] {logging_mixin.py:188} INFO - [2024-08-04T17:31:18.076+0000] {dag.py:3947} INFO - Setting next_dagrun for welcome_dag to 2024-08-03 23:00:00+00:00, run_after=2024-08-04 23:00:00+00:00
[2024-08-04T17:31:19.395+0000] {processor.py:183} INFO - Processing /opt/airflow/dags/welcome_dag.py took 1.567 seconds
[2024-08-04T17:31:50.104+0000] {processor.py:161} INFO - Started process (PID=116) to work on /opt/airflow/dags/welcome_dag.py
[2024-08-04T17:31:50.107+0000] {processor.py:830} INFO - Processing file /opt/airflow/dags/welcome_dag.py for tasks to queue
[2024-08-04T17:31:50.112+0000] {logging_mixin.py:188} INFO - [2024-08-04T17:31:50.111+0000] {dagbag.py:545} INFO - Filling up the DagBag from /opt/airflow/dags/welcome_dag.py
[2024-08-04T17:31:50.171+0000] {processor.py:840} INFO - DAG(s) 'welcome_dag' retrieved from /opt/airflow/dags/welcome_dag.py
[2024-08-04T17:31:50.240+0000] {logging_mixin.py:188} INFO - [2024-08-04T17:31:50.240+0000] {dag.py:3089} INFO - Sync 1 DAGs
[2024-08-04T17:31:50.298+0000] {logging_mixin.py:188} INFO - [2024-08-04T17:31:50.297+0000] {dag.py:3947} INFO - Setting next_dagrun for welcome_dag to 2024-08-03 23:00:00+00:00, run_after=2024-08-04 23:00:00+00:00
[2024-08-04T17:31:50.619+0000] {processor.py:183} INFO - Processing /opt/airflow/dags/welcome_dag.py took 0.527 seconds
[2024-08-04T17:32:21.166+0000] {processor.py:161} INFO - Started process (PID=117) to work on /opt/airflow/dags/welcome_dag.py
[2024-08-04T17:32:21.168+0000] {processor.py:830} INFO - Processing file /opt/airflow/dags/welcome_dag.py for tasks to queue
[2024-08-04T17:32:21.172+0000] {logging_mixin.py:188} INFO - [2024-08-04T17:32:21.171+0000] {dagbag.py:545} INFO - Filling up the DagBag from /opt/airflow/dags/welcome_dag.py
[2024-08-04T17:32:21.245+0000] {processor.py:840} INFO - DAG(s) 'welcome_dag' retrieved from /opt/airflow/dags/welcome_dag.py
[2024-08-04T17:32:21.316+0000] {logging_mixin.py:188} INFO - [2024-08-04T17:32:21.316+0000] {dag.py:3089} INFO - Sync 1 DAGs
[2024-08-04T17:32:21.379+0000] {logging_mixin.py:188} INFO - [2024-08-04T17:32:21.378+0000] {dag.py:3947} INFO - Setting next_dagrun for welcome_dag to 2024-08-03 23:00:00+00:00, run_after=2024-08-04 23:00:00+00:00
[2024-08-04T17:32:21.717+0000] {processor.py:183} INFO - Processing /opt/airflow/dags/welcome_dag.py took 0.565 seconds
[2024-08-04T17:32:52.098+0000] {processor.py:161} INFO - Started process (PID=118) to work on /opt/airflow/dags/welcome_dag.py
[2024-08-04T17:32:52.101+0000] {processor.py:830} INFO - Processing file /opt/airflow/dags/welcome_dag.py for tasks to queue
[2024-08-04T17:32:52.105+0000] {logging_mixin.py:188} INFO - [2024-08-04T17:32:52.104+0000] {dagbag.py:545} INFO - Filling up the DagBag from /opt/airflow/dags/welcome_dag.py
[2024-08-04T17:32:52.177+0000] {processor.py:840} INFO - DAG(s) 'welcome_dag' retrieved from /opt/airflow/dags/welcome_dag.py
[2024-08-04T17:32:52.255+0000] {logging_mixin.py:188} INFO - [2024-08-04T17:32:52.255+0000] {dag.py:3089} INFO - Sync 1 DAGs
[2024-08-04T17:32:52.317+0000] {logging_mixin.py:188} INFO - [2024-08-04T17:32:52.317+0000] {dag.py:3947} INFO - Setting next_dagrun for welcome_dag to 2024-08-03 23:00:00+00:00, run_after=2024-08-04 23:00:00+00:00
[2024-08-04T17:32:52.552+0000] {processor.py:183} INFO - Processing /opt/airflow/dags/welcome_dag.py took 0.464 seconds
[2024-08-04T17:33:23.253+0000] {processor.py:161} INFO - Started process (PID=119) to work on /opt/airflow/dags/welcome_dag.py
[2024-08-04T17:33:23.255+0000] {processor.py:830} INFO - Processing file /opt/airflow/dags/welcome_dag.py for tasks to queue
[2024-08-04T17:33:23.266+0000] {logging_mixin.py:188} INFO - [2024-08-04T17:33:23.264+0000] {dagbag.py:545} INFO - Filling up the DagBag from /opt/airflow/dags/welcome_dag.py
[2024-08-04T17:33:23.347+0000] {processor.py:840} INFO - DAG(s) 'welcome_dag' retrieved from /opt/airflow/dags/welcome_dag.py
[2024-08-04T17:33:23.479+0000] {logging_mixin.py:188} INFO - [2024-08-04T17:33:23.479+0000] {dag.py:3089} INFO - Sync 1 DAGs
[2024-08-04T17:33:23.588+0000] {logging_mixin.py:188} INFO - [2024-08-04T17:33:23.587+0000] {dag.py:3947} INFO - Setting next_dagrun for welcome_dag to 2024-08-03 23:00:00+00:00, run_after=2024-08-04 23:00:00+00:00
[2024-08-04T17:33:24.893+0000] {processor.py:183} INFO - Processing /opt/airflow/dags/welcome_dag.py took 1.671 seconds
[2024-08-04T17:33:56.006+0000] {processor.py:161} INFO - Started process (PID=120) to work on /opt/airflow/dags/welcome_dag.py
[2024-08-04T17:33:56.008+0000] {processor.py:830} INFO - Processing file /opt/airflow/dags/welcome_dag.py for tasks to queue
[2024-08-04T17:33:56.011+0000] {logging_mixin.py:188} INFO - [2024-08-04T17:33:56.011+0000] {dagbag.py:545} INFO - Filling up the DagBag from /opt/airflow/dags/welcome_dag.py
[2024-08-04T17:33:56.066+0000] {processor.py:840} INFO - DAG(s) 'welcome_dag' retrieved from /opt/airflow/dags/welcome_dag.py
[2024-08-04T17:33:56.133+0000] {logging_mixin.py:188} INFO - [2024-08-04T17:33:56.132+0000] {dag.py:3089} INFO - Sync 1 DAGs
[2024-08-04T17:33:56.196+0000] {logging_mixin.py:188} INFO - [2024-08-04T17:33:56.195+0000] {dag.py:3947} INFO - Setting next_dagrun for welcome_dag to 2024-08-03 23:00:00+00:00, run_after=2024-08-04 23:00:00+00:00
[2024-08-04T17:33:56.549+0000] {processor.py:183} INFO - Processing /opt/airflow/dags/welcome_dag.py took 0.556 seconds
[2024-08-04T17:34:28.210+0000] {processor.py:161} INFO - Started process (PID=121) to work on /opt/airflow/dags/welcome_dag.py
[2024-08-04T17:34:28.212+0000] {processor.py:830} INFO - Processing file /opt/airflow/dags/welcome_dag.py for tasks to queue
[2024-08-04T17:34:28.216+0000] {logging_mixin.py:188} INFO - [2024-08-04T17:34:28.216+0000] {dagbag.py:545} INFO - Filling up the DagBag from /opt/airflow/dags/welcome_dag.py
[2024-08-04T17:34:28.270+0000] {processor.py:840} INFO - DAG(s) 'welcome_dag' retrieved from /opt/airflow/dags/welcome_dag.py
[2024-08-04T17:34:28.342+0000] {logging_mixin.py:188} INFO - [2024-08-04T17:34:28.341+0000] {dag.py:3089} INFO - Sync 1 DAGs
[2024-08-04T17:34:28.395+0000] {logging_mixin.py:188} INFO - [2024-08-04T17:34:28.395+0000] {dag.py:3947} INFO - Setting next_dagrun for welcome_dag to 2024-08-03 23:00:00+00:00, run_after=2024-08-04 23:00:00+00:00
[2024-08-04T17:34:28.709+0000] {processor.py:183} INFO - Processing /opt/airflow/dags/welcome_dag.py took 0.509 seconds
[2024-08-04T17:34:58.956+0000] {processor.py:161} INFO - Started process (PID=122) to work on /opt/airflow/dags/welcome_dag.py
[2024-08-04T17:34:58.958+0000] {processor.py:830} INFO - Processing file /opt/airflow/dags/welcome_dag.py for tasks to queue
[2024-08-04T17:34:58.963+0000] {logging_mixin.py:188} INFO - [2024-08-04T17:34:58.962+0000] {dagbag.py:545} INFO - Filling up the DagBag from /opt/airflow/dags/welcome_dag.py
[2024-08-04T17:34:59.029+0000] {processor.py:840} INFO - DAG(s) 'welcome_dag' retrieved from /opt/airflow/dags/welcome_dag.py
[2024-08-04T17:34:59.275+0000] {logging_mixin.py:188} INFO - [2024-08-04T17:34:59.275+0000] {dag.py:3089} INFO - Sync 1 DAGs
[2024-08-04T17:34:59.336+0000] {logging_mixin.py:188} INFO - [2024-08-04T17:34:59.335+0000] {dag.py:3947} INFO - Setting next_dagrun for welcome_dag to 2024-08-03 23:00:00+00:00, run_after=2024-08-04 23:00:00+00:00
[2024-08-04T17:34:59.562+0000] {processor.py:183} INFO - Processing /opt/airflow/dags/welcome_dag.py took 0.618 seconds
[2024-08-04T17:35:30.372+0000] {processor.py:161} INFO - Started process (PID=123) to work on /opt/airflow/dags/welcome_dag.py
[2024-08-04T17:35:30.374+0000] {processor.py:830} INFO - Processing file /opt/airflow/dags/welcome_dag.py for tasks to queue
[2024-08-04T17:35:30.378+0000] {logging_mixin.py:188} INFO - [2024-08-04T17:35:30.377+0000] {dagbag.py:545} INFO - Filling up the DagBag from /opt/airflow/dags/welcome_dag.py
[2024-08-04T17:35:30.435+0000] {processor.py:840} INFO - DAG(s) 'welcome_dag' retrieved from /opt/airflow/dags/welcome_dag.py
[2024-08-04T17:35:30.502+0000] {logging_mixin.py:188} INFO - [2024-08-04T17:35:30.501+0000] {dag.py:3089} INFO - Sync 1 DAGs
[2024-08-04T17:35:30.555+0000] {logging_mixin.py:188} INFO - [2024-08-04T17:35:30.555+0000] {dag.py:3947} INFO - Setting next_dagrun for welcome_dag to 2024-08-03 23:00:00+00:00, run_after=2024-08-04 23:00:00+00:00
[2024-08-04T17:35:30.848+0000] {processor.py:183} INFO - Processing /opt/airflow/dags/welcome_dag.py took 0.488 seconds
[2024-08-04T17:36:01.999+0000] {processor.py:161} INFO - Started process (PID=124) to work on /opt/airflow/dags/welcome_dag.py
[2024-08-04T17:36:02.001+0000] {processor.py:830} INFO - Processing file /opt/airflow/dags/welcome_dag.py for tasks to queue
[2024-08-04T17:36:02.005+0000] {logging_mixin.py:188} INFO - [2024-08-04T17:36:02.004+0000] {dagbag.py:545} INFO - Filling up the DagBag from /opt/airflow/dags/welcome_dag.py
[2024-08-04T17:36:02.059+0000] {processor.py:840} INFO - DAG(s) 'welcome_dag' retrieved from /opt/airflow/dags/welcome_dag.py
[2024-08-04T17:36:02.127+0000] {logging_mixin.py:188} INFO - [2024-08-04T17:36:02.126+0000] {dag.py:3089} INFO - Sync 1 DAGs
[2024-08-04T17:36:02.183+0000] {logging_mixin.py:188} INFO - [2024-08-04T17:36:02.183+0000] {dag.py:3947} INFO - Setting next_dagrun for welcome_dag to 2024-08-03 23:00:00+00:00, run_after=2024-08-04 23:00:00+00:00
[2024-08-04T17:36:03.037+0000] {processor.py:183} INFO - Processing /opt/airflow/dags/welcome_dag.py took 1.050 seconds
[2024-08-04T17:36:33.262+0000] {processor.py:161} INFO - Started process (PID=125) to work on /opt/airflow/dags/welcome_dag.py
[2024-08-04T17:36:33.265+0000] {processor.py:830} INFO - Processing file /opt/airflow/dags/welcome_dag.py for tasks to queue
[2024-08-04T17:36:33.272+0000] {logging_mixin.py:188} INFO - [2024-08-04T17:36:33.271+0000] {dagbag.py:545} INFO - Filling up the DagBag from /opt/airflow/dags/welcome_dag.py
[2024-08-04T17:36:33.357+0000] {processor.py:840} INFO - DAG(s) 'welcome_dag' retrieved from /opt/airflow/dags/welcome_dag.py
[2024-08-04T17:36:33.431+0000] {logging_mixin.py:188} INFO - [2024-08-04T17:36:33.430+0000] {dag.py:3089} INFO - Sync 1 DAGs
[2024-08-04T17:36:33.486+0000] {logging_mixin.py:188} INFO - [2024-08-04T17:36:33.486+0000] {dag.py:3947} INFO - Setting next_dagrun for welcome_dag to 2024-08-03 23:00:00+00:00, run_after=2024-08-04 23:00:00+00:00
[2024-08-04T17:36:33.872+0000] {processor.py:183} INFO - Processing /opt/airflow/dags/welcome_dag.py took 0.623 seconds
[2024-08-04T17:37:04.862+0000] {processor.py:161} INFO - Started process (PID=126) to work on /opt/airflow/dags/welcome_dag.py
[2024-08-04T17:37:04.864+0000] {processor.py:830} INFO - Processing file /opt/airflow/dags/welcome_dag.py for tasks to queue
[2024-08-04T17:37:04.868+0000] {logging_mixin.py:188} INFO - [2024-08-04T17:37:04.867+0000] {dagbag.py:545} INFO - Filling up the DagBag from /opt/airflow/dags/welcome_dag.py
[2024-08-04T17:37:04.949+0000] {processor.py:840} INFO - DAG(s) 'welcome_dag' retrieved from /opt/airflow/dags/welcome_dag.py
[2024-08-04T17:37:05.047+0000] {logging_mixin.py:188} INFO - [2024-08-04T17:37:05.046+0000] {dag.py:3089} INFO - Sync 1 DAGs
[2024-08-04T17:37:05.115+0000] {logging_mixin.py:188} INFO - [2024-08-04T17:37:05.115+0000] {dag.py:3947} INFO - Setting next_dagrun for welcome_dag to 2024-08-03 23:00:00+00:00, run_after=2024-08-04 23:00:00+00:00
[2024-08-04T17:37:05.930+0000] {processor.py:183} INFO - Processing /opt/airflow/dags/welcome_dag.py took 1.094 seconds
[2024-08-04T17:37:36.560+0000] {processor.py:161} INFO - Started process (PID=127) to work on /opt/airflow/dags/welcome_dag.py
[2024-08-04T17:37:36.566+0000] {processor.py:830} INFO - Processing file /opt/airflow/dags/welcome_dag.py for tasks to queue
[2024-08-04T17:37:36.574+0000] {logging_mixin.py:188} INFO - [2024-08-04T17:37:36.573+0000] {dagbag.py:545} INFO - Filling up the DagBag from /opt/airflow/dags/welcome_dag.py
[2024-08-04T17:37:36.639+0000] {processor.py:840} INFO - DAG(s) 'welcome_dag' retrieved from /opt/airflow/dags/welcome_dag.py
[2024-08-04T17:37:36.744+0000] {logging_mixin.py:188} INFO - [2024-08-04T17:37:36.744+0000] {dag.py:3089} INFO - Sync 1 DAGs
[2024-08-04T17:37:36.812+0000] {logging_mixin.py:188} INFO - [2024-08-04T17:37:36.811+0000] {dag.py:3947} INFO - Setting next_dagrun for welcome_dag to 2024-08-03 23:00:00+00:00, run_after=2024-08-04 23:00:00+00:00
[2024-08-04T17:37:37.054+0000] {processor.py:183} INFO - Processing /opt/airflow/dags/welcome_dag.py took 0.508 seconds
[2024-08-04T17:38:07.524+0000] {processor.py:161} INFO - Started process (PID=128) to work on /opt/airflow/dags/welcome_dag.py
[2024-08-04T17:38:07.525+0000] {processor.py:830} INFO - Processing file /opt/airflow/dags/welcome_dag.py for tasks to queue
[2024-08-04T17:38:07.529+0000] {logging_mixin.py:188} INFO - [2024-08-04T17:38:07.528+0000] {dagbag.py:545} INFO - Filling up the DagBag from /opt/airflow/dags/welcome_dag.py
[2024-08-04T17:38:07.588+0000] {processor.py:840} INFO - DAG(s) 'welcome_dag' retrieved from /opt/airflow/dags/welcome_dag.py
[2024-08-04T17:38:07.653+0000] {logging_mixin.py:188} INFO - [2024-08-04T17:38:07.652+0000] {dag.py:3089} INFO - Sync 1 DAGs
[2024-08-04T17:38:07.708+0000] {logging_mixin.py:188} INFO - [2024-08-04T17:38:07.708+0000] {dag.py:3947} INFO - Setting next_dagrun for welcome_dag to 2024-08-03 23:00:00+00:00, run_after=2024-08-04 23:00:00+00:00
[2024-08-04T17:38:07.945+0000] {processor.py:183} INFO - Processing /opt/airflow/dags/welcome_dag.py took 0.431 seconds
[2024-08-04T17:38:38.386+0000] {processor.py:161} INFO - Started process (PID=129) to work on /opt/airflow/dags/welcome_dag.py
[2024-08-04T17:38:38.390+0000] {processor.py:830} INFO - Processing file /opt/airflow/dags/welcome_dag.py for tasks to queue
[2024-08-04T17:38:38.394+0000] {logging_mixin.py:188} INFO - [2024-08-04T17:38:38.394+0000] {dagbag.py:545} INFO - Filling up the DagBag from /opt/airflow/dags/welcome_dag.py
[2024-08-04T17:38:38.451+0000] {processor.py:840} INFO - DAG(s) 'welcome_dag' retrieved from /opt/airflow/dags/welcome_dag.py
[2024-08-04T17:38:38.519+0000] {logging_mixin.py:188} INFO - [2024-08-04T17:38:38.519+0000] {dag.py:3089} INFO - Sync 1 DAGs
[2024-08-04T17:38:38.659+0000] {logging_mixin.py:188} INFO - [2024-08-04T17:38:38.659+0000] {dag.py:3947} INFO - Setting next_dagrun for welcome_dag to 2024-08-03 23:00:00+00:00, run_after=2024-08-04 23:00:00+00:00
[2024-08-04T17:38:38.873+0000] {processor.py:183} INFO - Processing /opt/airflow/dags/welcome_dag.py took 0.497 seconds
[2024-08-04T17:39:09.533+0000] {processor.py:161} INFO - Started process (PID=130) to work on /opt/airflow/dags/welcome_dag.py
[2024-08-04T17:39:09.535+0000] {processor.py:830} INFO - Processing file /opt/airflow/dags/welcome_dag.py for tasks to queue
[2024-08-04T17:39:09.540+0000] {logging_mixin.py:188} INFO - [2024-08-04T17:39:09.539+0000] {dagbag.py:545} INFO - Filling up the DagBag from /opt/airflow/dags/welcome_dag.py
[2024-08-04T17:39:09.611+0000] {processor.py:840} INFO - DAG(s) 'welcome_dag' retrieved from /opt/airflow/dags/welcome_dag.py
[2024-08-04T17:39:09.678+0000] {logging_mixin.py:188} INFO - [2024-08-04T17:39:09.678+0000] {dag.py:3089} INFO - Sync 1 DAGs
[2024-08-04T17:39:09.736+0000] {logging_mixin.py:188} INFO - [2024-08-04T17:39:09.735+0000] {dag.py:3947} INFO - Setting next_dagrun for welcome_dag to 2024-08-03 23:00:00+00:00, run_after=2024-08-04 23:00:00+00:00
[2024-08-04T17:39:10.453+0000] {processor.py:183} INFO - Processing /opt/airflow/dags/welcome_dag.py took 0.931 seconds
[2024-08-04T17:39:41.048+0000] {processor.py:161} INFO - Started process (PID=131) to work on /opt/airflow/dags/welcome_dag.py
[2024-08-04T17:39:41.052+0000] {processor.py:830} INFO - Processing file /opt/airflow/dags/welcome_dag.py for tasks to queue
[2024-08-04T17:39:41.058+0000] {logging_mixin.py:188} INFO - [2024-08-04T17:39:41.055+0000] {dagbag.py:545} INFO - Filling up the DagBag from /opt/airflow/dags/welcome_dag.py
[2024-08-04T17:39:41.127+0000] {processor.py:840} INFO - DAG(s) 'welcome_dag' retrieved from /opt/airflow/dags/welcome_dag.py
[2024-08-04T17:39:41.208+0000] {logging_mixin.py:188} INFO - [2024-08-04T17:39:41.207+0000] {dag.py:3089} INFO - Sync 1 DAGs
[2024-08-04T17:39:41.281+0000] {logging_mixin.py:188} INFO - [2024-08-04T17:39:41.280+0000] {dag.py:3947} INFO - Setting next_dagrun for welcome_dag to 2024-08-03 23:00:00+00:00, run_after=2024-08-04 23:00:00+00:00
[2024-08-04T17:39:42.356+0000] {processor.py:183} INFO - Processing /opt/airflow/dags/welcome_dag.py took 1.333 seconds
[2024-08-04T17:40:12.753+0000] {processor.py:161} INFO - Started process (PID=132) to work on /opt/airflow/dags/welcome_dag.py
[2024-08-04T17:40:12.756+0000] {processor.py:830} INFO - Processing file /opt/airflow/dags/welcome_dag.py for tasks to queue
[2024-08-04T17:40:12.761+0000] {logging_mixin.py:188} INFO - [2024-08-04T17:40:12.760+0000] {dagbag.py:545} INFO - Filling up the DagBag from /opt/airflow/dags/welcome_dag.py
[2024-08-04T17:40:12.819+0000] {processor.py:840} INFO - DAG(s) 'welcome_dag' retrieved from /opt/airflow/dags/welcome_dag.py
[2024-08-04T17:40:12.890+0000] {logging_mixin.py:188} INFO - [2024-08-04T17:40:12.890+0000] {dag.py:3089} INFO - Sync 1 DAGs
[2024-08-04T17:40:12.952+0000] {logging_mixin.py:188} INFO - [2024-08-04T17:40:12.951+0000] {dag.py:3947} INFO - Setting next_dagrun for welcome_dag to 2024-08-03 23:00:00+00:00, run_after=2024-08-04 23:00:00+00:00
[2024-08-04T17:40:13.171+0000] {processor.py:183} INFO - Processing /opt/airflow/dags/welcome_dag.py took 0.433 seconds
[2024-08-04T17:40:43.524+0000] {processor.py:161} INFO - Started process (PID=133) to work on /opt/airflow/dags/welcome_dag.py
[2024-08-04T17:40:43.526+0000] {processor.py:830} INFO - Processing file /opt/airflow/dags/welcome_dag.py for tasks to queue
[2024-08-04T17:40:43.533+0000] {logging_mixin.py:188} INFO - [2024-08-04T17:40:43.531+0000] {dagbag.py:545} INFO - Filling up the DagBag from /opt/airflow/dags/welcome_dag.py
[2024-08-04T17:40:43.596+0000] {processor.py:840} INFO - DAG(s) 'welcome_dag' retrieved from /opt/airflow/dags/welcome_dag.py
[2024-08-04T17:40:43.675+0000] {logging_mixin.py:188} INFO - [2024-08-04T17:40:43.674+0000] {dag.py:3089} INFO - Sync 1 DAGs
[2024-08-04T17:40:43.743+0000] {logging_mixin.py:188} INFO - [2024-08-04T17:40:43.742+0000] {dag.py:3947} INFO - Setting next_dagrun for welcome_dag to 2024-08-03 23:00:00+00:00, run_after=2024-08-04 23:00:00+00:00
[2024-08-04T17:40:43.984+0000] {processor.py:183} INFO - Processing /opt/airflow/dags/welcome_dag.py took 0.473 seconds
[2024-08-04T17:41:14.690+0000] {processor.py:161} INFO - Started process (PID=134) to work on /opt/airflow/dags/welcome_dag.py
[2024-08-04T17:41:14.692+0000] {processor.py:830} INFO - Processing file /opt/airflow/dags/welcome_dag.py for tasks to queue
[2024-08-04T17:41:14.696+0000] {logging_mixin.py:188} INFO - [2024-08-04T17:41:14.695+0000] {dagbag.py:545} INFO - Filling up the DagBag from /opt/airflow/dags/welcome_dag.py
[2024-08-04T17:41:14.760+0000] {processor.py:840} INFO - DAG(s) 'welcome_dag' retrieved from /opt/airflow/dags/welcome_dag.py
[2024-08-04T17:41:14.830+0000] {logging_mixin.py:188} INFO - [2024-08-04T17:41:14.829+0000] {dag.py:3089} INFO - Sync 1 DAGs
[2024-08-04T17:41:14.885+0000] {logging_mixin.py:188} INFO - [2024-08-04T17:41:14.885+0000] {dag.py:3947} INFO - Setting next_dagrun for welcome_dag to 2024-08-03 23:00:00+00:00, run_after=2024-08-04 23:00:00+00:00
[2024-08-04T17:41:15.253+0000] {processor.py:183} INFO - Processing /opt/airflow/dags/welcome_dag.py took 0.574 seconds
[2024-08-04T17:41:45.724+0000] {processor.py:161} INFO - Started process (PID=135) to work on /opt/airflow/dags/welcome_dag.py
[2024-08-04T17:41:45.726+0000] {processor.py:830} INFO - Processing file /opt/airflow/dags/welcome_dag.py for tasks to queue
[2024-08-04T17:41:45.730+0000] {logging_mixin.py:188} INFO - [2024-08-04T17:41:45.729+0000] {dagbag.py:545} INFO - Filling up the DagBag from /opt/airflow/dags/welcome_dag.py
[2024-08-04T17:41:45.797+0000] {processor.py:840} INFO - DAG(s) 'welcome_dag' retrieved from /opt/airflow/dags/welcome_dag.py
[2024-08-04T17:41:45.864+0000] {logging_mixin.py:188} INFO - [2024-08-04T17:41:45.863+0000] {dag.py:3089} INFO - Sync 1 DAGs
[2024-08-04T17:41:45.921+0000] {logging_mixin.py:188} INFO - [2024-08-04T17:41:45.920+0000] {dag.py:3947} INFO - Setting next_dagrun for welcome_dag to 2024-08-03 23:00:00+00:00, run_after=2024-08-04 23:00:00+00:00
[2024-08-04T17:41:46.193+0000] {processor.py:183} INFO - Processing /opt/airflow/dags/welcome_dag.py took 0.479 seconds
[2024-08-04T17:42:16.746+0000] {processor.py:161} INFO - Started process (PID=136) to work on /opt/airflow/dags/welcome_dag.py
[2024-08-04T17:42:16.748+0000] {processor.py:830} INFO - Processing file /opt/airflow/dags/welcome_dag.py for tasks to queue
[2024-08-04T17:42:16.751+0000] {logging_mixin.py:188} INFO - [2024-08-04T17:42:16.751+0000] {dagbag.py:545} INFO - Filling up the DagBag from /opt/airflow/dags/welcome_dag.py
[2024-08-04T17:42:16.813+0000] {processor.py:840} INFO - DAG(s) 'welcome_dag' retrieved from /opt/airflow/dags/welcome_dag.py
[2024-08-04T17:42:16.880+0000] {logging_mixin.py:188} INFO - [2024-08-04T17:42:16.880+0000] {dag.py:3089} INFO - Sync 1 DAGs
[2024-08-04T17:42:16.933+0000] {logging_mixin.py:188} INFO - [2024-08-04T17:42:16.932+0000] {dag.py:3947} INFO - Setting next_dagrun for welcome_dag to 2024-08-03 23:00:00+00:00, run_after=2024-08-04 23:00:00+00:00
[2024-08-04T17:42:17.159+0000] {processor.py:183} INFO - Processing /opt/airflow/dags/welcome_dag.py took 0.425 seconds
[2024-08-04T17:42:47.641+0000] {processor.py:161} INFO - Started process (PID=137) to work on /opt/airflow/dags/welcome_dag.py
[2024-08-04T17:42:47.643+0000] {processor.py:830} INFO - Processing file /opt/airflow/dags/welcome_dag.py for tasks to queue
[2024-08-04T17:42:47.649+0000] {logging_mixin.py:188} INFO - [2024-08-04T17:42:47.648+0000] {dagbag.py:545} INFO - Filling up the DagBag from /opt/airflow/dags/welcome_dag.py
[2024-08-04T17:42:47.701+0000] {processor.py:840} INFO - DAG(s) 'welcome_dag' retrieved from /opt/airflow/dags/welcome_dag.py
[2024-08-04T17:42:47.801+0000] {logging_mixin.py:188} INFO - [2024-08-04T17:42:47.801+0000] {dag.py:3089} INFO - Sync 1 DAGs
[2024-08-04T17:42:47.877+0000] {logging_mixin.py:188} INFO - [2024-08-04T17:42:47.877+0000] {dag.py:3947} INFO - Setting next_dagrun for welcome_dag to 2024-08-03 23:00:00+00:00, run_after=2024-08-04 23:00:00+00:00
[2024-08-04T17:42:48.150+0000] {processor.py:183} INFO - Processing /opt/airflow/dags/welcome_dag.py took 0.526 seconds
[2024-08-04T17:43:18.797+0000] {processor.py:161} INFO - Started process (PID=138) to work on /opt/airflow/dags/welcome_dag.py
[2024-08-04T17:43:18.810+0000] {processor.py:830} INFO - Processing file /opt/airflow/dags/welcome_dag.py for tasks to queue
[2024-08-04T17:43:18.818+0000] {logging_mixin.py:188} INFO - [2024-08-04T17:43:18.816+0000] {dagbag.py:545} INFO - Filling up the DagBag from /opt/airflow/dags/welcome_dag.py
[2024-08-04T17:43:18.882+0000] {processor.py:840} INFO - DAG(s) 'welcome_dag' retrieved from /opt/airflow/dags/welcome_dag.py
[2024-08-04T17:43:18.957+0000] {logging_mixin.py:188} INFO - [2024-08-04T17:43:18.957+0000] {dag.py:3089} INFO - Sync 1 DAGs
[2024-08-04T17:43:19.078+0000] {logging_mixin.py:188} INFO - [2024-08-04T17:43:19.078+0000] {dag.py:3947} INFO - Setting next_dagrun for welcome_dag to 2024-08-03 23:00:00+00:00, run_after=2024-08-04 23:00:00+00:00
[2024-08-04T17:43:19.361+0000] {processor.py:183} INFO - Processing /opt/airflow/dags/welcome_dag.py took 0.574 seconds
[2024-08-04T19:45:00.962+0000] {processor.py:161} INFO - Started process (PID=63) to work on /opt/airflow/dags/welcome_dag.py
[2024-08-04T19:45:00.967+0000] {processor.py:830} INFO - Processing file /opt/airflow/dags/welcome_dag.py for tasks to queue
[2024-08-04T19:45:00.972+0000] {logging_mixin.py:188} INFO - [2024-08-04T19:45:00.972+0000] {dagbag.py:545} INFO - Filling up the DagBag from /opt/airflow/dags/welcome_dag.py
[2024-08-04T19:45:01.052+0000] {processor.py:840} INFO - DAG(s) 'welcome_dag' retrieved from /opt/airflow/dags/welcome_dag.py
[2024-08-04T19:45:01.093+0000] {logging_mixin.py:188} INFO - [2024-08-04T19:45:01.093+0000] {dag.py:3089} INFO - Sync 1 DAGs
[2024-08-04T19:45:01.157+0000] {logging_mixin.py:188} INFO - [2024-08-04T19:45:01.157+0000] {dag.py:3947} INFO - Setting next_dagrun for welcome_dag to 2024-08-03 23:00:00+00:00, run_after=2024-08-04 23:00:00+00:00
[2024-08-04T19:45:01.363+0000] {processor.py:183} INFO - Processing /opt/airflow/dags/welcome_dag.py took 0.411 seconds
[2024-08-04T19:45:47.400+0000] {processor.py:161} INFO - Started process (PID=63) to work on /opt/airflow/dags/welcome_dag.py
[2024-08-04T19:45:47.402+0000] {processor.py:830} INFO - Processing file /opt/airflow/dags/welcome_dag.py for tasks to queue
[2024-08-04T19:45:47.406+0000] {logging_mixin.py:188} INFO - [2024-08-04T19:45:47.405+0000] {dagbag.py:545} INFO - Filling up the DagBag from /opt/airflow/dags/welcome_dag.py
[2024-08-04T19:45:47.461+0000] {processor.py:840} INFO - DAG(s) 'welcome_dag' retrieved from /opt/airflow/dags/welcome_dag.py
[2024-08-04T19:45:47.489+0000] {logging_mixin.py:188} INFO - [2024-08-04T19:45:47.489+0000] {dag.py:3089} INFO - Sync 1 DAGs
[2024-08-04T19:45:47.542+0000] {logging_mixin.py:188} INFO - [2024-08-04T19:45:47.542+0000] {dag.py:3947} INFO - Setting next_dagrun for welcome_dag to 2024-08-03 23:00:00+00:00, run_after=2024-08-04 23:00:00+00:00
[2024-08-04T19:45:47.777+0000] {processor.py:183} INFO - Processing /opt/airflow/dags/welcome_dag.py took 0.387 seconds
[2024-08-04T19:46:18.245+0000] {processor.py:161} INFO - Started process (PID=83) to work on /opt/airflow/dags/welcome_dag.py
[2024-08-04T19:46:18.247+0000] {processor.py:830} INFO - Processing file /opt/airflow/dags/welcome_dag.py for tasks to queue
[2024-08-04T19:46:18.254+0000] {logging_mixin.py:188} INFO - [2024-08-04T19:46:18.253+0000] {dagbag.py:545} INFO - Filling up the DagBag from /opt/airflow/dags/welcome_dag.py
[2024-08-04T19:46:18.306+0000] {processor.py:840} INFO - DAG(s) 'welcome_dag' retrieved from /opt/airflow/dags/welcome_dag.py
[2024-08-04T19:46:18.604+0000] {logging_mixin.py:188} INFO - [2024-08-04T19:46:18.604+0000] {dag.py:3089} INFO - Sync 1 DAGs
[2024-08-04T19:46:18.678+0000] {logging_mixin.py:188} INFO - [2024-08-04T19:46:18.678+0000] {dag.py:3947} INFO - Setting next_dagrun for welcome_dag to 2024-08-03 23:00:00+00:00, run_after=2024-08-04 23:00:00+00:00
[2024-08-04T19:46:18.890+0000] {processor.py:183} INFO - Processing /opt/airflow/dags/welcome_dag.py took 0.656 seconds
[2024-08-04T19:46:49.758+0000] {processor.py:161} INFO - Started process (PID=88) to work on /opt/airflow/dags/welcome_dag.py
[2024-08-04T19:46:49.760+0000] {processor.py:830} INFO - Processing file /opt/airflow/dags/welcome_dag.py for tasks to queue
[2024-08-04T19:46:49.765+0000] {logging_mixin.py:188} INFO - [2024-08-04T19:46:49.764+0000] {dagbag.py:545} INFO - Filling up the DagBag from /opt/airflow/dags/welcome_dag.py
[2024-08-04T19:46:49.824+0000] {processor.py:840} INFO - DAG(s) 'welcome_dag' retrieved from /opt/airflow/dags/welcome_dag.py
[2024-08-04T19:46:49.891+0000] {logging_mixin.py:188} INFO - [2024-08-04T19:46:49.890+0000] {dag.py:3089} INFO - Sync 1 DAGs
[2024-08-04T19:46:49.948+0000] {logging_mixin.py:188} INFO - [2024-08-04T19:46:49.948+0000] {dag.py:3947} INFO - Setting next_dagrun for welcome_dag to 2024-08-03 23:00:00+00:00, run_after=2024-08-04 23:00:00+00:00
[2024-08-04T19:46:50.166+0000] {processor.py:183} INFO - Processing /opt/airflow/dags/welcome_dag.py took 0.420 seconds
[2024-08-04T19:47:20.296+0000] {processor.py:161} INFO - Started process (PID=89) to work on /opt/airflow/dags/welcome_dag.py
[2024-08-04T19:47:20.298+0000] {processor.py:830} INFO - Processing file /opt/airflow/dags/welcome_dag.py for tasks to queue
[2024-08-04T19:47:20.302+0000] {logging_mixin.py:188} INFO - [2024-08-04T19:47:20.301+0000] {dagbag.py:545} INFO - Filling up the DagBag from /opt/airflow/dags/welcome_dag.py
[2024-08-04T19:47:20.357+0000] {processor.py:840} INFO - DAG(s) 'welcome_dag' retrieved from /opt/airflow/dags/welcome_dag.py
[2024-08-04T19:47:20.421+0000] {logging_mixin.py:188} INFO - [2024-08-04T19:47:20.420+0000] {dag.py:3089} INFO - Sync 1 DAGs
[2024-08-04T19:47:20.473+0000] {logging_mixin.py:188} INFO - [2024-08-04T19:47:20.472+0000] {dag.py:3947} INFO - Setting next_dagrun for welcome_dag to 2024-08-03 23:00:00+00:00, run_after=2024-08-04 23:00:00+00:00
[2024-08-04T19:47:20.772+0000] {processor.py:183} INFO - Processing /opt/airflow/dags/welcome_dag.py took 0.485 seconds
[2024-08-04T19:47:51.174+0000] {processor.py:161} INFO - Started process (PID=90) to work on /opt/airflow/dags/welcome_dag.py
[2024-08-04T19:47:51.176+0000] {processor.py:830} INFO - Processing file /opt/airflow/dags/welcome_dag.py for tasks to queue
[2024-08-04T19:47:51.180+0000] {logging_mixin.py:188} INFO - [2024-08-04T19:47:51.179+0000] {dagbag.py:545} INFO - Filling up the DagBag from /opt/airflow/dags/welcome_dag.py
[2024-08-04T19:47:51.240+0000] {processor.py:840} INFO - DAG(s) 'welcome_dag' retrieved from /opt/airflow/dags/welcome_dag.py
[2024-08-04T19:47:51.303+0000] {logging_mixin.py:188} INFO - [2024-08-04T19:47:51.303+0000] {dag.py:3089} INFO - Sync 1 DAGs
[2024-08-04T19:47:51.356+0000] {logging_mixin.py:188} INFO - [2024-08-04T19:47:51.356+0000] {dag.py:3947} INFO - Setting next_dagrun for welcome_dag to 2024-08-03 23:00:00+00:00, run_after=2024-08-04 23:00:00+00:00
[2024-08-04T19:47:51.570+0000] {processor.py:183} INFO - Processing /opt/airflow/dags/welcome_dag.py took 0.408 seconds
[2024-08-04T19:48:22.993+0000] {processor.py:161} INFO - Started process (PID=91) to work on /opt/airflow/dags/welcome_dag.py
[2024-08-04T19:48:22.995+0000] {processor.py:830} INFO - Processing file /opt/airflow/dags/welcome_dag.py for tasks to queue
[2024-08-04T19:48:22.999+0000] {logging_mixin.py:188} INFO - [2024-08-04T19:48:22.998+0000] {dagbag.py:545} INFO - Filling up the DagBag from /opt/airflow/dags/welcome_dag.py
[2024-08-04T19:48:23.057+0000] {processor.py:840} INFO - DAG(s) 'welcome_dag' retrieved from /opt/airflow/dags/welcome_dag.py
[2024-08-04T19:48:23.121+0000] {logging_mixin.py:188} INFO - [2024-08-04T19:48:23.121+0000] {dag.py:3089} INFO - Sync 1 DAGs
[2024-08-04T19:48:23.177+0000] {logging_mixin.py:188} INFO - [2024-08-04T19:48:23.176+0000] {dag.py:3947} INFO - Setting next_dagrun for welcome_dag to 2024-08-03 23:00:00+00:00, run_after=2024-08-04 23:00:00+00:00
[2024-08-04T19:48:23.583+0000] {processor.py:183} INFO - Processing /opt/airflow/dags/welcome_dag.py took 0.601 seconds
[2024-08-04T19:48:54.032+0000] {processor.py:161} INFO - Started process (PID=92) to work on /opt/airflow/dags/welcome_dag.py
[2024-08-04T19:48:54.034+0000] {processor.py:830} INFO - Processing file /opt/airflow/dags/welcome_dag.py for tasks to queue
[2024-08-04T19:48:54.037+0000] {logging_mixin.py:188} INFO - [2024-08-04T19:48:54.037+0000] {dagbag.py:545} INFO - Filling up the DagBag from /opt/airflow/dags/welcome_dag.py
[2024-08-04T19:48:54.097+0000] {processor.py:840} INFO - DAG(s) 'welcome_dag' retrieved from /opt/airflow/dags/welcome_dag.py
[2024-08-04T19:48:54.163+0000] {logging_mixin.py:188} INFO - [2024-08-04T19:48:54.162+0000] {dag.py:3089} INFO - Sync 1 DAGs
[2024-08-04T19:48:54.220+0000] {logging_mixin.py:188} INFO - [2024-08-04T19:48:54.219+0000] {dag.py:3947} INFO - Setting next_dagrun for welcome_dag to 2024-08-03 23:00:00+00:00, run_after=2024-08-04 23:00:00+00:00
[2024-08-04T19:48:54.534+0000] {processor.py:183} INFO - Processing /opt/airflow/dags/welcome_dag.py took 0.512 seconds
[2024-08-04T19:49:25.224+0000] {processor.py:161} INFO - Started process (PID=93) to work on /opt/airflow/dags/welcome_dag.py
[2024-08-04T19:49:25.226+0000] {processor.py:830} INFO - Processing file /opt/airflow/dags/welcome_dag.py for tasks to queue
[2024-08-04T19:49:25.229+0000] {logging_mixin.py:188} INFO - [2024-08-04T19:49:25.229+0000] {dagbag.py:545} INFO - Filling up the DagBag from /opt/airflow/dags/welcome_dag.py
[2024-08-04T19:49:25.288+0000] {processor.py:840} INFO - DAG(s) 'welcome_dag' retrieved from /opt/airflow/dags/welcome_dag.py
[2024-08-04T19:49:25.350+0000] {logging_mixin.py:188} INFO - [2024-08-04T19:49:25.350+0000] {dag.py:3089} INFO - Sync 1 DAGs
[2024-08-04T19:49:25.401+0000] {logging_mixin.py:188} INFO - [2024-08-04T19:49:25.401+0000] {dag.py:3947} INFO - Setting next_dagrun for welcome_dag to 2024-08-03 23:00:00+00:00, run_after=2024-08-04 23:00:00+00:00
[2024-08-04T19:49:25.615+0000] {processor.py:183} INFO - Processing /opt/airflow/dags/welcome_dag.py took 0.402 seconds
[2024-08-04T19:49:55.967+0000] {processor.py:161} INFO - Started process (PID=94) to work on /opt/airflow/dags/welcome_dag.py
[2024-08-04T19:49:55.970+0000] {processor.py:830} INFO - Processing file /opt/airflow/dags/welcome_dag.py for tasks to queue
[2024-08-04T19:49:55.975+0000] {logging_mixin.py:188} INFO - [2024-08-04T19:49:55.974+0000] {dagbag.py:545} INFO - Filling up the DagBag from /opt/airflow/dags/welcome_dag.py
[2024-08-04T19:49:56.051+0000] {processor.py:840} INFO - DAG(s) 'welcome_dag' retrieved from /opt/airflow/dags/welcome_dag.py
[2024-08-04T19:49:56.130+0000] {logging_mixin.py:188} INFO - [2024-08-04T19:49:56.129+0000] {dag.py:3089} INFO - Sync 1 DAGs
[2024-08-04T19:49:56.204+0000] {logging_mixin.py:188} INFO - [2024-08-04T19:49:56.203+0000] {dag.py:3947} INFO - Setting next_dagrun for welcome_dag to 2024-08-03 23:00:00+00:00, run_after=2024-08-04 23:00:00+00:00
[2024-08-04T19:49:56.607+0000] {processor.py:183} INFO - Processing /opt/airflow/dags/welcome_dag.py took 0.652 seconds
