[2024-08-05T17:34:10.349+0000] {processor.py:161} INFO - Started process (PID=64) to work on /opt/airflow/dags/NBA_dag.py
[2024-08-05T17:34:10.351+0000] {processor.py:830} INFO - Processing file /opt/airflow/dags/NBA_dag.py for tasks to queue
[2024-08-05T17:34:10.354+0000] {logging_mixin.py:188} INFO - [2024-08-05T17:34:10.353+0000] {dagbag.py:545} INFO - Filling up the DagBag from /opt/airflow/dags/NBA_dag.py
[2024-08-05T17:34:11.159+0000] {logging_mixin.py:188} INFO - [2024-08-05T17:34:11.149+0000] {dagbag.py:355} ERROR - Failed to import: /opt/airflow/dags/NBA_dag.py
Traceback (most recent call last):
  File "/home/airflow/.local/lib/python3.12/site-packages/airflow/models/dagbag.py", line 351, in parse
    loader.exec_module(new_module)
  File "<frozen importlib._bootstrap_external>", line 995, in exec_module
  File "<frozen importlib._bootstrap>", line 488, in _call_with_frames_removed
  File "/opt/airflow/dags/NBA_dag.py", line 11, in <module>
    from  ETL_pipline  import Extract_data_frame,transform_data,load_the_file
ModuleNotFoundError: No module named 'ETL_pipline'
[2024-08-05T17:34:11.163+0000] {processor.py:842} WARNING - No viable dags retrieved from /opt/airflow/dags/NBA_dag.py
[2024-08-05T17:34:11.314+0000] {processor.py:183} INFO - Processing /opt/airflow/dags/NBA_dag.py took 0.979 seconds
[2024-08-05T17:35:31.322+0000] {processor.py:161} INFO - Started process (PID=63) to work on /opt/airflow/dags/NBA_dag.py
[2024-08-05T17:35:31.324+0000] {processor.py:830} INFO - Processing file /opt/airflow/dags/NBA_dag.py for tasks to queue
[2024-08-05T17:35:31.326+0000] {logging_mixin.py:188} INFO - [2024-08-05T17:35:31.326+0000] {dagbag.py:545} INFO - Filling up the DagBag from /opt/airflow/dags/NBA_dag.py
[2024-08-05T17:35:32.082+0000] {logging_mixin.py:188} INFO - [2024-08-05T17:35:32.070+0000] {dagbag.py:355} ERROR - Failed to import: /opt/airflow/dags/NBA_dag.py
Traceback (most recent call last):
  File "/home/airflow/.local/lib/python3.12/site-packages/airflow/models/dagbag.py", line 351, in parse
    loader.exec_module(new_module)
  File "<frozen importlib._bootstrap_external>", line 995, in exec_module
  File "<frozen importlib._bootstrap>", line 488, in _call_with_frames_removed
  File "/opt/airflow/dags/NBA_dag.py", line 11, in <module>
    from  ETL_pipline  import Extract_data_frame,transform_data,load_the_file
ModuleNotFoundError: No module named 'ETL_pipline'
[2024-08-05T17:35:32.086+0000] {processor.py:842} WARNING - No viable dags retrieved from /opt/airflow/dags/NBA_dag.py
[2024-08-05T17:35:32.248+0000] {processor.py:183} INFO - Processing /opt/airflow/dags/NBA_dag.py took 0.936 seconds
[2024-08-05T17:36:02.760+0000] {processor.py:161} INFO - Started process (PID=78) to work on /opt/airflow/dags/NBA_dag.py
[2024-08-05T17:36:02.762+0000] {processor.py:830} INFO - Processing file /opt/airflow/dags/NBA_dag.py for tasks to queue
[2024-08-05T17:36:02.765+0000] {logging_mixin.py:188} INFO - [2024-08-05T17:36:02.764+0000] {dagbag.py:545} INFO - Filling up the DagBag from /opt/airflow/dags/NBA_dag.py
[2024-08-05T17:36:03.520+0000] {logging_mixin.py:188} INFO - [2024-08-05T17:36:03.509+0000] {dagbag.py:355} ERROR - Failed to import: /opt/airflow/dags/NBA_dag.py
Traceback (most recent call last):
  File "/home/airflow/.local/lib/python3.12/site-packages/airflow/models/dagbag.py", line 351, in parse
    loader.exec_module(new_module)
  File "<frozen importlib._bootstrap_external>", line 995, in exec_module
  File "<frozen importlib._bootstrap>", line 488, in _call_with_frames_removed
  File "/opt/airflow/dags/NBA_dag.py", line 11, in <module>
    from  ETL_pipline  import Extract_data_frame,transform_data,load_the_file
ModuleNotFoundError: No module named 'ETL_pipline'
[2024-08-05T17:36:03.523+0000] {processor.py:842} WARNING - No viable dags retrieved from /opt/airflow/dags/NBA_dag.py
[2024-08-05T17:36:03.681+0000] {processor.py:183} INFO - Processing /opt/airflow/dags/NBA_dag.py took 0.930 seconds
[2024-08-05T17:36:34.455+0000] {processor.py:161} INFO - Started process (PID=80) to work on /opt/airflow/dags/NBA_dag.py
[2024-08-05T17:36:34.457+0000] {processor.py:830} INFO - Processing file /opt/airflow/dags/NBA_dag.py for tasks to queue
[2024-08-05T17:36:34.460+0000] {logging_mixin.py:188} INFO - [2024-08-05T17:36:34.459+0000] {dagbag.py:545} INFO - Filling up the DagBag from /opt/airflow/dags/NBA_dag.py
[2024-08-05T17:36:35.203+0000] {logging_mixin.py:188} INFO - [2024-08-05T17:36:35.193+0000] {dagbag.py:355} ERROR - Failed to import: /opt/airflow/dags/NBA_dag.py
Traceback (most recent call last):
  File "/home/airflow/.local/lib/python3.12/site-packages/airflow/models/dagbag.py", line 351, in parse
    loader.exec_module(new_module)
  File "<frozen importlib._bootstrap_external>", line 995, in exec_module
  File "<frozen importlib._bootstrap>", line 488, in _call_with_frames_removed
  File "/opt/airflow/dags/NBA_dag.py", line 11, in <module>
    from  ETL_pipline  import Extract_data_frame,transform_data,load_the_file
ModuleNotFoundError: No module named 'ETL_pipline'
[2024-08-05T17:36:35.207+0000] {processor.py:842} WARNING - No viable dags retrieved from /opt/airflow/dags/NBA_dag.py
[2024-08-05T17:36:35.464+0000] {processor.py:183} INFO - Processing /opt/airflow/dags/NBA_dag.py took 1.017 seconds
[2024-08-05T17:37:06.017+0000] {processor.py:161} INFO - Started process (PID=82) to work on /opt/airflow/dags/NBA_dag.py
[2024-08-05T17:37:06.019+0000] {processor.py:830} INFO - Processing file /opt/airflow/dags/NBA_dag.py for tasks to queue
[2024-08-05T17:37:06.022+0000] {logging_mixin.py:188} INFO - [2024-08-05T17:37:06.021+0000] {dagbag.py:545} INFO - Filling up the DagBag from /opt/airflow/dags/NBA_dag.py
[2024-08-05T17:37:06.758+0000] {logging_mixin.py:188} INFO - [2024-08-05T17:37:06.747+0000] {dagbag.py:355} ERROR - Failed to import: /opt/airflow/dags/NBA_dag.py
Traceback (most recent call last):
  File "/home/airflow/.local/lib/python3.12/site-packages/airflow/models/dagbag.py", line 351, in parse
    loader.exec_module(new_module)
  File "<frozen importlib._bootstrap_external>", line 995, in exec_module
  File "<frozen importlib._bootstrap>", line 488, in _call_with_frames_removed
  File "/opt/airflow/dags/NBA_dag.py", line 11, in <module>
    from  ETL_pipline  import Extract_data_frame,transform_data,load_the_file
ModuleNotFoundError: No module named 'ETL_pipline'
[2024-08-05T17:37:06.761+0000] {processor.py:842} WARNING - No viable dags retrieved from /opt/airflow/dags/NBA_dag.py
[2024-08-05T17:37:07.160+0000] {processor.py:183} INFO - Processing /opt/airflow/dags/NBA_dag.py took 1.151 seconds
[2024-08-05T17:37:38.172+0000] {processor.py:161} INFO - Started process (PID=84) to work on /opt/airflow/dags/NBA_dag.py
[2024-08-05T17:37:38.173+0000] {processor.py:830} INFO - Processing file /opt/airflow/dags/NBA_dag.py for tasks to queue
[2024-08-05T17:37:38.177+0000] {logging_mixin.py:188} INFO - [2024-08-05T17:37:38.176+0000] {dagbag.py:545} INFO - Filling up the DagBag from /opt/airflow/dags/NBA_dag.py
[2024-08-05T17:37:38.939+0000] {logging_mixin.py:188} INFO - [2024-08-05T17:37:38.927+0000] {dagbag.py:355} ERROR - Failed to import: /opt/airflow/dags/NBA_dag.py
Traceback (most recent call last):
  File "/home/airflow/.local/lib/python3.12/site-packages/airflow/models/dagbag.py", line 351, in parse
    loader.exec_module(new_module)
  File "<frozen importlib._bootstrap_external>", line 995, in exec_module
  File "<frozen importlib._bootstrap>", line 488, in _call_with_frames_removed
  File "/opt/airflow/dags/NBA_dag.py", line 11, in <module>
    from  ETL_pipline  import Extract_data_frame,transform_data,load_the_file
ModuleNotFoundError: No module named 'ETL_pipline'
[2024-08-05T17:37:38.944+0000] {processor.py:842} WARNING - No viable dags retrieved from /opt/airflow/dags/NBA_dag.py
[2024-08-05T17:37:39.098+0000] {processor.py:183} INFO - Processing /opt/airflow/dags/NBA_dag.py took 0.934 seconds
[2024-08-05T17:39:59.553+0000] {processor.py:161} INFO - Started process (PID=64) to work on /opt/airflow/dags/NBA_dag.py
[2024-08-05T17:39:59.555+0000] {processor.py:830} INFO - Processing file /opt/airflow/dags/NBA_dag.py for tasks to queue
[2024-08-05T17:39:59.559+0000] {logging_mixin.py:188} INFO - [2024-08-05T17:39:59.558+0000] {dagbag.py:545} INFO - Filling up the DagBag from /opt/airflow/dags/NBA_dag.py
[2024-08-05T17:40:00.357+0000] {logging_mixin.py:188} INFO - [2024-08-05T17:40:00.349+0000] {dagbag.py:355} ERROR - Failed to import: /opt/airflow/dags/NBA_dag.py
Traceback (most recent call last):
  File "/home/airflow/.local/lib/python3.12/site-packages/airflow/models/dagbag.py", line 351, in parse
    loader.exec_module(new_module)
  File "<frozen importlib._bootstrap_external>", line 995, in exec_module
  File "<frozen importlib._bootstrap>", line 488, in _call_with_frames_removed
  File "/opt/airflow/dags/NBA_dag.py", line 11, in <module>
    from  ETL_pipline  import Extract_data_frame,transform_data,load_the_file
ModuleNotFoundError: No module named 'ETL_pipline'
[2024-08-05T17:40:00.359+0000] {processor.py:842} WARNING - No viable dags retrieved from /opt/airflow/dags/NBA_dag.py
[2024-08-05T17:40:00.507+0000] {processor.py:183} INFO - Processing /opt/airflow/dags/NBA_dag.py took 0.964 seconds
[2024-08-05T17:40:31.297+0000] {processor.py:161} INFO - Started process (PID=78) to work on /opt/airflow/dags/NBA_dag.py
[2024-08-05T17:40:31.299+0000] {processor.py:830} INFO - Processing file /opt/airflow/dags/NBA_dag.py for tasks to queue
[2024-08-05T17:40:31.303+0000] {logging_mixin.py:188} INFO - [2024-08-05T17:40:31.302+0000] {dagbag.py:545} INFO - Filling up the DagBag from /opt/airflow/dags/NBA_dag.py
[2024-08-05T17:40:32.125+0000] {logging_mixin.py:188} INFO - [2024-08-05T17:40:32.116+0000] {dagbag.py:355} ERROR - Failed to import: /opt/airflow/dags/NBA_dag.py
Traceback (most recent call last):
  File "/home/airflow/.local/lib/python3.12/site-packages/airflow/models/dagbag.py", line 351, in parse
    loader.exec_module(new_module)
  File "<frozen importlib._bootstrap_external>", line 995, in exec_module
  File "<frozen importlib._bootstrap>", line 488, in _call_with_frames_removed
  File "/opt/airflow/dags/NBA_dag.py", line 11, in <module>
    from  ETL_pipline  import Extract_data_frame,transform_data,load_the_file
ModuleNotFoundError: No module named 'ETL_pipline'
[2024-08-05T17:40:32.129+0000] {processor.py:842} WARNING - No viable dags retrieved from /opt/airflow/dags/NBA_dag.py
[2024-08-05T17:40:32.296+0000] {processor.py:183} INFO - Processing /opt/airflow/dags/NBA_dag.py took 1.009 seconds
[2024-08-05T17:41:04.945+0000] {processor.py:161} INFO - Started process (PID=64) to work on /opt/airflow/dags/NBA_dag.py
[2024-08-05T17:41:04.947+0000] {processor.py:830} INFO - Processing file /opt/airflow/dags/NBA_dag.py for tasks to queue
[2024-08-05T17:41:04.950+0000] {logging_mixin.py:188} INFO - [2024-08-05T17:41:04.949+0000] {dagbag.py:545} INFO - Filling up the DagBag from /opt/airflow/dags/NBA_dag.py
[2024-08-05T17:41:05.777+0000] {processor.py:840} INFO - DAG(s) 'NPA_dag' retrieved from /opt/airflow/dags/NBA_dag.py
[2024-08-05T17:41:05.802+0000] {logging_mixin.py:188} INFO - [2024-08-05T17:41:05.802+0000] {dag.py:3089} INFO - Sync 1 DAGs
[2024-08-05T17:41:06.117+0000] {logging_mixin.py:188} INFO - [2024-08-05T17:41:06.116+0000] {dag.py:3947} INFO - Setting next_dagrun for NPA_dag to 2024-08-04 00:00:00+00:00, run_after=2024-08-05 00:00:00+00:00
[2024-08-05T17:41:06.771+0000] {processor.py:183} INFO - Processing /opt/airflow/dags/NBA_dag.py took 1.835 seconds
[2024-08-05T17:43:19.390+0000] {processor.py:161} INFO - Started process (PID=64) to work on /opt/airflow/dags/NBA_dag.py
[2024-08-05T17:43:19.392+0000] {processor.py:830} INFO - Processing file /opt/airflow/dags/NBA_dag.py for tasks to queue
[2024-08-05T17:43:19.395+0000] {logging_mixin.py:188} INFO - [2024-08-05T17:43:19.394+0000] {dagbag.py:545} INFO - Filling up the DagBag from /opt/airflow/dags/NBA_dag.py
[2024-08-05T17:43:20.326+0000] {processor.py:840} INFO - DAG(s) 'NPA_dag' retrieved from /opt/airflow/dags/NBA_dag.py
[2024-08-05T17:43:20.348+0000] {logging_mixin.py:188} INFO - [2024-08-05T17:43:20.347+0000] {dag.py:3089} INFO - Sync 1 DAGs
[2024-08-05T17:43:20.655+0000] {logging_mixin.py:188} INFO - [2024-08-05T17:43:20.654+0000] {dag.py:3947} INFO - Setting next_dagrun for NPA_dag to 2024-08-04 00:00:00+00:00, run_after=2024-08-05 00:00:00+00:00
[2024-08-05T17:43:20.847+0000] {processor.py:183} INFO - Processing /opt/airflow/dags/NBA_dag.py took 1.467 seconds
[2024-08-05T17:43:51.739+0000] {processor.py:161} INFO - Started process (PID=78) to work on /opt/airflow/dags/NBA_dag.py
[2024-08-05T17:43:51.740+0000] {processor.py:830} INFO - Processing file /opt/airflow/dags/NBA_dag.py for tasks to queue
[2024-08-05T17:43:51.743+0000] {logging_mixin.py:188} INFO - [2024-08-05T17:43:51.743+0000] {dagbag.py:545} INFO - Filling up the DagBag from /opt/airflow/dags/NBA_dag.py
[2024-08-05T17:43:52.490+0000] {processor.py:840} INFO - DAG(s) 'NPA_dag' retrieved from /opt/airflow/dags/NBA_dag.py
[2024-08-05T17:43:52.875+0000] {logging_mixin.py:188} INFO - [2024-08-05T17:43:52.874+0000] {dag.py:3089} INFO - Sync 1 DAGs
[2024-08-05T17:43:52.914+0000] {logging_mixin.py:188} INFO - [2024-08-05T17:43:52.914+0000] {dag.py:3947} INFO - Setting next_dagrun for NPA_dag to 2024-08-04 00:00:00+00:00, run_after=2024-08-05 00:00:00+00:00
[2024-08-05T17:43:53.111+0000] {processor.py:183} INFO - Processing /opt/airflow/dags/NBA_dag.py took 1.381 seconds
[2024-08-05T17:44:23.904+0000] {processor.py:161} INFO - Started process (PID=80) to work on /opt/airflow/dags/NBA_dag.py
[2024-08-05T17:44:23.906+0000] {processor.py:830} INFO - Processing file /opt/airflow/dags/NBA_dag.py for tasks to queue
[2024-08-05T17:44:23.909+0000] {logging_mixin.py:188} INFO - [2024-08-05T17:44:23.909+0000] {dagbag.py:545} INFO - Filling up the DagBag from /opt/airflow/dags/NBA_dag.py
[2024-08-05T17:44:24.781+0000] {processor.py:840} INFO - DAG(s) 'NPA_dag' retrieved from /opt/airflow/dags/NBA_dag.py
[2024-08-05T17:44:24.842+0000] {logging_mixin.py:188} INFO - [2024-08-05T17:44:24.841+0000] {dag.py:3089} INFO - Sync 1 DAGs
[2024-08-05T17:44:24.898+0000] {logging_mixin.py:188} INFO - [2024-08-05T17:44:24.898+0000] {dag.py:3947} INFO - Setting next_dagrun for NPA_dag to 2024-08-04 00:00:00+00:00, run_after=2024-08-05 00:00:00+00:00
[2024-08-05T17:44:25.115+0000] {processor.py:183} INFO - Processing /opt/airflow/dags/NBA_dag.py took 1.228 seconds
[2024-08-05T17:44:55.754+0000] {processor.py:161} INFO - Started process (PID=82) to work on /opt/airflow/dags/NBA_dag.py
[2024-08-05T17:44:55.757+0000] {processor.py:830} INFO - Processing file /opt/airflow/dags/NBA_dag.py for tasks to queue
[2024-08-05T17:44:55.761+0000] {logging_mixin.py:188} INFO - [2024-08-05T17:44:55.760+0000] {dagbag.py:545} INFO - Filling up the DagBag from /opt/airflow/dags/NBA_dag.py
[2024-08-05T17:44:56.933+0000] {processor.py:840} INFO - DAG(s) 'NPA_dag' retrieved from /opt/airflow/dags/NBA_dag.py
[2024-08-05T17:44:56.985+0000] {logging_mixin.py:188} INFO - [2024-08-05T17:44:56.984+0000] {dag.py:3089} INFO - Sync 1 DAGs
[2024-08-05T17:44:57.033+0000] {logging_mixin.py:188} INFO - [2024-08-05T17:44:57.032+0000] {dag.py:3947} INFO - Setting next_dagrun for NPA_dag to 2024-08-04 00:00:00+00:00, run_after=2024-08-05 00:00:00+00:00
[2024-08-05T17:44:57.232+0000] {processor.py:183} INFO - Processing /opt/airflow/dags/NBA_dag.py took 1.488 seconds
[2024-08-05T17:45:27.799+0000] {processor.py:161} INFO - Started process (PID=84) to work on /opt/airflow/dags/NBA_dag.py
[2024-08-05T17:45:27.801+0000] {processor.py:830} INFO - Processing file /opt/airflow/dags/NBA_dag.py for tasks to queue
[2024-08-05T17:45:27.804+0000] {logging_mixin.py:188} INFO - [2024-08-05T17:45:27.803+0000] {dagbag.py:545} INFO - Filling up the DagBag from /opt/airflow/dags/NBA_dag.py
[2024-08-05T17:45:28.731+0000] {processor.py:840} INFO - DAG(s) 'NPA_dag' retrieved from /opt/airflow/dags/NBA_dag.py
[2024-08-05T17:45:28.775+0000] {logging_mixin.py:188} INFO - [2024-08-05T17:45:28.774+0000] {dag.py:3089} INFO - Sync 1 DAGs
[2024-08-05T17:45:28.817+0000] {logging_mixin.py:188} INFO - [2024-08-05T17:45:28.816+0000] {dag.py:3947} INFO - Setting next_dagrun for NPA_dag to 2024-08-04 00:00:00+00:00, run_after=2024-08-05 00:00:00+00:00
[2024-08-05T17:45:29.132+0000] {processor.py:183} INFO - Processing /opt/airflow/dags/NBA_dag.py took 1.342 seconds
[2024-08-05T17:45:59.934+0000] {processor.py:161} INFO - Started process (PID=86) to work on /opt/airflow/dags/NBA_dag.py
[2024-08-05T17:45:59.936+0000] {processor.py:830} INFO - Processing file /opt/airflow/dags/NBA_dag.py for tasks to queue
[2024-08-05T17:45:59.940+0000] {logging_mixin.py:188} INFO - [2024-08-05T17:45:59.939+0000] {dagbag.py:545} INFO - Filling up the DagBag from /opt/airflow/dags/NBA_dag.py
[2024-08-05T17:46:00.878+0000] {processor.py:840} INFO - DAG(s) 'NPA_dag' retrieved from /opt/airflow/dags/NBA_dag.py
[2024-08-05T17:46:00.924+0000] {logging_mixin.py:188} INFO - [2024-08-05T17:46:00.923+0000] {dag.py:3089} INFO - Sync 1 DAGs
[2024-08-05T17:46:00.967+0000] {logging_mixin.py:188} INFO - [2024-08-05T17:46:00.966+0000] {dag.py:3947} INFO - Setting next_dagrun for NPA_dag to 2024-08-04 00:00:00+00:00, run_after=2024-08-05 00:00:00+00:00
[2024-08-05T17:46:01.185+0000] {processor.py:183} INFO - Processing /opt/airflow/dags/NBA_dag.py took 1.261 seconds
[2024-08-05T17:46:31.695+0000] {processor.py:161} INFO - Started process (PID=88) to work on /opt/airflow/dags/NBA_dag.py
[2024-08-05T17:46:31.697+0000] {processor.py:830} INFO - Processing file /opt/airflow/dags/NBA_dag.py for tasks to queue
[2024-08-05T17:46:31.700+0000] {logging_mixin.py:188} INFO - [2024-08-05T17:46:31.700+0000] {dagbag.py:545} INFO - Filling up the DagBag from /opt/airflow/dags/NBA_dag.py
[2024-08-05T17:46:32.415+0000] {processor.py:840} INFO - DAG(s) 'NPA_dag' retrieved from /opt/airflow/dags/NBA_dag.py
[2024-08-05T17:46:32.662+0000] {logging_mixin.py:188} INFO - [2024-08-05T17:46:32.661+0000] {dag.py:3089} INFO - Sync 1 DAGs
[2024-08-05T17:46:32.703+0000] {logging_mixin.py:188} INFO - [2024-08-05T17:46:32.703+0000] {dag.py:3947} INFO - Setting next_dagrun for NPA_dag to 2024-08-04 00:00:00+00:00, run_after=2024-08-05 00:00:00+00:00
[2024-08-05T17:46:32.993+0000] {processor.py:183} INFO - Processing /opt/airflow/dags/NBA_dag.py took 1.306 seconds
[2024-08-05T17:47:03.543+0000] {processor.py:161} INFO - Started process (PID=90) to work on /opt/airflow/dags/NBA_dag.py
[2024-08-05T17:47:03.545+0000] {processor.py:830} INFO - Processing file /opt/airflow/dags/NBA_dag.py for tasks to queue
[2024-08-05T17:47:03.548+0000] {logging_mixin.py:188} INFO - [2024-08-05T17:47:03.547+0000] {dagbag.py:545} INFO - Filling up the DagBag from /opt/airflow/dags/NBA_dag.py
[2024-08-05T17:47:04.468+0000] {processor.py:840} INFO - DAG(s) 'NPA_dag' retrieved from /opt/airflow/dags/NBA_dag.py
[2024-08-05T17:47:04.513+0000] {logging_mixin.py:188} INFO - [2024-08-05T17:47:04.512+0000] {dag.py:3089} INFO - Sync 1 DAGs
[2024-08-05T17:47:04.553+0000] {logging_mixin.py:188} INFO - [2024-08-05T17:47:04.553+0000] {dag.py:3947} INFO - Setting next_dagrun for NPA_dag to 2024-08-04 00:00:00+00:00, run_after=2024-08-05 00:00:00+00:00
[2024-08-05T17:47:04.758+0000] {processor.py:183} INFO - Processing /opt/airflow/dags/NBA_dag.py took 1.223 seconds
[2024-08-05T17:47:35.338+0000] {processor.py:161} INFO - Started process (PID=92) to work on /opt/airflow/dags/NBA_dag.py
[2024-08-05T17:47:35.339+0000] {processor.py:830} INFO - Processing file /opt/airflow/dags/NBA_dag.py for tasks to queue
[2024-08-05T17:47:35.343+0000] {logging_mixin.py:188} INFO - [2024-08-05T17:47:35.342+0000] {dagbag.py:545} INFO - Filling up the DagBag from /opt/airflow/dags/NBA_dag.py
[2024-08-05T17:47:36.086+0000] {processor.py:840} INFO - DAG(s) 'NPA_dag' retrieved from /opt/airflow/dags/NBA_dag.py
[2024-08-05T17:47:36.135+0000] {logging_mixin.py:188} INFO - [2024-08-05T17:47:36.134+0000] {dag.py:3089} INFO - Sync 1 DAGs
[2024-08-05T17:47:36.176+0000] {logging_mixin.py:188} INFO - [2024-08-05T17:47:36.176+0000] {dag.py:3947} INFO - Setting next_dagrun for NPA_dag to 2024-08-04 00:00:00+00:00, run_after=2024-08-05 00:00:00+00:00
[2024-08-05T17:47:36.379+0000] {processor.py:183} INFO - Processing /opt/airflow/dags/NBA_dag.py took 1.049 seconds
[2024-08-05T17:48:07.047+0000] {processor.py:161} INFO - Started process (PID=94) to work on /opt/airflow/dags/NBA_dag.py
[2024-08-05T17:48:07.049+0000] {processor.py:830} INFO - Processing file /opt/airflow/dags/NBA_dag.py for tasks to queue
[2024-08-05T17:48:07.052+0000] {logging_mixin.py:188} INFO - [2024-08-05T17:48:07.051+0000] {dagbag.py:545} INFO - Filling up the DagBag from /opt/airflow/dags/NBA_dag.py
[2024-08-05T17:48:07.952+0000] {processor.py:840} INFO - DAG(s) 'NPA_dag' retrieved from /opt/airflow/dags/NBA_dag.py
[2024-08-05T17:48:07.995+0000] {logging_mixin.py:188} INFO - [2024-08-05T17:48:07.994+0000] {dag.py:3089} INFO - Sync 1 DAGs
[2024-08-05T17:48:08.035+0000] {logging_mixin.py:188} INFO - [2024-08-05T17:48:08.035+0000] {dag.py:3947} INFO - Setting next_dagrun for NPA_dag to 2024-08-04 00:00:00+00:00, run_after=2024-08-05 00:00:00+00:00
[2024-08-05T17:48:08.325+0000] {processor.py:183} INFO - Processing /opt/airflow/dags/NBA_dag.py took 1.286 seconds
[2024-08-05T17:48:38.885+0000] {processor.py:161} INFO - Started process (PID=96) to work on /opt/airflow/dags/NBA_dag.py
[2024-08-05T17:48:38.886+0000] {processor.py:830} INFO - Processing file /opt/airflow/dags/NBA_dag.py for tasks to queue
[2024-08-05T17:48:38.889+0000] {logging_mixin.py:188} INFO - [2024-08-05T17:48:38.889+0000] {dagbag.py:545} INFO - Filling up the DagBag from /opt/airflow/dags/NBA_dag.py
[2024-08-05T17:48:39.888+0000] {processor.py:840} INFO - DAG(s) 'NPA_dag' retrieved from /opt/airflow/dags/NBA_dag.py
[2024-08-05T17:48:39.936+0000] {logging_mixin.py:188} INFO - [2024-08-05T17:48:39.936+0000] {dag.py:3089} INFO - Sync 1 DAGs
[2024-08-05T17:48:39.981+0000] {logging_mixin.py:188} INFO - [2024-08-05T17:48:39.980+0000] {dag.py:3947} INFO - Setting next_dagrun for NPA_dag to 2024-08-04 00:00:00+00:00, run_after=2024-08-05 00:00:00+00:00
[2024-08-05T17:48:40.222+0000] {processor.py:183} INFO - Processing /opt/airflow/dags/NBA_dag.py took 1.346 seconds
[2024-08-05T17:49:10.944+0000] {processor.py:161} INFO - Started process (PID=98) to work on /opt/airflow/dags/NBA_dag.py
[2024-08-05T17:49:10.946+0000] {processor.py:830} INFO - Processing file /opt/airflow/dags/NBA_dag.py for tasks to queue
[2024-08-05T17:49:10.949+0000] {logging_mixin.py:188} INFO - [2024-08-05T17:49:10.949+0000] {dagbag.py:545} INFO - Filling up the DagBag from /opt/airflow/dags/NBA_dag.py
[2024-08-05T17:49:11.841+0000] {processor.py:840} INFO - DAG(s) 'NPA_dag' retrieved from /opt/airflow/dags/NBA_dag.py
[2024-08-05T17:49:11.885+0000] {logging_mixin.py:188} INFO - [2024-08-05T17:49:11.885+0000] {dag.py:3089} INFO - Sync 1 DAGs
[2024-08-05T17:49:11.929+0000] {logging_mixin.py:188} INFO - [2024-08-05T17:49:11.929+0000] {dag.py:3947} INFO - Setting next_dagrun for NPA_dag to 2024-08-04 00:00:00+00:00, run_after=2024-08-05 00:00:00+00:00
[2024-08-05T17:49:12.160+0000] {processor.py:183} INFO - Processing /opt/airflow/dags/NBA_dag.py took 1.224 seconds
[2024-08-05T17:49:42.503+0000] {processor.py:161} INFO - Started process (PID=100) to work on /opt/airflow/dags/NBA_dag.py
[2024-08-05T17:49:42.505+0000] {processor.py:830} INFO - Processing file /opt/airflow/dags/NBA_dag.py for tasks to queue
[2024-08-05T17:49:42.508+0000] {logging_mixin.py:188} INFO - [2024-08-05T17:49:42.507+0000] {dagbag.py:545} INFO - Filling up the DagBag from /opt/airflow/dags/NBA_dag.py
[2024-08-05T17:49:43.415+0000] {processor.py:840} INFO - DAG(s) 'NPA_dag' retrieved from /opt/airflow/dags/NBA_dag.py
[2024-08-05T17:49:43.463+0000] {logging_mixin.py:188} INFO - [2024-08-05T17:49:43.462+0000] {dag.py:3089} INFO - Sync 1 DAGs
[2024-08-05T17:49:43.502+0000] {logging_mixin.py:188} INFO - [2024-08-05T17:49:43.502+0000] {dag.py:3947} INFO - Setting next_dagrun for NPA_dag to 2024-08-04 00:00:00+00:00, run_after=2024-08-05 00:00:00+00:00
[2024-08-05T17:49:43.736+0000] {processor.py:183} INFO - Processing /opt/airflow/dags/NBA_dag.py took 1.242 seconds
[2024-08-05T17:50:14.163+0000] {processor.py:161} INFO - Started process (PID=102) to work on /opt/airflow/dags/NBA_dag.py
[2024-08-05T17:50:14.165+0000] {processor.py:830} INFO - Processing file /opt/airflow/dags/NBA_dag.py for tasks to queue
[2024-08-05T17:50:14.168+0000] {logging_mixin.py:188} INFO - [2024-08-05T17:50:14.168+0000] {dagbag.py:545} INFO - Filling up the DagBag from /opt/airflow/dags/NBA_dag.py
[2024-08-05T17:50:14.916+0000] {processor.py:840} INFO - DAG(s) 'NPA_dag' retrieved from /opt/airflow/dags/NBA_dag.py
[2024-08-05T17:50:15.131+0000] {logging_mixin.py:188} INFO - [2024-08-05T17:50:15.130+0000] {dag.py:3089} INFO - Sync 1 DAGs
[2024-08-05T17:50:15.174+0000] {logging_mixin.py:188} INFO - [2024-08-05T17:50:15.174+0000] {dag.py:3947} INFO - Setting next_dagrun for NPA_dag to 2024-08-04 00:00:00+00:00, run_after=2024-08-05 00:00:00+00:00
[2024-08-05T17:50:15.361+0000] {processor.py:183} INFO - Processing /opt/airflow/dags/NBA_dag.py took 1.206 seconds
[2024-08-05T17:50:45.839+0000] {processor.py:161} INFO - Started process (PID=104) to work on /opt/airflow/dags/NBA_dag.py
[2024-08-05T17:50:45.841+0000] {processor.py:830} INFO - Processing file /opt/airflow/dags/NBA_dag.py for tasks to queue
[2024-08-05T17:50:45.844+0000] {logging_mixin.py:188} INFO - [2024-08-05T17:50:45.843+0000] {dagbag.py:545} INFO - Filling up the DagBag from /opt/airflow/dags/NBA_dag.py
[2024-08-05T17:50:46.789+0000] {processor.py:840} INFO - DAG(s) 'NPA_dag' retrieved from /opt/airflow/dags/NBA_dag.py
[2024-08-05T17:50:46.837+0000] {logging_mixin.py:188} INFO - [2024-08-05T17:50:46.836+0000] {dag.py:3089} INFO - Sync 1 DAGs
[2024-08-05T17:50:46.879+0000] {logging_mixin.py:188} INFO - [2024-08-05T17:50:46.879+0000] {dag.py:3947} INFO - Setting next_dagrun for NPA_dag to 2024-08-04 00:00:00+00:00, run_after=2024-08-05 00:00:00+00:00
[2024-08-05T17:50:47.189+0000] {processor.py:183} INFO - Processing /opt/airflow/dags/NBA_dag.py took 1.358 seconds
[2024-08-05T17:51:17.622+0000] {processor.py:161} INFO - Started process (PID=106) to work on /opt/airflow/dags/NBA_dag.py
[2024-08-05T17:51:17.624+0000] {processor.py:830} INFO - Processing file /opt/airflow/dags/NBA_dag.py for tasks to queue
[2024-08-05T17:51:17.628+0000] {logging_mixin.py:188} INFO - [2024-08-05T17:51:17.627+0000] {dagbag.py:545} INFO - Filling up the DagBag from /opt/airflow/dags/NBA_dag.py
[2024-08-05T17:51:18.628+0000] {processor.py:840} INFO - DAG(s) 'NPA_dag' retrieved from /opt/airflow/dags/NBA_dag.py
[2024-08-05T17:51:18.672+0000] {logging_mixin.py:188} INFO - [2024-08-05T17:51:18.671+0000] {dag.py:3089} INFO - Sync 1 DAGs
[2024-08-05T17:51:18.711+0000] {logging_mixin.py:188} INFO - [2024-08-05T17:51:18.711+0000] {dag.py:3947} INFO - Setting next_dagrun for NPA_dag to 2024-08-04 00:00:00+00:00, run_after=2024-08-05 00:00:00+00:00
[2024-08-05T17:51:18.932+0000] {processor.py:183} INFO - Processing /opt/airflow/dags/NBA_dag.py took 1.318 seconds
[2024-08-05T17:53:48.439+0000] {processor.py:161} INFO - Started process (PID=64) to work on /opt/airflow/dags/NBA_dag.py
[2024-08-05T17:53:48.441+0000] {processor.py:830} INFO - Processing file /opt/airflow/dags/NBA_dag.py for tasks to queue
[2024-08-05T17:53:48.445+0000] {logging_mixin.py:188} INFO - [2024-08-05T17:53:48.444+0000] {dagbag.py:545} INFO - Filling up the DagBag from /opt/airflow/dags/NBA_dag.py
[2024-08-05T17:53:49.442+0000] {processor.py:840} INFO - DAG(s) 'NPA_dag' retrieved from /opt/airflow/dags/NBA_dag.py
[2024-08-05T17:53:49.464+0000] {logging_mixin.py:188} INFO - [2024-08-05T17:53:49.464+0000] {dag.py:3089} INFO - Sync 1 DAGs
[2024-08-05T17:53:49.811+0000] {logging_mixin.py:188} INFO - [2024-08-05T17:53:49.810+0000] {dag.py:3947} INFO - Setting next_dagrun for NPA_dag to 2024-08-04 00:00:00+00:00, run_after=2024-08-05 00:00:00+00:00
[2024-08-05T17:53:50.036+0000] {processor.py:183} INFO - Processing /opt/airflow/dags/NBA_dag.py took 1.608 seconds
[2024-08-05T17:54:21.137+0000] {processor.py:161} INFO - Started process (PID=78) to work on /opt/airflow/dags/NBA_dag.py
[2024-08-05T17:54:21.139+0000] {processor.py:830} INFO - Processing file /opt/airflow/dags/NBA_dag.py for tasks to queue
[2024-08-05T17:54:21.142+0000] {logging_mixin.py:188} INFO - [2024-08-05T17:54:21.141+0000] {dagbag.py:545} INFO - Filling up the DagBag from /opt/airflow/dags/NBA_dag.py
[2024-08-05T17:54:21.954+0000] {processor.py:840} INFO - DAG(s) 'NPA_dag' retrieved from /opt/airflow/dags/NBA_dag.py
[2024-08-05T17:54:22.371+0000] {logging_mixin.py:188} INFO - [2024-08-05T17:54:22.371+0000] {dag.py:3089} INFO - Sync 1 DAGs
[2024-08-05T17:54:22.410+0000] {logging_mixin.py:188} INFO - [2024-08-05T17:54:22.409+0000] {dag.py:3947} INFO - Setting next_dagrun for NPA_dag to 2024-08-04 00:00:00+00:00, run_after=2024-08-05 00:00:00+00:00
[2024-08-05T17:54:22.729+0000] {processor.py:183} INFO - Processing /opt/airflow/dags/NBA_dag.py took 1.603 seconds
[2024-08-05T17:54:53.540+0000] {processor.py:161} INFO - Started process (PID=80) to work on /opt/airflow/dags/NBA_dag.py
[2024-08-05T17:54:53.542+0000] {processor.py:830} INFO - Processing file /opt/airflow/dags/NBA_dag.py for tasks to queue
[2024-08-05T17:54:53.546+0000] {logging_mixin.py:188} INFO - [2024-08-05T17:54:53.545+0000] {dagbag.py:545} INFO - Filling up the DagBag from /opt/airflow/dags/NBA_dag.py
[2024-08-05T17:54:54.408+0000] {processor.py:840} INFO - DAG(s) 'NPA_dag' retrieved from /opt/airflow/dags/NBA_dag.py
[2024-08-05T17:54:54.463+0000] {logging_mixin.py:188} INFO - [2024-08-05T17:54:54.463+0000] {dag.py:3089} INFO - Sync 1 DAGs
[2024-08-05T17:54:54.515+0000] {logging_mixin.py:188} INFO - [2024-08-05T17:54:54.515+0000] {dag.py:3947} INFO - Setting next_dagrun for NPA_dag to 2024-08-04 00:00:00+00:00, run_after=2024-08-05 00:00:00+00:00
[2024-08-05T17:54:54.873+0000] {processor.py:183} INFO - Processing /opt/airflow/dags/NBA_dag.py took 1.344 seconds
[2024-08-05T17:55:25.651+0000] {processor.py:161} INFO - Started process (PID=82) to work on /opt/airflow/dags/NBA_dag.py
[2024-08-05T17:55:25.653+0000] {processor.py:830} INFO - Processing file /opt/airflow/dags/NBA_dag.py for tasks to queue
[2024-08-05T17:55:25.656+0000] {logging_mixin.py:188} INFO - [2024-08-05T17:55:25.655+0000] {dagbag.py:545} INFO - Filling up the DagBag from /opt/airflow/dags/NBA_dag.py
[2024-08-05T17:55:26.558+0000] {processor.py:840} INFO - DAG(s) 'NPA_dag' retrieved from /opt/airflow/dags/NBA_dag.py
[2024-08-05T17:55:26.613+0000] {logging_mixin.py:188} INFO - [2024-08-05T17:55:26.612+0000] {dag.py:3089} INFO - Sync 1 DAGs
[2024-08-05T17:55:26.653+0000] {logging_mixin.py:188} INFO - [2024-08-05T17:55:26.653+0000] {dag.py:3947} INFO - Setting next_dagrun for NPA_dag to 2024-08-04 00:00:00+00:00, run_after=2024-08-05 00:00:00+00:00
[2024-08-05T17:55:26.888+0000] {processor.py:183} INFO - Processing /opt/airflow/dags/NBA_dag.py took 1.246 seconds
[2024-08-05T18:06:42.427+0000] {processor.py:161} INFO - Started process (PID=64) to work on /opt/airflow/dags/NBA_dag.py
[2024-08-05T18:06:42.464+0000] {processor.py:830} INFO - Processing file /opt/airflow/dags/NBA_dag.py for tasks to queue
[2024-08-05T18:06:42.467+0000] {logging_mixin.py:188} INFO - [2024-08-05T18:06:42.467+0000] {dagbag.py:545} INFO - Filling up the DagBag from /opt/airflow/dags/NBA_dag.py
[2024-08-05T18:06:43.190+0000] {processor.py:840} INFO - DAG(s) 'NPA_dag' retrieved from /opt/airflow/dags/NBA_dag.py
[2024-08-05T18:06:43.213+0000] {logging_mixin.py:188} INFO - [2024-08-05T18:06:43.212+0000] {dag.py:3089} INFO - Sync 1 DAGs
[2024-08-05T18:06:43.418+0000] {logging_mixin.py:188} INFO - [2024-08-05T18:06:43.418+0000] {dag.py:3947} INFO - Setting next_dagrun for NPA_dag to 2024-08-04 00:00:00+00:00, run_after=2024-08-05 00:00:00+00:00
[2024-08-05T18:06:43.626+0000] {processor.py:183} INFO - Processing /opt/airflow/dags/NBA_dag.py took 1.213 seconds
[2024-08-05T18:07:14.107+0000] {processor.py:161} INFO - Started process (PID=78) to work on /opt/airflow/dags/NBA_dag.py
[2024-08-05T18:07:14.108+0000] {processor.py:830} INFO - Processing file /opt/airflow/dags/NBA_dag.py for tasks to queue
[2024-08-05T18:07:14.111+0000] {logging_mixin.py:188} INFO - [2024-08-05T18:07:14.111+0000] {dagbag.py:545} INFO - Filling up the DagBag from /opt/airflow/dags/NBA_dag.py
[2024-08-05T18:07:14.846+0000] {processor.py:840} INFO - DAG(s) 'NPA_dag' retrieved from /opt/airflow/dags/NBA_dag.py
[2024-08-05T18:07:15.204+0000] {logging_mixin.py:188} INFO - [2024-08-05T18:07:15.203+0000] {dag.py:3089} INFO - Sync 1 DAGs
[2024-08-05T18:07:15.243+0000] {logging_mixin.py:188} INFO - [2024-08-05T18:07:15.242+0000] {dag.py:3947} INFO - Setting next_dagrun for NPA_dag to 2024-08-04 00:00:00+00:00, run_after=2024-08-05 00:00:00+00:00
[2024-08-05T18:07:15.467+0000] {processor.py:183} INFO - Processing /opt/airflow/dags/NBA_dag.py took 1.369 seconds
[2024-08-05T18:07:46.151+0000] {processor.py:161} INFO - Started process (PID=80) to work on /opt/airflow/dags/NBA_dag.py
[2024-08-05T18:07:46.153+0000] {processor.py:830} INFO - Processing file /opt/airflow/dags/NBA_dag.py for tasks to queue
[2024-08-05T18:07:46.156+0000] {logging_mixin.py:188} INFO - [2024-08-05T18:07:46.156+0000] {dagbag.py:545} INFO - Filling up the DagBag from /opt/airflow/dags/NBA_dag.py
[2024-08-05T18:07:46.946+0000] {processor.py:840} INFO - DAG(s) 'NPA_dag' retrieved from /opt/airflow/dags/NBA_dag.py
[2024-08-05T18:07:46.998+0000] {logging_mixin.py:188} INFO - [2024-08-05T18:07:46.997+0000] {dag.py:3089} INFO - Sync 1 DAGs
[2024-08-05T18:07:47.043+0000] {logging_mixin.py:188} INFO - [2024-08-05T18:07:47.043+0000] {dag.py:3947} INFO - Setting next_dagrun for NPA_dag to 2024-08-04 00:00:00+00:00, run_after=2024-08-05 00:00:00+00:00
[2024-08-05T18:07:47.250+0000] {processor.py:183} INFO - Processing /opt/airflow/dags/NBA_dag.py took 1.109 seconds
[2024-08-05T18:17:37.199+0000] {processor.py:161} INFO - Started process (PID=64) to work on /opt/airflow/dags/NBA_dag.py
[2024-08-05T18:17:37.201+0000] {processor.py:830} INFO - Processing file /opt/airflow/dags/NBA_dag.py for tasks to queue
[2024-08-05T18:17:37.204+0000] {logging_mixin.py:188} INFO - [2024-08-05T18:17:37.204+0000] {dagbag.py:545} INFO - Filling up the DagBag from /opt/airflow/dags/NBA_dag.py
[2024-08-05T18:17:37.951+0000] {processor.py:840} INFO - DAG(s) 'NPA_dag' retrieved from /opt/airflow/dags/NBA_dag.py
[2024-08-05T18:17:37.974+0000] {logging_mixin.py:188} INFO - [2024-08-05T18:17:37.973+0000] {dag.py:3089} INFO - Sync 1 DAGs
[2024-08-05T18:17:38.206+0000] {logging_mixin.py:188} INFO - [2024-08-05T18:17:38.206+0000] {dag.py:3947} INFO - Setting next_dagrun for NPA_dag to 2024-08-04 00:00:00+00:00, run_after=2024-08-05 00:00:00+00:00
[2024-08-05T18:17:38.449+0000] {processor.py:183} INFO - Processing /opt/airflow/dags/NBA_dag.py took 1.258 seconds
[2024-08-05T18:18:08.762+0000] {processor.py:161} INFO - Started process (PID=78) to work on /opt/airflow/dags/NBA_dag.py
[2024-08-05T18:18:08.763+0000] {processor.py:830} INFO - Processing file /opt/airflow/dags/NBA_dag.py for tasks to queue
[2024-08-05T18:18:08.767+0000] {logging_mixin.py:188} INFO - [2024-08-05T18:18:08.766+0000] {dagbag.py:545} INFO - Filling up the DagBag from /opt/airflow/dags/NBA_dag.py
[2024-08-05T18:18:09.480+0000] {processor.py:840} INFO - DAG(s) 'NPA_dag' retrieved from /opt/airflow/dags/NBA_dag.py
[2024-08-05T18:18:09.848+0000] {logging_mixin.py:188} INFO - [2024-08-05T18:18:09.847+0000] {dag.py:3089} INFO - Sync 1 DAGs
[2024-08-05T18:18:09.888+0000] {logging_mixin.py:188} INFO - [2024-08-05T18:18:09.888+0000] {dag.py:3947} INFO - Setting next_dagrun for NPA_dag to 2024-08-04 00:00:00+00:00, run_after=2024-08-05 00:00:00+00:00
[2024-08-05T18:18:10.111+0000] {processor.py:183} INFO - Processing /opt/airflow/dags/NBA_dag.py took 1.357 seconds
[2024-08-05T18:18:40.579+0000] {processor.py:161} INFO - Started process (PID=80) to work on /opt/airflow/dags/NBA_dag.py
[2024-08-05T18:18:40.581+0000] {processor.py:830} INFO - Processing file /opt/airflow/dags/NBA_dag.py for tasks to queue
[2024-08-05T18:18:40.584+0000] {logging_mixin.py:188} INFO - [2024-08-05T18:18:40.583+0000] {dagbag.py:545} INFO - Filling up the DagBag from /opt/airflow/dags/NBA_dag.py
[2024-08-05T18:18:41.333+0000] {processor.py:840} INFO - DAG(s) 'NPA_dag' retrieved from /opt/airflow/dags/NBA_dag.py
[2024-08-05T18:18:41.383+0000] {logging_mixin.py:188} INFO - [2024-08-05T18:18:41.382+0000] {dag.py:3089} INFO - Sync 1 DAGs
[2024-08-05T18:18:41.427+0000] {logging_mixin.py:188} INFO - [2024-08-05T18:18:41.427+0000] {dag.py:3947} INFO - Setting next_dagrun for NPA_dag to 2024-08-04 00:00:00+00:00, run_after=2024-08-05 00:00:00+00:00
[2024-08-05T18:18:41.727+0000] {processor.py:183} INFO - Processing /opt/airflow/dags/NBA_dag.py took 1.156 seconds
[2024-08-05T18:19:14.062+0000] {processor.py:161} INFO - Started process (PID=82) to work on /opt/airflow/dags/NBA_dag.py
[2024-08-05T18:19:14.064+0000] {processor.py:830} INFO - Processing file /opt/airflow/dags/NBA_dag.py for tasks to queue
[2024-08-05T18:19:14.067+0000] {logging_mixin.py:188} INFO - [2024-08-05T18:19:14.066+0000] {dagbag.py:545} INFO - Filling up the DagBag from /opt/airflow/dags/NBA_dag.py
[2024-08-05T18:19:14.999+0000] {processor.py:840} INFO - DAG(s) 'NPA_dag' retrieved from /opt/airflow/dags/NBA_dag.py
[2024-08-05T18:19:15.046+0000] {logging_mixin.py:188} INFO - [2024-08-05T18:19:15.046+0000] {dag.py:3089} INFO - Sync 1 DAGs
[2024-08-05T18:19:15.089+0000] {logging_mixin.py:188} INFO - [2024-08-05T18:19:15.088+0000] {dag.py:3947} INFO - Setting next_dagrun for NPA_dag to 2024-08-04 00:00:00+00:00, run_after=2024-08-05 00:00:00+00:00
[2024-08-05T18:19:16.311+0000] {processor.py:183} INFO - Processing /opt/airflow/dags/NBA_dag.py took 2.258 seconds
[2024-08-05T18:19:46.724+0000] {processor.py:161} INFO - Started process (PID=84) to work on /opt/airflow/dags/NBA_dag.py
[2024-08-05T18:19:46.726+0000] {processor.py:830} INFO - Processing file /opt/airflow/dags/NBA_dag.py for tasks to queue
[2024-08-05T18:19:46.729+0000] {logging_mixin.py:188} INFO - [2024-08-05T18:19:46.728+0000] {dagbag.py:545} INFO - Filling up the DagBag from /opt/airflow/dags/NBA_dag.py
[2024-08-05T18:19:47.634+0000] {processor.py:840} INFO - DAG(s) 'NPA_dag' retrieved from /opt/airflow/dags/NBA_dag.py
[2024-08-05T18:19:47.681+0000] {logging_mixin.py:188} INFO - [2024-08-05T18:19:47.680+0000] {dag.py:3089} INFO - Sync 1 DAGs
[2024-08-05T18:19:47.725+0000] {logging_mixin.py:188} INFO - [2024-08-05T18:19:47.725+0000] {dag.py:3947} INFO - Setting next_dagrun for NPA_dag to 2024-08-04 00:00:00+00:00, run_after=2024-08-05 00:00:00+00:00
[2024-08-05T18:19:47.967+0000] {processor.py:183} INFO - Processing /opt/airflow/dags/NBA_dag.py took 1.251 seconds
[2024-08-05T18:20:18.573+0000] {processor.py:161} INFO - Started process (PID=86) to work on /opt/airflow/dags/NBA_dag.py
[2024-08-05T18:20:18.575+0000] {processor.py:830} INFO - Processing file /opt/airflow/dags/NBA_dag.py for tasks to queue
[2024-08-05T18:20:18.578+0000] {logging_mixin.py:188} INFO - [2024-08-05T18:20:18.578+0000] {dagbag.py:545} INFO - Filling up the DagBag from /opt/airflow/dags/NBA_dag.py
[2024-08-05T18:20:19.496+0000] {processor.py:840} INFO - DAG(s) 'NPA_dag' retrieved from /opt/airflow/dags/NBA_dag.py
[2024-08-05T18:20:19.542+0000] {logging_mixin.py:188} INFO - [2024-08-05T18:20:19.541+0000] {dag.py:3089} INFO - Sync 1 DAGs
[2024-08-05T18:20:19.587+0000] {logging_mixin.py:188} INFO - [2024-08-05T18:20:19.587+0000] {dag.py:3947} INFO - Setting next_dagrun for NPA_dag to 2024-08-04 00:00:00+00:00, run_after=2024-08-05 00:00:00+00:00
[2024-08-05T18:20:19.897+0000] {processor.py:183} INFO - Processing /opt/airflow/dags/NBA_dag.py took 1.332 seconds
[2024-08-05T18:20:50.566+0000] {processor.py:161} INFO - Started process (PID=88) to work on /opt/airflow/dags/NBA_dag.py
[2024-08-05T18:20:50.568+0000] {processor.py:830} INFO - Processing file /opt/airflow/dags/NBA_dag.py for tasks to queue
[2024-08-05T18:20:50.571+0000] {logging_mixin.py:188} INFO - [2024-08-05T18:20:50.570+0000] {dagbag.py:545} INFO - Filling up the DagBag from /opt/airflow/dags/NBA_dag.py
[2024-08-05T18:20:51.310+0000] {processor.py:840} INFO - DAG(s) 'NPA_dag' retrieved from /opt/airflow/dags/NBA_dag.py
[2024-08-05T18:20:51.555+0000] {logging_mixin.py:188} INFO - [2024-08-05T18:20:51.554+0000] {dag.py:3089} INFO - Sync 1 DAGs
[2024-08-05T18:20:51.593+0000] {logging_mixin.py:188} INFO - [2024-08-05T18:20:51.593+0000] {dag.py:3947} INFO - Setting next_dagrun for NPA_dag to 2024-08-04 00:00:00+00:00, run_after=2024-08-05 00:00:00+00:00
[2024-08-05T18:20:51.880+0000] {processor.py:183} INFO - Processing /opt/airflow/dags/NBA_dag.py took 1.324 seconds
[2024-08-05T18:21:22.426+0000] {processor.py:161} INFO - Started process (PID=90) to work on /opt/airflow/dags/NBA_dag.py
[2024-08-05T18:21:22.428+0000] {processor.py:830} INFO - Processing file /opt/airflow/dags/NBA_dag.py for tasks to queue
[2024-08-05T18:21:22.431+0000] {logging_mixin.py:188} INFO - [2024-08-05T18:21:22.430+0000] {dagbag.py:545} INFO - Filling up the DagBag from /opt/airflow/dags/NBA_dag.py
[2024-08-05T18:21:23.150+0000] {processor.py:840} INFO - DAG(s) 'NPA_dag' retrieved from /opt/airflow/dags/NBA_dag.py
[2024-08-05T18:21:23.364+0000] {logging_mixin.py:188} INFO - [2024-08-05T18:21:23.363+0000] {dag.py:3089} INFO - Sync 1 DAGs
[2024-08-05T18:21:23.405+0000] {logging_mixin.py:188} INFO - [2024-08-05T18:21:23.404+0000] {dag.py:3947} INFO - Setting next_dagrun for NPA_dag to 2024-08-04 00:00:00+00:00, run_after=2024-08-05 00:00:00+00:00
[2024-08-05T18:21:23.621+0000] {processor.py:183} INFO - Processing /opt/airflow/dags/NBA_dag.py took 1.203 seconds
[2024-08-05T18:21:54.330+0000] {processor.py:161} INFO - Started process (PID=92) to work on /opt/airflow/dags/NBA_dag.py
[2024-08-05T18:21:54.332+0000] {processor.py:830} INFO - Processing file /opt/airflow/dags/NBA_dag.py for tasks to queue
[2024-08-05T18:21:54.335+0000] {logging_mixin.py:188} INFO - [2024-08-05T18:21:54.334+0000] {dagbag.py:545} INFO - Filling up the DagBag from /opt/airflow/dags/NBA_dag.py
[2024-08-05T18:21:55.069+0000] {processor.py:840} INFO - DAG(s) 'NPA_dag' retrieved from /opt/airflow/dags/NBA_dag.py
[2024-08-05T18:21:55.115+0000] {logging_mixin.py:188} INFO - [2024-08-05T18:21:55.114+0000] {dag.py:3089} INFO - Sync 1 DAGs
[2024-08-05T18:21:55.156+0000] {logging_mixin.py:188} INFO - [2024-08-05T18:21:55.155+0000] {dag.py:3947} INFO - Setting next_dagrun for NPA_dag to 2024-08-04 00:00:00+00:00, run_after=2024-08-05 00:00:00+00:00
[2024-08-05T18:21:55.395+0000] {processor.py:183} INFO - Processing /opt/airflow/dags/NBA_dag.py took 1.073 seconds
[2024-08-05T18:22:25.874+0000] {processor.py:161} INFO - Started process (PID=94) to work on /opt/airflow/dags/NBA_dag.py
[2024-08-05T18:22:25.876+0000] {processor.py:830} INFO - Processing file /opt/airflow/dags/NBA_dag.py for tasks to queue
[2024-08-05T18:22:25.882+0000] {logging_mixin.py:188} INFO - [2024-08-05T18:22:25.880+0000] {dagbag.py:545} INFO - Filling up the DagBag from /opt/airflow/dags/NBA_dag.py
[2024-08-05T18:22:27.760+0000] {processor.py:840} INFO - DAG(s) 'NPA_dag' retrieved from /opt/airflow/dags/NBA_dag.py
[2024-08-05T18:22:27.855+0000] {logging_mixin.py:188} INFO - [2024-08-05T18:22:27.854+0000] {dag.py:3089} INFO - Sync 1 DAGs
[2024-08-05T18:22:27.917+0000] {logging_mixin.py:188} INFO - [2024-08-05T18:22:27.916+0000] {dag.py:3947} INFO - Setting next_dagrun for NPA_dag to 2024-08-04 00:00:00+00:00, run_after=2024-08-05 00:00:00+00:00
[2024-08-05T18:22:28.143+0000] {processor.py:183} INFO - Processing /opt/airflow/dags/NBA_dag.py took 2.287 seconds
[2024-08-05T18:22:58.444+0000] {processor.py:161} INFO - Started process (PID=96) to work on /opt/airflow/dags/NBA_dag.py
[2024-08-05T18:22:58.445+0000] {processor.py:830} INFO - Processing file /opt/airflow/dags/NBA_dag.py for tasks to queue
[2024-08-05T18:22:58.448+0000] {logging_mixin.py:188} INFO - [2024-08-05T18:22:58.448+0000] {dagbag.py:545} INFO - Filling up the DagBag from /opt/airflow/dags/NBA_dag.py
[2024-08-05T18:22:59.371+0000] {processor.py:840} INFO - DAG(s) 'NPA_dag' retrieved from /opt/airflow/dags/NBA_dag.py
[2024-08-05T18:22:59.457+0000] {logging_mixin.py:188} INFO - [2024-08-05T18:22:59.456+0000] {dag.py:3089} INFO - Sync 1 DAGs
[2024-08-05T18:22:59.501+0000] {logging_mixin.py:188} INFO - [2024-08-05T18:22:59.501+0000] {dag.py:3947} INFO - Setting next_dagrun for NPA_dag to 2024-08-04 00:00:00+00:00, run_after=2024-08-05 00:00:00+00:00
[2024-08-05T18:22:59.787+0000] {processor.py:183} INFO - Processing /opt/airflow/dags/NBA_dag.py took 1.352 seconds
[2024-08-05T18:23:30.231+0000] {processor.py:161} INFO - Started process (PID=98) to work on /opt/airflow/dags/NBA_dag.py
[2024-08-05T18:23:30.232+0000] {processor.py:830} INFO - Processing file /opt/airflow/dags/NBA_dag.py for tasks to queue
[2024-08-05T18:23:30.235+0000] {logging_mixin.py:188} INFO - [2024-08-05T18:23:30.235+0000] {dagbag.py:545} INFO - Filling up the DagBag from /opt/airflow/dags/NBA_dag.py
[2024-08-05T18:23:31.159+0000] {processor.py:840} INFO - DAG(s) 'NPA_dag' retrieved from /opt/airflow/dags/NBA_dag.py
[2024-08-05T18:23:31.203+0000] {logging_mixin.py:188} INFO - [2024-08-05T18:23:31.203+0000] {dag.py:3089} INFO - Sync 1 DAGs
[2024-08-05T18:23:31.249+0000] {logging_mixin.py:188} INFO - [2024-08-05T18:23:31.248+0000] {dag.py:3947} INFO - Setting next_dagrun for NPA_dag to 2024-08-04 00:00:00+00:00, run_after=2024-08-05 00:00:00+00:00
[2024-08-05T18:23:31.464+0000] {processor.py:183} INFO - Processing /opt/airflow/dags/NBA_dag.py took 1.241 seconds
[2024-08-05T18:24:02.106+0000] {processor.py:161} INFO - Started process (PID=100) to work on /opt/airflow/dags/NBA_dag.py
[2024-08-05T18:24:02.108+0000] {processor.py:830} INFO - Processing file /opt/airflow/dags/NBA_dag.py for tasks to queue
[2024-08-05T18:24:02.111+0000] {logging_mixin.py:188} INFO - [2024-08-05T18:24:02.111+0000] {dagbag.py:545} INFO - Filling up the DagBag from /opt/airflow/dags/NBA_dag.py
[2024-08-05T18:24:03.018+0000] {processor.py:840} INFO - DAG(s) 'NPA_dag' retrieved from /opt/airflow/dags/NBA_dag.py
[2024-08-05T18:24:03.064+0000] {logging_mixin.py:188} INFO - [2024-08-05T18:24:03.063+0000] {dag.py:3089} INFO - Sync 1 DAGs
[2024-08-05T18:24:03.106+0000] {logging_mixin.py:188} INFO - [2024-08-05T18:24:03.106+0000] {dag.py:3947} INFO - Setting next_dagrun for NPA_dag to 2024-08-04 00:00:00+00:00, run_after=2024-08-05 00:00:00+00:00
[2024-08-05T18:24:03.314+0000] {processor.py:183} INFO - Processing /opt/airflow/dags/NBA_dag.py took 1.215 seconds
[2024-08-05T18:24:33.767+0000] {processor.py:161} INFO - Started process (PID=102) to work on /opt/airflow/dags/NBA_dag.py
[2024-08-05T18:24:33.769+0000] {processor.py:830} INFO - Processing file /opt/airflow/dags/NBA_dag.py for tasks to queue
[2024-08-05T18:24:33.772+0000] {logging_mixin.py:188} INFO - [2024-08-05T18:24:33.771+0000] {dagbag.py:545} INFO - Filling up the DagBag from /opt/airflow/dags/NBA_dag.py
[2024-08-05T18:24:34.498+0000] {processor.py:840} INFO - DAG(s) 'NPA_dag' retrieved from /opt/airflow/dags/NBA_dag.py
[2024-08-05T18:24:34.744+0000] {logging_mixin.py:188} INFO - [2024-08-05T18:24:34.743+0000] {dag.py:3089} INFO - Sync 1 DAGs
[2024-08-05T18:24:34.785+0000] {logging_mixin.py:188} INFO - [2024-08-05T18:24:34.785+0000] {dag.py:3947} INFO - Setting next_dagrun for NPA_dag to 2024-08-04 00:00:00+00:00, run_after=2024-08-05 00:00:00+00:00
[2024-08-05T18:24:34.993+0000] {processor.py:183} INFO - Processing /opt/airflow/dags/NBA_dag.py took 1.234 seconds
[2024-08-05T18:25:05.447+0000] {processor.py:161} INFO - Started process (PID=104) to work on /opt/airflow/dags/NBA_dag.py
[2024-08-05T18:25:05.449+0000] {processor.py:830} INFO - Processing file /opt/airflow/dags/NBA_dag.py for tasks to queue
[2024-08-05T18:25:05.452+0000] {logging_mixin.py:188} INFO - [2024-08-05T18:25:05.451+0000] {dagbag.py:545} INFO - Filling up the DagBag from /opt/airflow/dags/NBA_dag.py
[2024-08-05T18:25:06.352+0000] {processor.py:840} INFO - DAG(s) 'NPA_dag' retrieved from /opt/airflow/dags/NBA_dag.py
[2024-08-05T18:25:06.398+0000] {logging_mixin.py:188} INFO - [2024-08-05T18:25:06.397+0000] {dag.py:3089} INFO - Sync 1 DAGs
[2024-08-05T18:25:06.440+0000] {logging_mixin.py:188} INFO - [2024-08-05T18:25:06.440+0000] {dag.py:3947} INFO - Setting next_dagrun for NPA_dag to 2024-08-04 00:00:00+00:00, run_after=2024-08-05 00:00:00+00:00
[2024-08-05T18:25:06.663+0000] {processor.py:183} INFO - Processing /opt/airflow/dags/NBA_dag.py took 1.224 seconds
[2024-08-05T18:25:37.072+0000] {processor.py:161} INFO - Started process (PID=106) to work on /opt/airflow/dags/NBA_dag.py
[2024-08-05T18:25:37.074+0000] {processor.py:830} INFO - Processing file /opt/airflow/dags/NBA_dag.py for tasks to queue
[2024-08-05T18:25:37.077+0000] {logging_mixin.py:188} INFO - [2024-08-05T18:25:37.077+0000] {dagbag.py:545} INFO - Filling up the DagBag from /opt/airflow/dags/NBA_dag.py
[2024-08-05T18:25:38.016+0000] {processor.py:840} INFO - DAG(s) 'NPA_dag' retrieved from /opt/airflow/dags/NBA_dag.py
[2024-08-05T18:25:38.062+0000] {logging_mixin.py:188} INFO - [2024-08-05T18:25:38.061+0000] {dag.py:3089} INFO - Sync 1 DAGs
[2024-08-05T18:25:38.105+0000] {logging_mixin.py:188} INFO - [2024-08-05T18:25:38.104+0000] {dag.py:3947} INFO - Setting next_dagrun for NPA_dag to 2024-08-04 00:00:00+00:00, run_after=2024-08-05 00:00:00+00:00
[2024-08-05T18:25:38.536+0000] {processor.py:183} INFO - Processing /opt/airflow/dags/NBA_dag.py took 1.472 seconds
[2024-08-05T18:26:10.176+0000] {processor.py:161} INFO - Started process (PID=108) to work on /opt/airflow/dags/NBA_dag.py
[2024-08-05T18:26:10.177+0000] {processor.py:830} INFO - Processing file /opt/airflow/dags/NBA_dag.py for tasks to queue
[2024-08-05T18:26:10.180+0000] {logging_mixin.py:188} INFO - [2024-08-05T18:26:10.180+0000] {dagbag.py:545} INFO - Filling up the DagBag from /opt/airflow/dags/NBA_dag.py
[2024-08-05T18:26:11.108+0000] {processor.py:840} INFO - DAG(s) 'NPA_dag' retrieved from /opt/airflow/dags/NBA_dag.py
[2024-08-05T18:26:11.155+0000] {logging_mixin.py:188} INFO - [2024-08-05T18:26:11.154+0000] {dag.py:3089} INFO - Sync 1 DAGs
[2024-08-05T18:26:11.198+0000] {logging_mixin.py:188} INFO - [2024-08-05T18:26:11.197+0000] {dag.py:3947} INFO - Setting next_dagrun for NPA_dag to 2024-08-04 00:00:00+00:00, run_after=2024-08-05 00:00:00+00:00
[2024-08-05T18:26:11.392+0000] {processor.py:183} INFO - Processing /opt/airflow/dags/NBA_dag.py took 1.225 seconds
[2024-08-05T18:26:42.180+0000] {processor.py:161} INFO - Started process (PID=110) to work on /opt/airflow/dags/NBA_dag.py
[2024-08-05T18:26:42.182+0000] {processor.py:830} INFO - Processing file /opt/airflow/dags/NBA_dag.py for tasks to queue
[2024-08-05T18:26:42.185+0000] {logging_mixin.py:188} INFO - [2024-08-05T18:26:42.184+0000] {dagbag.py:545} INFO - Filling up the DagBag from /opt/airflow/dags/NBA_dag.py
[2024-08-05T18:26:43.090+0000] {processor.py:840} INFO - DAG(s) 'NPA_dag' retrieved from /opt/airflow/dags/NBA_dag.py
[2024-08-05T18:26:43.135+0000] {logging_mixin.py:188} INFO - [2024-08-05T18:26:43.134+0000] {dag.py:3089} INFO - Sync 1 DAGs
[2024-08-05T18:26:43.178+0000] {logging_mixin.py:188} INFO - [2024-08-05T18:26:43.178+0000] {dag.py:3947} INFO - Setting next_dagrun for NPA_dag to 2024-08-04 00:00:00+00:00, run_after=2024-08-05 00:00:00+00:00
[2024-08-05T18:26:43.361+0000] {processor.py:183} INFO - Processing /opt/airflow/dags/NBA_dag.py took 1.191 seconds
[2024-08-05T18:27:13.978+0000] {processor.py:161} INFO - Started process (PID=112) to work on /opt/airflow/dags/NBA_dag.py
[2024-08-05T18:27:13.980+0000] {processor.py:830} INFO - Processing file /opt/airflow/dags/NBA_dag.py for tasks to queue
[2024-08-05T18:27:13.983+0000] {logging_mixin.py:188} INFO - [2024-08-05T18:27:13.982+0000] {dagbag.py:545} INFO - Filling up the DagBag from /opt/airflow/dags/NBA_dag.py
[2024-08-05T18:27:14.856+0000] {processor.py:840} INFO - DAG(s) 'NPA_dag' retrieved from /opt/airflow/dags/NBA_dag.py
[2024-08-05T18:27:14.903+0000] {logging_mixin.py:188} INFO - [2024-08-05T18:27:14.902+0000] {dag.py:3089} INFO - Sync 1 DAGs
[2024-08-05T18:27:14.946+0000] {logging_mixin.py:188} INFO - [2024-08-05T18:27:14.946+0000] {dag.py:3947} INFO - Setting next_dagrun for NPA_dag to 2024-08-04 00:00:00+00:00, run_after=2024-08-05 00:00:00+00:00
[2024-08-05T18:27:15.160+0000] {processor.py:183} INFO - Processing /opt/airflow/dags/NBA_dag.py took 1.190 seconds
[2024-08-05T18:27:46.432+0000] {processor.py:161} INFO - Started process (PID=114) to work on /opt/airflow/dags/NBA_dag.py
[2024-08-05T18:27:46.434+0000] {processor.py:830} INFO - Processing file /opt/airflow/dags/NBA_dag.py for tasks to queue
[2024-08-05T18:27:46.437+0000] {logging_mixin.py:188} INFO - [2024-08-05T18:27:46.437+0000] {dagbag.py:545} INFO - Filling up the DagBag from /opt/airflow/dags/NBA_dag.py
[2024-08-05T18:27:47.161+0000] {processor.py:840} INFO - DAG(s) 'NPA_dag' retrieved from /opt/airflow/dags/NBA_dag.py
[2024-08-05T18:27:47.383+0000] {logging_mixin.py:188} INFO - [2024-08-05T18:27:47.382+0000] {dag.py:3089} INFO - Sync 1 DAGs
[2024-08-05T18:27:47.427+0000] {logging_mixin.py:188} INFO - [2024-08-05T18:27:47.427+0000] {dag.py:3947} INFO - Setting next_dagrun for NPA_dag to 2024-08-04 00:00:00+00:00, run_after=2024-08-05 00:00:00+00:00
[2024-08-05T18:27:47.698+0000] {processor.py:183} INFO - Processing /opt/airflow/dags/NBA_dag.py took 1.274 seconds
[2024-08-05T18:28:18.635+0000] {processor.py:161} INFO - Started process (PID=116) to work on /opt/airflow/dags/NBA_dag.py
[2024-08-05T18:28:18.637+0000] {processor.py:830} INFO - Processing file /opt/airflow/dags/NBA_dag.py for tasks to queue
[2024-08-05T18:28:18.640+0000] {logging_mixin.py:188} INFO - [2024-08-05T18:28:18.639+0000] {dagbag.py:545} INFO - Filling up the DagBag from /opt/airflow/dags/NBA_dag.py
[2024-08-05T18:28:19.563+0000] {processor.py:840} INFO - DAG(s) 'NPA_dag' retrieved from /opt/airflow/dags/NBA_dag.py
[2024-08-05T18:28:19.610+0000] {logging_mixin.py:188} INFO - [2024-08-05T18:28:19.610+0000] {dag.py:3089} INFO - Sync 1 DAGs
[2024-08-05T18:28:19.652+0000] {logging_mixin.py:188} INFO - [2024-08-05T18:28:19.652+0000] {dag.py:3947} INFO - Setting next_dagrun for NPA_dag to 2024-08-04 00:00:00+00:00, run_after=2024-08-05 00:00:00+00:00
[2024-08-05T18:28:19.851+0000] {processor.py:183} INFO - Processing /opt/airflow/dags/NBA_dag.py took 1.224 seconds
[2024-08-05T18:28:51.187+0000] {processor.py:161} INFO - Started process (PID=118) to work on /opt/airflow/dags/NBA_dag.py
[2024-08-05T18:28:51.189+0000] {processor.py:830} INFO - Processing file /opt/airflow/dags/NBA_dag.py for tasks to queue
[2024-08-05T18:28:51.192+0000] {logging_mixin.py:188} INFO - [2024-08-05T18:28:51.191+0000] {dagbag.py:545} INFO - Filling up the DagBag from /opt/airflow/dags/NBA_dag.py
[2024-08-05T18:28:52.101+0000] {processor.py:840} INFO - DAG(s) 'NPA_dag' retrieved from /opt/airflow/dags/NBA_dag.py
[2024-08-05T18:28:52.147+0000] {logging_mixin.py:188} INFO - [2024-08-05T18:28:52.146+0000] {dag.py:3089} INFO - Sync 1 DAGs
[2024-08-05T18:28:52.187+0000] {logging_mixin.py:188} INFO - [2024-08-05T18:28:52.186+0000] {dag.py:3947} INFO - Setting next_dagrun for NPA_dag to 2024-08-04 00:00:00+00:00, run_after=2024-08-05 00:00:00+00:00
[2024-08-05T18:28:52.473+0000] {processor.py:183} INFO - Processing /opt/airflow/dags/NBA_dag.py took 1.294 seconds
[2024-08-05T18:29:22.844+0000] {processor.py:161} INFO - Started process (PID=120) to work on /opt/airflow/dags/NBA_dag.py
[2024-08-05T18:29:22.846+0000] {processor.py:830} INFO - Processing file /opt/airflow/dags/NBA_dag.py for tasks to queue
[2024-08-05T18:29:22.849+0000] {logging_mixin.py:188} INFO - [2024-08-05T18:29:22.848+0000] {dagbag.py:545} INFO - Filling up the DagBag from /opt/airflow/dags/NBA_dag.py
[2024-08-05T18:29:23.944+0000] {processor.py:840} INFO - DAG(s) 'NPA_dag' retrieved from /opt/airflow/dags/NBA_dag.py
[2024-08-05T18:29:23.996+0000] {logging_mixin.py:188} INFO - [2024-08-05T18:29:23.996+0000] {dag.py:3089} INFO - Sync 1 DAGs
[2024-08-05T18:29:24.041+0000] {logging_mixin.py:188} INFO - [2024-08-05T18:29:24.041+0000] {dag.py:3947} INFO - Setting next_dagrun for NPA_dag to 2024-08-04 00:00:00+00:00, run_after=2024-08-05 00:00:00+00:00
[2024-08-05T18:29:24.323+0000] {processor.py:183} INFO - Processing /opt/airflow/dags/NBA_dag.py took 1.491 seconds
[2024-08-05T18:29:54.947+0000] {processor.py:161} INFO - Started process (PID=122) to work on /opt/airflow/dags/NBA_dag.py
[2024-08-05T18:29:54.949+0000] {processor.py:830} INFO - Processing file /opt/airflow/dags/NBA_dag.py for tasks to queue
[2024-08-05T18:29:54.952+0000] {logging_mixin.py:188} INFO - [2024-08-05T18:29:54.952+0000] {dagbag.py:545} INFO - Filling up the DagBag from /opt/airflow/dags/NBA_dag.py
[2024-08-05T18:29:55.892+0000] {processor.py:840} INFO - DAG(s) 'NPA_dag' retrieved from /opt/airflow/dags/NBA_dag.py
[2024-08-05T18:29:55.940+0000] {logging_mixin.py:188} INFO - [2024-08-05T18:29:55.939+0000] {dag.py:3089} INFO - Sync 1 DAGs
[2024-08-05T18:29:55.983+0000] {logging_mixin.py:188} INFO - [2024-08-05T18:29:55.982+0000] {dag.py:3947} INFO - Setting next_dagrun for NPA_dag to 2024-08-04 00:00:00+00:00, run_after=2024-08-05 00:00:00+00:00
[2024-08-05T18:29:56.177+0000] {processor.py:183} INFO - Processing /opt/airflow/dags/NBA_dag.py took 1.239 seconds
[2024-08-05T18:30:26.481+0000] {processor.py:161} INFO - Started process (PID=124) to work on /opt/airflow/dags/NBA_dag.py
[2024-08-05T18:30:26.483+0000] {processor.py:830} INFO - Processing file /opt/airflow/dags/NBA_dag.py for tasks to queue
[2024-08-05T18:30:26.486+0000] {logging_mixin.py:188} INFO - [2024-08-05T18:30:26.486+0000] {dagbag.py:545} INFO - Filling up the DagBag from /opt/airflow/dags/NBA_dag.py
[2024-08-05T18:30:27.441+0000] {processor.py:840} INFO - DAG(s) 'NPA_dag' retrieved from /opt/airflow/dags/NBA_dag.py
[2024-08-05T18:30:27.487+0000] {logging_mixin.py:188} INFO - [2024-08-05T18:30:27.487+0000] {dag.py:3089} INFO - Sync 1 DAGs
[2024-08-05T18:30:27.528+0000] {logging_mixin.py:188} INFO - [2024-08-05T18:30:27.528+0000] {dag.py:3947} INFO - Setting next_dagrun for NPA_dag to 2024-08-04 00:00:00+00:00, run_after=2024-08-05 00:00:00+00:00
[2024-08-05T18:30:27.734+0000] {processor.py:183} INFO - Processing /opt/airflow/dags/NBA_dag.py took 1.261 seconds
[2024-08-05T18:30:58.122+0000] {processor.py:161} INFO - Started process (PID=126) to work on /opt/airflow/dags/NBA_dag.py
[2024-08-05T18:30:58.123+0000] {processor.py:830} INFO - Processing file /opt/airflow/dags/NBA_dag.py for tasks to queue
[2024-08-05T18:30:58.127+0000] {logging_mixin.py:188} INFO - [2024-08-05T18:30:58.126+0000] {dagbag.py:545} INFO - Filling up the DagBag from /opt/airflow/dags/NBA_dag.py
[2024-08-05T18:30:59.015+0000] {processor.py:840} INFO - DAG(s) 'NPA_dag' retrieved from /opt/airflow/dags/NBA_dag.py
[2024-08-05T18:30:59.061+0000] {logging_mixin.py:188} INFO - [2024-08-05T18:30:59.060+0000] {dag.py:3089} INFO - Sync 1 DAGs
[2024-08-05T18:30:59.100+0000] {logging_mixin.py:188} INFO - [2024-08-05T18:30:59.099+0000] {dag.py:3947} INFO - Setting next_dagrun for NPA_dag to 2024-08-04 00:00:00+00:00, run_after=2024-08-05 00:00:00+00:00
[2024-08-05T18:30:59.286+0000] {processor.py:183} INFO - Processing /opt/airflow/dags/NBA_dag.py took 1.174 seconds
[2024-08-05T18:31:30.030+0000] {processor.py:161} INFO - Started process (PID=128) to work on /opt/airflow/dags/NBA_dag.py
[2024-08-05T18:31:30.032+0000] {processor.py:830} INFO - Processing file /opt/airflow/dags/NBA_dag.py for tasks to queue
[2024-08-05T18:31:30.035+0000] {logging_mixin.py:188} INFO - [2024-08-05T18:31:30.034+0000] {dagbag.py:545} INFO - Filling up the DagBag from /opt/airflow/dags/NBA_dag.py
[2024-08-05T18:31:31.010+0000] {processor.py:840} INFO - DAG(s) 'NPA_dag' retrieved from /opt/airflow/dags/NBA_dag.py
[2024-08-05T18:31:31.055+0000] {logging_mixin.py:188} INFO - [2024-08-05T18:31:31.054+0000] {dag.py:3089} INFO - Sync 1 DAGs
[2024-08-05T18:31:31.095+0000] {logging_mixin.py:188} INFO - [2024-08-05T18:31:31.095+0000] {dag.py:3947} INFO - Setting next_dagrun for NPA_dag to 2024-08-04 00:00:00+00:00, run_after=2024-08-05 00:00:00+00:00
[2024-08-05T18:31:31.327+0000] {processor.py:183} INFO - Processing /opt/airflow/dags/NBA_dag.py took 1.306 seconds
[2024-08-05T18:32:02.022+0000] {processor.py:161} INFO - Started process (PID=130) to work on /opt/airflow/dags/NBA_dag.py
[2024-08-05T18:32:02.024+0000] {processor.py:830} INFO - Processing file /opt/airflow/dags/NBA_dag.py for tasks to queue
[2024-08-05T18:32:02.028+0000] {logging_mixin.py:188} INFO - [2024-08-05T18:32:02.027+0000] {dagbag.py:545} INFO - Filling up the DagBag from /opt/airflow/dags/NBA_dag.py
[2024-08-05T18:32:02.929+0000] {processor.py:840} INFO - DAG(s) 'NPA_dag' retrieved from /opt/airflow/dags/NBA_dag.py
[2024-08-05T18:32:02.975+0000] {logging_mixin.py:188} INFO - [2024-08-05T18:32:02.974+0000] {dag.py:3089} INFO - Sync 1 DAGs
[2024-08-05T18:32:03.017+0000] {logging_mixin.py:188} INFO - [2024-08-05T18:32:03.016+0000] {dag.py:3947} INFO - Setting next_dagrun for NPA_dag to 2024-08-04 00:00:00+00:00, run_after=2024-08-05 00:00:00+00:00
[2024-08-05T18:32:03.224+0000] {processor.py:183} INFO - Processing /opt/airflow/dags/NBA_dag.py took 1.216 seconds
[2024-08-05T18:32:33.714+0000] {processor.py:161} INFO - Started process (PID=132) to work on /opt/airflow/dags/NBA_dag.py
[2024-08-05T18:32:33.716+0000] {processor.py:830} INFO - Processing file /opt/airflow/dags/NBA_dag.py for tasks to queue
[2024-08-05T18:32:33.719+0000] {logging_mixin.py:188} INFO - [2024-08-05T18:32:33.719+0000] {dagbag.py:545} INFO - Filling up the DagBag from /opt/airflow/dags/NBA_dag.py
[2024-08-05T18:32:34.645+0000] {processor.py:840} INFO - DAG(s) 'NPA_dag' retrieved from /opt/airflow/dags/NBA_dag.py
[2024-08-05T18:32:34.690+0000] {logging_mixin.py:188} INFO - [2024-08-05T18:32:34.689+0000] {dag.py:3089} INFO - Sync 1 DAGs
[2024-08-05T18:32:34.732+0000] {logging_mixin.py:188} INFO - [2024-08-05T18:32:34.732+0000] {dag.py:3947} INFO - Setting next_dagrun for NPA_dag to 2024-08-04 00:00:00+00:00, run_after=2024-08-05 00:00:00+00:00
[2024-08-05T18:32:34.930+0000] {processor.py:183} INFO - Processing /opt/airflow/dags/NBA_dag.py took 1.225 seconds
[2024-08-05T18:33:05.404+0000] {processor.py:161} INFO - Started process (PID=134) to work on /opt/airflow/dags/NBA_dag.py
[2024-08-05T18:33:05.406+0000] {processor.py:830} INFO - Processing file /opt/airflow/dags/NBA_dag.py for tasks to queue
[2024-08-05T18:33:05.409+0000] {logging_mixin.py:188} INFO - [2024-08-05T18:33:05.408+0000] {dagbag.py:545} INFO - Filling up the DagBag from /opt/airflow/dags/NBA_dag.py
[2024-08-05T18:33:06.379+0000] {processor.py:840} INFO - DAG(s) 'NPA_dag' retrieved from /opt/airflow/dags/NBA_dag.py
[2024-08-05T18:33:06.430+0000] {logging_mixin.py:188} INFO - [2024-08-05T18:33:06.429+0000] {dag.py:3089} INFO - Sync 1 DAGs
[2024-08-05T18:33:06.478+0000] {logging_mixin.py:188} INFO - [2024-08-05T18:33:06.477+0000] {dag.py:3947} INFO - Setting next_dagrun for NPA_dag to 2024-08-04 00:00:00+00:00, run_after=2024-08-05 00:00:00+00:00
[2024-08-05T18:33:06.699+0000] {processor.py:183} INFO - Processing /opt/airflow/dags/NBA_dag.py took 1.304 seconds
[2024-08-05T18:33:36.985+0000] {processor.py:161} INFO - Started process (PID=136) to work on /opt/airflow/dags/NBA_dag.py
[2024-08-05T18:33:36.986+0000] {processor.py:830} INFO - Processing file /opt/airflow/dags/NBA_dag.py for tasks to queue
[2024-08-05T18:33:36.989+0000] {logging_mixin.py:188} INFO - [2024-08-05T18:33:36.989+0000] {dagbag.py:545} INFO - Filling up the DagBag from /opt/airflow/dags/NBA_dag.py
[2024-08-05T18:33:37.895+0000] {processor.py:840} INFO - DAG(s) 'NPA_dag' retrieved from /opt/airflow/dags/NBA_dag.py
[2024-08-05T18:33:37.940+0000] {logging_mixin.py:188} INFO - [2024-08-05T18:33:37.939+0000] {dag.py:3089} INFO - Sync 1 DAGs
[2024-08-05T18:33:37.979+0000] {logging_mixin.py:188} INFO - [2024-08-05T18:33:37.978+0000] {dag.py:3947} INFO - Setting next_dagrun for NPA_dag to 2024-08-04 00:00:00+00:00, run_after=2024-08-05 00:00:00+00:00
[2024-08-05T18:33:38.198+0000] {processor.py:183} INFO - Processing /opt/airflow/dags/NBA_dag.py took 1.222 seconds
[2024-08-05T18:34:08.695+0000] {processor.py:161} INFO - Started process (PID=138) to work on /opt/airflow/dags/NBA_dag.py
[2024-08-05T18:34:08.697+0000] {processor.py:830} INFO - Processing file /opt/airflow/dags/NBA_dag.py for tasks to queue
[2024-08-05T18:34:08.700+0000] {logging_mixin.py:188} INFO - [2024-08-05T18:34:08.699+0000] {dagbag.py:545} INFO - Filling up the DagBag from /opt/airflow/dags/NBA_dag.py
[2024-08-05T18:34:09.614+0000] {processor.py:840} INFO - DAG(s) 'NPA_dag' retrieved from /opt/airflow/dags/NBA_dag.py
[2024-08-05T18:34:09.658+0000] {logging_mixin.py:188} INFO - [2024-08-05T18:34:09.658+0000] {dag.py:3089} INFO - Sync 1 DAGs
[2024-08-05T18:34:09.697+0000] {logging_mixin.py:188} INFO - [2024-08-05T18:34:09.697+0000] {dag.py:3947} INFO - Setting next_dagrun for NPA_dag to 2024-08-04 00:00:00+00:00, run_after=2024-08-05 00:00:00+00:00
[2024-08-05T18:34:09.911+0000] {processor.py:183} INFO - Processing /opt/airflow/dags/NBA_dag.py took 1.226 seconds
[2024-08-05T18:34:40.267+0000] {processor.py:161} INFO - Started process (PID=140) to work on /opt/airflow/dags/NBA_dag.py
[2024-08-05T18:34:40.269+0000] {processor.py:830} INFO - Processing file /opt/airflow/dags/NBA_dag.py for tasks to queue
[2024-08-05T18:34:40.272+0000] {logging_mixin.py:188} INFO - [2024-08-05T18:34:40.272+0000] {dagbag.py:545} INFO - Filling up the DagBag from /opt/airflow/dags/NBA_dag.py
[2024-08-05T18:34:41.188+0000] {processor.py:840} INFO - DAG(s) 'NPA_dag' retrieved from /opt/airflow/dags/NBA_dag.py
[2024-08-05T18:34:41.234+0000] {logging_mixin.py:188} INFO - [2024-08-05T18:34:41.233+0000] {dag.py:3089} INFO - Sync 1 DAGs
[2024-08-05T18:34:41.276+0000] {logging_mixin.py:188} INFO - [2024-08-05T18:34:41.276+0000] {dag.py:3947} INFO - Setting next_dagrun for NPA_dag to 2024-08-04 00:00:00+00:00, run_after=2024-08-05 00:00:00+00:00
[2024-08-05T18:34:41.566+0000] {processor.py:183} INFO - Processing /opt/airflow/dags/NBA_dag.py took 1.307 seconds
[2024-08-05T18:35:11.952+0000] {processor.py:161} INFO - Started process (PID=142) to work on /opt/airflow/dags/NBA_dag.py
[2024-08-05T18:35:11.954+0000] {processor.py:830} INFO - Processing file /opt/airflow/dags/NBA_dag.py for tasks to queue
[2024-08-05T18:35:11.957+0000] {logging_mixin.py:188} INFO - [2024-08-05T18:35:11.957+0000] {dagbag.py:545} INFO - Filling up the DagBag from /opt/airflow/dags/NBA_dag.py
[2024-08-05T18:35:12.855+0000] {processor.py:840} INFO - DAG(s) 'NPA_dag' retrieved from /opt/airflow/dags/NBA_dag.py
[2024-08-05T18:35:12.898+0000] {logging_mixin.py:188} INFO - [2024-08-05T18:35:12.897+0000] {dag.py:3089} INFO - Sync 1 DAGs
[2024-08-05T18:35:12.943+0000] {logging_mixin.py:188} INFO - [2024-08-05T18:35:12.942+0000] {dag.py:3947} INFO - Setting next_dagrun for NPA_dag to 2024-08-04 00:00:00+00:00, run_after=2024-08-05 00:00:00+00:00
[2024-08-05T18:35:13.227+0000] {processor.py:183} INFO - Processing /opt/airflow/dags/NBA_dag.py took 1.286 seconds
[2024-08-05T18:35:43.786+0000] {processor.py:161} INFO - Started process (PID=144) to work on /opt/airflow/dags/NBA_dag.py
[2024-08-05T18:35:43.788+0000] {processor.py:830} INFO - Processing file /opt/airflow/dags/NBA_dag.py for tasks to queue
[2024-08-05T18:35:43.791+0000] {logging_mixin.py:188} INFO - [2024-08-05T18:35:43.790+0000] {dagbag.py:545} INFO - Filling up the DagBag from /opt/airflow/dags/NBA_dag.py
[2024-08-05T18:35:44.774+0000] {processor.py:840} INFO - DAG(s) 'NPA_dag' retrieved from /opt/airflow/dags/NBA_dag.py
[2024-08-05T18:35:44.821+0000] {logging_mixin.py:188} INFO - [2024-08-05T18:35:44.820+0000] {dag.py:3089} INFO - Sync 1 DAGs
[2024-08-05T18:35:44.864+0000] {logging_mixin.py:188} INFO - [2024-08-05T18:35:44.864+0000] {dag.py:3947} INFO - Setting next_dagrun for NPA_dag to 2024-08-04 00:00:00+00:00, run_after=2024-08-05 00:00:00+00:00
[2024-08-05T18:35:45.068+0000] {processor.py:183} INFO - Processing /opt/airflow/dags/NBA_dag.py took 1.291 seconds
[2024-08-05T18:36:15.457+0000] {processor.py:161} INFO - Started process (PID=146) to work on /opt/airflow/dags/NBA_dag.py
[2024-08-05T18:36:15.459+0000] {processor.py:830} INFO - Processing file /opt/airflow/dags/NBA_dag.py for tasks to queue
[2024-08-05T18:36:15.463+0000] {logging_mixin.py:188} INFO - [2024-08-05T18:36:15.462+0000] {dagbag.py:545} INFO - Filling up the DagBag from /opt/airflow/dags/NBA_dag.py
[2024-08-05T18:36:16.425+0000] {processor.py:840} INFO - DAG(s) 'NPA_dag' retrieved from /opt/airflow/dags/NBA_dag.py
[2024-08-05T18:36:16.472+0000] {logging_mixin.py:188} INFO - [2024-08-05T18:36:16.472+0000] {dag.py:3089} INFO - Sync 1 DAGs
[2024-08-05T18:36:16.515+0000] {logging_mixin.py:188} INFO - [2024-08-05T18:36:16.514+0000] {dag.py:3947} INFO - Setting next_dagrun for NPA_dag to 2024-08-04 00:00:00+00:00, run_after=2024-08-05 00:00:00+00:00
[2024-08-05T18:36:16.733+0000] {processor.py:183} INFO - Processing /opt/airflow/dags/NBA_dag.py took 1.285 seconds
[2024-08-05T18:36:47.244+0000] {processor.py:161} INFO - Started process (PID=148) to work on /opt/airflow/dags/NBA_dag.py
[2024-08-05T18:36:47.246+0000] {processor.py:830} INFO - Processing file /opt/airflow/dags/NBA_dag.py for tasks to queue
[2024-08-05T18:36:47.249+0000] {logging_mixin.py:188} INFO - [2024-08-05T18:36:47.248+0000] {dagbag.py:545} INFO - Filling up the DagBag from /opt/airflow/dags/NBA_dag.py
[2024-08-05T18:36:48.205+0000] {processor.py:840} INFO - DAG(s) 'NPA_dag' retrieved from /opt/airflow/dags/NBA_dag.py
[2024-08-05T18:36:48.252+0000] {logging_mixin.py:188} INFO - [2024-08-05T18:36:48.252+0000] {dag.py:3089} INFO - Sync 1 DAGs
[2024-08-05T18:36:48.293+0000] {logging_mixin.py:188} INFO - [2024-08-05T18:36:48.293+0000] {dag.py:3947} INFO - Setting next_dagrun for NPA_dag to 2024-08-04 00:00:00+00:00, run_after=2024-08-05 00:00:00+00:00
[2024-08-05T18:36:48.487+0000] {processor.py:183} INFO - Processing /opt/airflow/dags/NBA_dag.py took 1.251 seconds
[2024-08-05T18:37:18.777+0000] {processor.py:161} INFO - Started process (PID=150) to work on /opt/airflow/dags/NBA_dag.py
[2024-08-05T18:37:18.779+0000] {processor.py:830} INFO - Processing file /opt/airflow/dags/NBA_dag.py for tasks to queue
[2024-08-05T18:37:18.782+0000] {logging_mixin.py:188} INFO - [2024-08-05T18:37:18.781+0000] {dagbag.py:545} INFO - Filling up the DagBag from /opt/airflow/dags/NBA_dag.py
[2024-08-05T18:37:19.726+0000] {processor.py:840} INFO - DAG(s) 'NPA_dag' retrieved from /opt/airflow/dags/NBA_dag.py
[2024-08-05T18:37:19.779+0000] {logging_mixin.py:188} INFO - [2024-08-05T18:37:19.779+0000] {dag.py:3089} INFO - Sync 1 DAGs
[2024-08-05T18:37:19.820+0000] {logging_mixin.py:188} INFO - [2024-08-05T18:37:19.820+0000] {dag.py:3947} INFO - Setting next_dagrun for NPA_dag to 2024-08-04 00:00:00+00:00, run_after=2024-08-05 00:00:00+00:00
[2024-08-05T18:37:20.031+0000] {processor.py:183} INFO - Processing /opt/airflow/dags/NBA_dag.py took 1.263 seconds
[2024-08-05T18:37:50.532+0000] {processor.py:161} INFO - Started process (PID=152) to work on /opt/airflow/dags/NBA_dag.py
[2024-08-05T18:37:50.534+0000] {processor.py:830} INFO - Processing file /opt/airflow/dags/NBA_dag.py for tasks to queue
[2024-08-05T18:37:50.537+0000] {logging_mixin.py:188} INFO - [2024-08-05T18:37:50.536+0000] {dagbag.py:545} INFO - Filling up the DagBag from /opt/airflow/dags/NBA_dag.py
[2024-08-05T18:37:51.468+0000] {processor.py:840} INFO - DAG(s) 'NPA_dag' retrieved from /opt/airflow/dags/NBA_dag.py
[2024-08-05T18:37:51.517+0000] {logging_mixin.py:188} INFO - [2024-08-05T18:37:51.517+0000] {dag.py:3089} INFO - Sync 1 DAGs
[2024-08-05T18:37:51.558+0000] {logging_mixin.py:188} INFO - [2024-08-05T18:37:51.558+0000] {dag.py:3947} INFO - Setting next_dagrun for NPA_dag to 2024-08-04 00:00:00+00:00, run_after=2024-08-05 00:00:00+00:00
[2024-08-05T18:37:51.747+0000] {processor.py:183} INFO - Processing /opt/airflow/dags/NBA_dag.py took 1.225 seconds
[2024-08-05T18:38:22.472+0000] {processor.py:161} INFO - Started process (PID=154) to work on /opt/airflow/dags/NBA_dag.py
[2024-08-05T18:38:22.473+0000] {processor.py:830} INFO - Processing file /opt/airflow/dags/NBA_dag.py for tasks to queue
[2024-08-05T18:38:22.476+0000] {logging_mixin.py:188} INFO - [2024-08-05T18:38:22.476+0000] {dagbag.py:545} INFO - Filling up the DagBag from /opt/airflow/dags/NBA_dag.py
[2024-08-05T18:38:23.378+0000] {processor.py:840} INFO - DAG(s) 'NPA_dag' retrieved from /opt/airflow/dags/NBA_dag.py
[2024-08-05T18:38:23.424+0000] {logging_mixin.py:188} INFO - [2024-08-05T18:38:23.423+0000] {dag.py:3089} INFO - Sync 1 DAGs
[2024-08-05T18:38:23.463+0000] {logging_mixin.py:188} INFO - [2024-08-05T18:38:23.463+0000] {dag.py:3947} INFO - Setting next_dagrun for NPA_dag to 2024-08-04 00:00:00+00:00, run_after=2024-08-05 00:00:00+00:00
[2024-08-05T18:38:23.690+0000] {processor.py:183} INFO - Processing /opt/airflow/dags/NBA_dag.py took 1.227 seconds
[2024-08-05T18:38:54.094+0000] {processor.py:161} INFO - Started process (PID=156) to work on /opt/airflow/dags/NBA_dag.py
[2024-08-05T18:38:54.096+0000] {processor.py:830} INFO - Processing file /opt/airflow/dags/NBA_dag.py for tasks to queue
[2024-08-05T18:38:54.100+0000] {logging_mixin.py:188} INFO - [2024-08-05T18:38:54.099+0000] {dagbag.py:545} INFO - Filling up the DagBag from /opt/airflow/dags/NBA_dag.py
[2024-08-05T18:38:55.071+0000] {processor.py:840} INFO - DAG(s) 'NPA_dag' retrieved from /opt/airflow/dags/NBA_dag.py
[2024-08-05T18:38:55.119+0000] {logging_mixin.py:188} INFO - [2024-08-05T18:38:55.118+0000] {dag.py:3089} INFO - Sync 1 DAGs
[2024-08-05T18:38:55.165+0000] {logging_mixin.py:188} INFO - [2024-08-05T18:38:55.165+0000] {dag.py:3947} INFO - Setting next_dagrun for NPA_dag to 2024-08-04 00:00:00+00:00, run_after=2024-08-05 00:00:00+00:00
[2024-08-05T18:38:55.446+0000] {processor.py:183} INFO - Processing /opt/airflow/dags/NBA_dag.py took 1.366 seconds
[2024-08-05T18:39:25.713+0000] {processor.py:161} INFO - Started process (PID=158) to work on /opt/airflow/dags/NBA_dag.py
[2024-08-05T18:39:25.715+0000] {processor.py:830} INFO - Processing file /opt/airflow/dags/NBA_dag.py for tasks to queue
[2024-08-05T18:39:25.718+0000] {logging_mixin.py:188} INFO - [2024-08-05T18:39:25.718+0000] {dagbag.py:545} INFO - Filling up the DagBag from /opt/airflow/dags/NBA_dag.py
[2024-08-05T18:39:26.617+0000] {processor.py:840} INFO - DAG(s) 'NPA_dag' retrieved from /opt/airflow/dags/NBA_dag.py
[2024-08-05T18:39:26.659+0000] {logging_mixin.py:188} INFO - [2024-08-05T18:39:26.658+0000] {dag.py:3089} INFO - Sync 1 DAGs
[2024-08-05T18:39:26.697+0000] {logging_mixin.py:188} INFO - [2024-08-05T18:39:26.697+0000] {dag.py:3947} INFO - Setting next_dagrun for NPA_dag to 2024-08-04 00:00:00+00:00, run_after=2024-08-05 00:00:00+00:00
[2024-08-05T18:39:27.001+0000] {processor.py:183} INFO - Processing /opt/airflow/dags/NBA_dag.py took 1.297 seconds
[2024-08-05T18:39:57.634+0000] {processor.py:161} INFO - Started process (PID=160) to work on /opt/airflow/dags/NBA_dag.py
[2024-08-05T18:39:57.636+0000] {processor.py:830} INFO - Processing file /opt/airflow/dags/NBA_dag.py for tasks to queue
[2024-08-05T18:39:57.639+0000] {logging_mixin.py:188} INFO - [2024-08-05T18:39:57.638+0000] {dagbag.py:545} INFO - Filling up the DagBag from /opt/airflow/dags/NBA_dag.py
[2024-08-05T18:39:58.527+0000] {processor.py:840} INFO - DAG(s) 'NPA_dag' retrieved from /opt/airflow/dags/NBA_dag.py
[2024-08-05T18:39:58.574+0000] {logging_mixin.py:188} INFO - [2024-08-05T18:39:58.574+0000] {dag.py:3089} INFO - Sync 1 DAGs
[2024-08-05T18:39:58.615+0000] {logging_mixin.py:188} INFO - [2024-08-05T18:39:58.615+0000] {dag.py:3947} INFO - Setting next_dagrun for NPA_dag to 2024-08-04 00:00:00+00:00, run_after=2024-08-05 00:00:00+00:00
[2024-08-05T18:39:58.846+0000] {processor.py:183} INFO - Processing /opt/airflow/dags/NBA_dag.py took 1.221 seconds
[2024-08-05T18:40:29.312+0000] {processor.py:161} INFO - Started process (PID=162) to work on /opt/airflow/dags/NBA_dag.py
[2024-08-05T18:40:29.314+0000] {processor.py:830} INFO - Processing file /opt/airflow/dags/NBA_dag.py for tasks to queue
[2024-08-05T18:40:29.317+0000] {logging_mixin.py:188} INFO - [2024-08-05T18:40:29.316+0000] {dagbag.py:545} INFO - Filling up the DagBag from /opt/airflow/dags/NBA_dag.py
[2024-08-05T18:40:30.220+0000] {processor.py:840} INFO - DAG(s) 'NPA_dag' retrieved from /opt/airflow/dags/NBA_dag.py
[2024-08-05T18:40:30.266+0000] {logging_mixin.py:188} INFO - [2024-08-05T18:40:30.265+0000] {dag.py:3089} INFO - Sync 1 DAGs
[2024-08-05T18:40:30.308+0000] {logging_mixin.py:188} INFO - [2024-08-05T18:40:30.308+0000] {dag.py:3947} INFO - Setting next_dagrun for NPA_dag to 2024-08-04 00:00:00+00:00, run_after=2024-08-05 00:00:00+00:00
[2024-08-05T18:40:30.598+0000] {processor.py:183} INFO - Processing /opt/airflow/dags/NBA_dag.py took 1.295 seconds
[2024-08-05T18:41:01.062+0000] {processor.py:161} INFO - Started process (PID=164) to work on /opt/airflow/dags/NBA_dag.py
[2024-08-05T18:41:01.064+0000] {processor.py:830} INFO - Processing file /opt/airflow/dags/NBA_dag.py for tasks to queue
[2024-08-05T18:41:01.067+0000] {logging_mixin.py:188} INFO - [2024-08-05T18:41:01.066+0000] {dagbag.py:545} INFO - Filling up the DagBag from /opt/airflow/dags/NBA_dag.py
[2024-08-05T18:41:01.986+0000] {processor.py:840} INFO - DAG(s) 'NPA_dag' retrieved from /opt/airflow/dags/NBA_dag.py
[2024-08-05T18:41:02.029+0000] {logging_mixin.py:188} INFO - [2024-08-05T18:41:02.029+0000] {dag.py:3089} INFO - Sync 1 DAGs
[2024-08-05T18:41:02.070+0000] {logging_mixin.py:188} INFO - [2024-08-05T18:41:02.069+0000] {dag.py:3947} INFO - Setting next_dagrun for NPA_dag to 2024-08-04 00:00:00+00:00, run_after=2024-08-05 00:00:00+00:00
[2024-08-05T18:41:02.348+0000] {processor.py:183} INFO - Processing /opt/airflow/dags/NBA_dag.py took 1.294 seconds
[2024-08-05T18:41:32.735+0000] {processor.py:161} INFO - Started process (PID=166) to work on /opt/airflow/dags/NBA_dag.py
[2024-08-05T18:41:32.736+0000] {processor.py:830} INFO - Processing file /opt/airflow/dags/NBA_dag.py for tasks to queue
[2024-08-05T18:41:32.739+0000] {logging_mixin.py:188} INFO - [2024-08-05T18:41:32.739+0000] {dagbag.py:545} INFO - Filling up the DagBag from /opt/airflow/dags/NBA_dag.py
[2024-08-05T18:41:33.637+0000] {processor.py:840} INFO - DAG(s) 'NPA_dag' retrieved from /opt/airflow/dags/NBA_dag.py
[2024-08-05T18:41:33.679+0000] {logging_mixin.py:188} INFO - [2024-08-05T18:41:33.678+0000] {dag.py:3089} INFO - Sync 1 DAGs
[2024-08-05T18:41:33.717+0000] {logging_mixin.py:188} INFO - [2024-08-05T18:41:33.716+0000] {dag.py:3947} INFO - Setting next_dagrun for NPA_dag to 2024-08-04 00:00:00+00:00, run_after=2024-08-05 00:00:00+00:00
[2024-08-05T18:41:33.964+0000] {processor.py:183} INFO - Processing /opt/airflow/dags/NBA_dag.py took 1.238 seconds
[2024-08-05T18:42:04.449+0000] {processor.py:161} INFO - Started process (PID=168) to work on /opt/airflow/dags/NBA_dag.py
[2024-08-05T18:42:04.451+0000] {processor.py:830} INFO - Processing file /opt/airflow/dags/NBA_dag.py for tasks to queue
[2024-08-05T18:42:04.454+0000] {logging_mixin.py:188} INFO - [2024-08-05T18:42:04.453+0000] {dagbag.py:545} INFO - Filling up the DagBag from /opt/airflow/dags/NBA_dag.py
[2024-08-05T18:42:05.366+0000] {processor.py:840} INFO - DAG(s) 'NPA_dag' retrieved from /opt/airflow/dags/NBA_dag.py
[2024-08-05T18:42:05.413+0000] {logging_mixin.py:188} INFO - [2024-08-05T18:42:05.412+0000] {dag.py:3089} INFO - Sync 1 DAGs
[2024-08-05T18:42:05.454+0000] {logging_mixin.py:188} INFO - [2024-08-05T18:42:05.454+0000] {dag.py:3947} INFO - Setting next_dagrun for NPA_dag to 2024-08-04 00:00:00+00:00, run_after=2024-08-05 00:00:00+00:00
[2024-08-05T18:42:05.676+0000] {processor.py:183} INFO - Processing /opt/airflow/dags/NBA_dag.py took 1.236 seconds
[2024-08-05T18:42:35.855+0000] {processor.py:161} INFO - Started process (PID=170) to work on /opt/airflow/dags/NBA_dag.py
[2024-08-05T18:42:35.857+0000] {processor.py:830} INFO - Processing file /opt/airflow/dags/NBA_dag.py for tasks to queue
[2024-08-05T18:42:35.860+0000] {logging_mixin.py:188} INFO - [2024-08-05T18:42:35.860+0000] {dagbag.py:545} INFO - Filling up the DagBag from /opt/airflow/dags/NBA_dag.py
[2024-08-05T18:42:36.792+0000] {processor.py:840} INFO - DAG(s) 'NPA_dag' retrieved from /opt/airflow/dags/NBA_dag.py
[2024-08-05T18:42:36.840+0000] {logging_mixin.py:188} INFO - [2024-08-05T18:42:36.839+0000] {dag.py:3089} INFO - Sync 1 DAGs
[2024-08-05T18:42:36.881+0000] {logging_mixin.py:188} INFO - [2024-08-05T18:42:36.881+0000] {dag.py:3947} INFO - Setting next_dagrun for NPA_dag to 2024-08-04 00:00:00+00:00, run_after=2024-08-05 00:00:00+00:00
[2024-08-05T18:42:37.079+0000] {processor.py:183} INFO - Processing /opt/airflow/dags/NBA_dag.py took 1.232 seconds
[2024-08-05T18:43:07.603+0000] {processor.py:161} INFO - Started process (PID=172) to work on /opt/airflow/dags/NBA_dag.py
[2024-08-05T18:43:07.605+0000] {processor.py:830} INFO - Processing file /opt/airflow/dags/NBA_dag.py for tasks to queue
[2024-08-05T18:43:07.608+0000] {logging_mixin.py:188} INFO - [2024-08-05T18:43:07.607+0000] {dagbag.py:545} INFO - Filling up the DagBag from /opt/airflow/dags/NBA_dag.py
[2024-08-05T18:43:08.502+0000] {processor.py:840} INFO - DAG(s) 'NPA_dag' retrieved from /opt/airflow/dags/NBA_dag.py
[2024-08-05T18:43:08.547+0000] {logging_mixin.py:188} INFO - [2024-08-05T18:43:08.546+0000] {dag.py:3089} INFO - Sync 1 DAGs
[2024-08-05T18:43:08.587+0000] {logging_mixin.py:188} INFO - [2024-08-05T18:43:08.586+0000] {dag.py:3947} INFO - Setting next_dagrun for NPA_dag to 2024-08-04 00:00:00+00:00, run_after=2024-08-05 00:00:00+00:00
[2024-08-05T18:43:08.795+0000] {processor.py:183} INFO - Processing /opt/airflow/dags/NBA_dag.py took 1.201 seconds
[2024-08-05T18:43:39.122+0000] {processor.py:161} INFO - Started process (PID=174) to work on /opt/airflow/dags/NBA_dag.py
[2024-08-05T18:43:39.123+0000] {processor.py:830} INFO - Processing file /opt/airflow/dags/NBA_dag.py for tasks to queue
[2024-08-05T18:43:39.126+0000] {logging_mixin.py:188} INFO - [2024-08-05T18:43:39.126+0000] {dagbag.py:545} INFO - Filling up the DagBag from /opt/airflow/dags/NBA_dag.py
[2024-08-05T18:43:40.027+0000] {processor.py:840} INFO - DAG(s) 'NPA_dag' retrieved from /opt/airflow/dags/NBA_dag.py
[2024-08-05T18:43:40.073+0000] {logging_mixin.py:188} INFO - [2024-08-05T18:43:40.073+0000] {dag.py:3089} INFO - Sync 1 DAGs
[2024-08-05T18:43:40.116+0000] {logging_mixin.py:188} INFO - [2024-08-05T18:43:40.116+0000] {dag.py:3947} INFO - Setting next_dagrun for NPA_dag to 2024-08-04 00:00:00+00:00, run_after=2024-08-05 00:00:00+00:00
[2024-08-05T18:43:40.340+0000] {processor.py:183} INFO - Processing /opt/airflow/dags/NBA_dag.py took 1.227 seconds
[2024-08-05T18:44:10.507+0000] {processor.py:161} INFO - Started process (PID=176) to work on /opt/airflow/dags/NBA_dag.py
[2024-08-05T18:44:10.509+0000] {processor.py:830} INFO - Processing file /opt/airflow/dags/NBA_dag.py for tasks to queue
[2024-08-05T18:44:10.513+0000] {logging_mixin.py:188} INFO - [2024-08-05T18:44:10.512+0000] {dagbag.py:545} INFO - Filling up the DagBag from /opt/airflow/dags/NBA_dag.py
[2024-08-05T18:44:11.475+0000] {processor.py:840} INFO - DAG(s) 'NPA_dag' retrieved from /opt/airflow/dags/NBA_dag.py
[2024-08-05T18:44:11.518+0000] {logging_mixin.py:188} INFO - [2024-08-05T18:44:11.517+0000] {dag.py:3089} INFO - Sync 1 DAGs
[2024-08-05T18:44:11.740+0000] {logging_mixin.py:188} INFO - [2024-08-05T18:44:11.739+0000] {dag.py:3947} INFO - Setting next_dagrun for NPA_dag to 2024-08-04 00:00:00+00:00, run_after=2024-08-05 00:00:00+00:00
[2024-08-05T18:44:11.948+0000] {processor.py:183} INFO - Processing /opt/airflow/dags/NBA_dag.py took 1.449 seconds
[2024-08-05T18:44:42.497+0000] {processor.py:161} INFO - Started process (PID=178) to work on /opt/airflow/dags/NBA_dag.py
[2024-08-05T18:44:42.499+0000] {processor.py:830} INFO - Processing file /opt/airflow/dags/NBA_dag.py for tasks to queue
[2024-08-05T18:44:42.502+0000] {logging_mixin.py:188} INFO - [2024-08-05T18:44:42.501+0000] {dagbag.py:545} INFO - Filling up the DagBag from /opt/airflow/dags/NBA_dag.py
[2024-08-05T18:44:43.399+0000] {processor.py:840} INFO - DAG(s) 'NPA_dag' retrieved from /opt/airflow/dags/NBA_dag.py
[2024-08-05T18:44:43.444+0000] {logging_mixin.py:188} INFO - [2024-08-05T18:44:43.444+0000] {dag.py:3089} INFO - Sync 1 DAGs
[2024-08-05T18:44:43.486+0000] {logging_mixin.py:188} INFO - [2024-08-05T18:44:43.485+0000] {dag.py:3947} INFO - Setting next_dagrun for NPA_dag to 2024-08-04 00:00:00+00:00, run_after=2024-08-05 00:00:00+00:00
[2024-08-05T18:44:43.779+0000] {processor.py:183} INFO - Processing /opt/airflow/dags/NBA_dag.py took 1.292 seconds
[2024-08-05T18:45:14.162+0000] {processor.py:161} INFO - Started process (PID=180) to work on /opt/airflow/dags/NBA_dag.py
[2024-08-05T18:45:14.164+0000] {processor.py:830} INFO - Processing file /opt/airflow/dags/NBA_dag.py for tasks to queue
[2024-08-05T18:45:14.167+0000] {logging_mixin.py:188} INFO - [2024-08-05T18:45:14.166+0000] {dagbag.py:545} INFO - Filling up the DagBag from /opt/airflow/dags/NBA_dag.py
[2024-08-05T18:45:15.059+0000] {processor.py:840} INFO - DAG(s) 'NPA_dag' retrieved from /opt/airflow/dags/NBA_dag.py
[2024-08-05T18:45:15.107+0000] {logging_mixin.py:188} INFO - [2024-08-05T18:45:15.106+0000] {dag.py:3089} INFO - Sync 1 DAGs
[2024-08-05T18:45:15.151+0000] {logging_mixin.py:188} INFO - [2024-08-05T18:45:15.150+0000] {dag.py:3947} INFO - Setting next_dagrun for NPA_dag to 2024-08-04 00:00:00+00:00, run_after=2024-08-05 00:00:00+00:00
[2024-08-05T18:45:15.355+0000] {processor.py:183} INFO - Processing /opt/airflow/dags/NBA_dag.py took 1.202 seconds
[2024-08-05T18:45:30.649+0000] {processor.py:161} INFO - Started process (PID=182) to work on /opt/airflow/dags/NBA_dag.py
[2024-08-05T18:45:30.651+0000] {processor.py:830} INFO - Processing file /opt/airflow/dags/NBA_dag.py for tasks to queue
[2024-08-05T18:45:30.654+0000] {logging_mixin.py:188} INFO - [2024-08-05T18:45:30.653+0000] {dagbag.py:545} INFO - Filling up the DagBag from /opt/airflow/dags/NBA_dag.py
[2024-08-05T18:45:31.622+0000] {processor.py:840} INFO - DAG(s) 'NPA_dag' retrieved from /opt/airflow/dags/NBA_dag.py
[2024-08-05T18:45:31.666+0000] {logging_mixin.py:188} INFO - [2024-08-05T18:45:31.665+0000] {dag.py:3089} INFO - Sync 1 DAGs
[2024-08-05T18:45:31.707+0000] {logging_mixin.py:188} INFO - [2024-08-05T18:45:31.706+0000] {dag.py:3947} INFO - Setting next_dagrun for NPA_dag to 2024-08-04 00:00:00+00:00, run_after=2024-08-05 00:00:00+00:00
[2024-08-05T18:45:31.968+0000] {processor.py:183} INFO - Processing /opt/airflow/dags/NBA_dag.py took 1.328 seconds
[2024-08-05T18:45:32.890+0000] {processor.py:161} INFO - Started process (PID=184) to work on /opt/airflow/dags/NBA_dag.py
[2024-08-05T18:45:32.891+0000] {processor.py:830} INFO - Processing file /opt/airflow/dags/NBA_dag.py for tasks to queue
[2024-08-05T18:45:32.894+0000] {logging_mixin.py:188} INFO - [2024-08-05T18:45:32.894+0000] {dagbag.py:545} INFO - Filling up the DagBag from /opt/airflow/dags/NBA_dag.py
[2024-08-05T18:45:33.882+0000] {processor.py:840} INFO - DAG(s) 'NPA_dag' retrieved from /opt/airflow/dags/NBA_dag.py
[2024-08-05T18:45:33.932+0000] {logging_mixin.py:188} INFO - [2024-08-05T18:45:33.931+0000] {dag.py:3089} INFO - Sync 1 DAGs
[2024-08-05T18:45:33.980+0000] {logging_mixin.py:188} INFO - [2024-08-05T18:45:33.980+0000] {dag.py:3947} INFO - Setting next_dagrun for NPA_dag to 2024-08-04 00:00:00+00:00, run_after=2024-08-05 00:00:00+00:00
[2024-08-05T18:45:34.213+0000] {processor.py:183} INFO - Processing /opt/airflow/dags/NBA_dag.py took 1.333 seconds
[2024-08-05T18:46:04.819+0000] {processor.py:161} INFO - Started process (PID=186) to work on /opt/airflow/dags/NBA_dag.py
[2024-08-05T18:46:04.821+0000] {processor.py:830} INFO - Processing file /opt/airflow/dags/NBA_dag.py for tasks to queue
[2024-08-05T18:46:04.824+0000] {logging_mixin.py:188} INFO - [2024-08-05T18:46:04.823+0000] {dagbag.py:545} INFO - Filling up the DagBag from /opt/airflow/dags/NBA_dag.py
[2024-08-05T18:46:05.826+0000] {processor.py:840} INFO - DAG(s) 'NPA_dag' retrieved from /opt/airflow/dags/NBA_dag.py
[2024-08-05T18:46:05.873+0000] {logging_mixin.py:188} INFO - [2024-08-05T18:46:05.873+0000] {dag.py:3089} INFO - Sync 1 DAGs
[2024-08-05T18:46:05.914+0000] {logging_mixin.py:188} INFO - [2024-08-05T18:46:05.914+0000] {dag.py:3947} INFO - Setting next_dagrun for NPA_dag to 2024-08-04 00:00:00+00:00, run_after=2024-08-05 00:00:00+00:00
[2024-08-05T18:46:06.173+0000] {processor.py:183} INFO - Processing /opt/airflow/dags/NBA_dag.py took 1.363 seconds
[2024-08-05T18:46:07.592+0000] {processor.py:161} INFO - Started process (PID=188) to work on /opt/airflow/dags/NBA_dag.py
[2024-08-05T18:46:07.594+0000] {processor.py:830} INFO - Processing file /opt/airflow/dags/NBA_dag.py for tasks to queue
[2024-08-05T18:46:07.597+0000] {logging_mixin.py:188} INFO - [2024-08-05T18:46:07.596+0000] {dagbag.py:545} INFO - Filling up the DagBag from /opt/airflow/dags/NBA_dag.py
[2024-08-05T18:46:08.616+0000] {processor.py:840} INFO - DAG(s) 'NPA_dag' retrieved from /opt/airflow/dags/NBA_dag.py
[2024-08-05T18:46:08.683+0000] {logging_mixin.py:188} INFO - [2024-08-05T18:46:08.683+0000] {dag.py:3089} INFO - Sync 1 DAGs
[2024-08-05T18:46:08.728+0000] {logging_mixin.py:188} INFO - [2024-08-05T18:46:08.727+0000] {dag.py:3947} INFO - Setting next_dagrun for NPA_dag to 2024-08-04 00:00:00+00:00, run_after=2024-08-05 00:00:00+00:00
[2024-08-05T18:46:08.942+0000] {processor.py:183} INFO - Processing /opt/airflow/dags/NBA_dag.py took 1.359 seconds
[2024-08-05T18:46:39.401+0000] {processor.py:161} INFO - Started process (PID=190) to work on /opt/airflow/dags/NBA_dag.py
[2024-08-05T18:46:39.403+0000] {processor.py:830} INFO - Processing file /opt/airflow/dags/NBA_dag.py for tasks to queue
[2024-08-05T18:46:39.407+0000] {logging_mixin.py:188} INFO - [2024-08-05T18:46:39.406+0000] {dagbag.py:545} INFO - Filling up the DagBag from /opt/airflow/dags/NBA_dag.py
[2024-08-05T18:46:40.416+0000] {processor.py:840} INFO - DAG(s) 'NPA_dag' retrieved from /opt/airflow/dags/NBA_dag.py
[2024-08-05T18:46:40.486+0000] {logging_mixin.py:188} INFO - [2024-08-05T18:46:40.485+0000] {dag.py:3089} INFO - Sync 1 DAGs
[2024-08-05T18:46:40.531+0000] {logging_mixin.py:188} INFO - [2024-08-05T18:46:40.530+0000] {dag.py:3947} INFO - Setting next_dagrun for NPA_dag to 2024-08-04 00:00:00+00:00, run_after=2024-08-05 00:00:00+00:00
[2024-08-05T18:46:40.741+0000] {processor.py:183} INFO - Processing /opt/airflow/dags/NBA_dag.py took 1.351 seconds
