[2024-08-05T18:09:04.150+0000] {processor.py:161} INFO - Started process (PID=63) to work on /opt/airflow/dags/welcome_dag.py
[2024-08-05T18:09:04.152+0000] {processor.py:830} INFO - Processing file /opt/airflow/dags/welcome_dag.py for tasks to queue
[2024-08-05T18:09:04.155+0000] {logging_mixin.py:188} INFO - [2024-08-05T18:09:04.154+0000] {dagbag.py:545} INFO - Filling up the DagBag from /opt/airflow/dags/welcome_dag.py
[2024-08-05T18:09:04.207+0000] {processor.py:840} INFO - DAG(s) 'welcome_dag' retrieved from /opt/airflow/dags/welcome_dag.py
[2024-08-05T18:09:04.232+0000] {logging_mixin.py:188} INFO - [2024-08-05T18:09:04.232+0000] {dag.py:3089} INFO - Sync 1 DAGs
[2024-08-05T18:09:04.283+0000] {logging_mixin.py:188} INFO - [2024-08-05T18:09:04.283+0000] {dag.py:3947} INFO - Setting next_dagrun for welcome_dag to 2024-08-04 23:00:00+00:00, run_after=2024-08-05 23:00:00+00:00
[2024-08-05T18:09:04.503+0000] {processor.py:183} INFO - Processing /opt/airflow/dags/welcome_dag.py took 0.362 seconds
[2024-08-05T18:09:35.882+0000] {processor.py:161} INFO - Started process (PID=76) to work on /opt/airflow/dags/welcome_dag.py
[2024-08-05T18:09:35.886+0000] {processor.py:830} INFO - Processing file /opt/airflow/dags/welcome_dag.py for tasks to queue
[2024-08-05T18:09:35.889+0000] {logging_mixin.py:188} INFO - [2024-08-05T18:09:35.889+0000] {dagbag.py:545} INFO - Filling up the DagBag from /opt/airflow/dags/welcome_dag.py
[2024-08-05T18:09:35.943+0000] {processor.py:840} INFO - DAG(s) 'welcome_dag' retrieved from /opt/airflow/dags/welcome_dag.py
[2024-08-05T18:09:36.176+0000] {logging_mixin.py:188} INFO - [2024-08-05T18:09:36.176+0000] {dag.py:3089} INFO - Sync 1 DAGs
[2024-08-05T18:09:36.223+0000] {logging_mixin.py:188} INFO - [2024-08-05T18:09:36.222+0000] {dag.py:3947} INFO - Setting next_dagrun for welcome_dag to 2024-08-04 23:00:00+00:00, run_after=2024-08-05 23:00:00+00:00
[2024-08-05T18:09:36.434+0000] {processor.py:183} INFO - Processing /opt/airflow/dags/welcome_dag.py took 0.563 seconds
[2024-08-05T18:10:06.579+0000] {processor.py:161} INFO - Started process (PID=77) to work on /opt/airflow/dags/welcome_dag.py
[2024-08-05T18:10:06.581+0000] {processor.py:830} INFO - Processing file /opt/airflow/dags/welcome_dag.py for tasks to queue
[2024-08-05T18:10:06.584+0000] {logging_mixin.py:188} INFO - [2024-08-05T18:10:06.583+0000] {dagbag.py:545} INFO - Filling up the DagBag from /opt/airflow/dags/welcome_dag.py
[2024-08-05T18:10:06.637+0000] {processor.py:840} INFO - DAG(s) 'welcome_dag' retrieved from /opt/airflow/dags/welcome_dag.py
[2024-08-05T18:10:06.691+0000] {logging_mixin.py:188} INFO - [2024-08-05T18:10:06.691+0000] {dag.py:3089} INFO - Sync 1 DAGs
[2024-08-05T18:10:06.747+0000] {logging_mixin.py:188} INFO - [2024-08-05T18:10:06.747+0000] {dag.py:3947} INFO - Setting next_dagrun for welcome_dag to 2024-08-04 23:00:00+00:00, run_after=2024-08-05 23:00:00+00:00
[2024-08-05T18:10:07.022+0000] {processor.py:183} INFO - Processing /opt/airflow/dags/welcome_dag.py took 0.452 seconds
[2024-08-05T18:10:38.204+0000] {processor.py:161} INFO - Started process (PID=78) to work on /opt/airflow/dags/welcome_dag.py
[2024-08-05T18:10:38.206+0000] {processor.py:830} INFO - Processing file /opt/airflow/dags/welcome_dag.py for tasks to queue
[2024-08-05T18:10:38.210+0000] {logging_mixin.py:188} INFO - [2024-08-05T18:10:38.209+0000] {dagbag.py:545} INFO - Filling up the DagBag from /opt/airflow/dags/welcome_dag.py
[2024-08-05T18:10:38.271+0000] {processor.py:840} INFO - DAG(s) 'welcome_dag' retrieved from /opt/airflow/dags/welcome_dag.py
[2024-08-05T18:10:38.331+0000] {logging_mixin.py:188} INFO - [2024-08-05T18:10:38.331+0000] {dag.py:3089} INFO - Sync 1 DAGs
[2024-08-05T18:10:38.386+0000] {logging_mixin.py:188} INFO - [2024-08-05T18:10:38.386+0000] {dag.py:3947} INFO - Setting next_dagrun for welcome_dag to 2024-08-04 23:00:00+00:00, run_after=2024-08-05 23:00:00+00:00
[2024-08-05T18:10:38.702+0000] {processor.py:183} INFO - Processing /opt/airflow/dags/welcome_dag.py took 0.507 seconds
[2024-08-05T18:11:08.991+0000] {processor.py:161} INFO - Started process (PID=79) to work on /opt/airflow/dags/welcome_dag.py
[2024-08-05T18:11:08.993+0000] {processor.py:830} INFO - Processing file /opt/airflow/dags/welcome_dag.py for tasks to queue
[2024-08-05T18:11:08.996+0000] {logging_mixin.py:188} INFO - [2024-08-05T18:11:08.995+0000] {dagbag.py:545} INFO - Filling up the DagBag from /opt/airflow/dags/welcome_dag.py
[2024-08-05T18:11:09.049+0000] {processor.py:840} INFO - DAG(s) 'welcome_dag' retrieved from /opt/airflow/dags/welcome_dag.py
[2024-08-05T18:11:09.105+0000] {logging_mixin.py:188} INFO - [2024-08-05T18:11:09.105+0000] {dag.py:3089} INFO - Sync 1 DAGs
[2024-08-05T18:11:09.156+0000] {logging_mixin.py:188} INFO - [2024-08-05T18:11:09.155+0000] {dag.py:3947} INFO - Setting next_dagrun for welcome_dag to 2024-08-04 23:00:00+00:00, run_after=2024-08-05 23:00:00+00:00
[2024-08-05T18:11:09.362+0000] {processor.py:183} INFO - Processing /opt/airflow/dags/welcome_dag.py took 0.380 seconds
[2024-08-05T18:11:39.952+0000] {processor.py:161} INFO - Started process (PID=80) to work on /opt/airflow/dags/welcome_dag.py
[2024-08-05T18:11:39.954+0000] {processor.py:830} INFO - Processing file /opt/airflow/dags/welcome_dag.py for tasks to queue
[2024-08-05T18:11:39.959+0000] {logging_mixin.py:188} INFO - [2024-08-05T18:11:39.957+0000] {dagbag.py:545} INFO - Filling up the DagBag from /opt/airflow/dags/welcome_dag.py
[2024-08-05T18:11:40.011+0000] {processor.py:840} INFO - DAG(s) 'welcome_dag' retrieved from /opt/airflow/dags/welcome_dag.py
[2024-08-05T18:11:40.069+0000] {logging_mixin.py:188} INFO - [2024-08-05T18:11:40.068+0000] {dag.py:3089} INFO - Sync 1 DAGs
[2024-08-05T18:11:40.118+0000] {logging_mixin.py:188} INFO - [2024-08-05T18:11:40.117+0000] {dag.py:3947} INFO - Setting next_dagrun for welcome_dag to 2024-08-04 23:00:00+00:00, run_after=2024-08-05 23:00:00+00:00
[2024-08-05T18:11:40.410+0000] {processor.py:183} INFO - Processing /opt/airflow/dags/welcome_dag.py took 0.467 seconds
[2024-08-05T18:12:10.574+0000] {processor.py:161} INFO - Started process (PID=81) to work on /opt/airflow/dags/welcome_dag.py
[2024-08-05T18:12:10.575+0000] {processor.py:830} INFO - Processing file /opt/airflow/dags/welcome_dag.py for tasks to queue
[2024-08-05T18:12:10.579+0000] {logging_mixin.py:188} INFO - [2024-08-05T18:12:10.578+0000] {dagbag.py:545} INFO - Filling up the DagBag from /opt/airflow/dags/welcome_dag.py
[2024-08-05T18:12:10.631+0000] {processor.py:840} INFO - DAG(s) 'welcome_dag' retrieved from /opt/airflow/dags/welcome_dag.py
[2024-08-05T18:12:10.688+0000] {logging_mixin.py:188} INFO - [2024-08-05T18:12:10.687+0000] {dag.py:3089} INFO - Sync 1 DAGs
[2024-08-05T18:12:10.735+0000] {logging_mixin.py:188} INFO - [2024-08-05T18:12:10.735+0000] {dag.py:3947} INFO - Setting next_dagrun for welcome_dag to 2024-08-04 23:00:00+00:00, run_after=2024-08-05 23:00:00+00:00
[2024-08-05T18:12:11.004+0000] {processor.py:183} INFO - Processing /opt/airflow/dags/welcome_dag.py took 0.439 seconds
[2024-08-05T18:12:41.170+0000] {processor.py:161} INFO - Started process (PID=82) to work on /opt/airflow/dags/welcome_dag.py
[2024-08-05T18:12:41.171+0000] {processor.py:830} INFO - Processing file /opt/airflow/dags/welcome_dag.py for tasks to queue
[2024-08-05T18:12:41.174+0000] {logging_mixin.py:188} INFO - [2024-08-05T18:12:41.174+0000] {dagbag.py:545} INFO - Filling up the DagBag from /opt/airflow/dags/welcome_dag.py
[2024-08-05T18:12:41.224+0000] {processor.py:840} INFO - DAG(s) 'welcome_dag' retrieved from /opt/airflow/dags/welcome_dag.py
[2024-08-05T18:12:41.280+0000] {logging_mixin.py:188} INFO - [2024-08-05T18:12:41.279+0000] {dag.py:3089} INFO - Sync 1 DAGs
[2024-08-05T18:12:41.328+0000] {logging_mixin.py:188} INFO - [2024-08-05T18:12:41.327+0000] {dag.py:3947} INFO - Setting next_dagrun for welcome_dag to 2024-08-04 23:00:00+00:00, run_after=2024-08-05 23:00:00+00:00
[2024-08-05T18:12:41.543+0000] {processor.py:183} INFO - Processing /opt/airflow/dags/welcome_dag.py took 0.382 seconds
[2024-08-05T18:13:11.872+0000] {processor.py:161} INFO - Started process (PID=83) to work on /opt/airflow/dags/welcome_dag.py
[2024-08-05T18:13:11.874+0000] {processor.py:830} INFO - Processing file /opt/airflow/dags/welcome_dag.py for tasks to queue
[2024-08-05T18:13:11.877+0000] {logging_mixin.py:188} INFO - [2024-08-05T18:13:11.877+0000] {dagbag.py:545} INFO - Filling up the DagBag from /opt/airflow/dags/welcome_dag.py
[2024-08-05T18:13:11.928+0000] {processor.py:840} INFO - DAG(s) 'welcome_dag' retrieved from /opt/airflow/dags/welcome_dag.py
[2024-08-05T18:13:11.984+0000] {logging_mixin.py:188} INFO - [2024-08-05T18:13:11.984+0000] {dag.py:3089} INFO - Sync 1 DAGs
[2024-08-05T18:13:12.033+0000] {logging_mixin.py:188} INFO - [2024-08-05T18:13:12.033+0000] {dag.py:3947} INFO - Setting next_dagrun for welcome_dag to 2024-08-04 23:00:00+00:00, run_after=2024-08-05 23:00:00+00:00
[2024-08-05T18:13:12.231+0000] {processor.py:183} INFO - Processing /opt/airflow/dags/welcome_dag.py took 0.367 seconds
[2024-08-05T18:13:42.829+0000] {processor.py:161} INFO - Started process (PID=84) to work on /opt/airflow/dags/welcome_dag.py
[2024-08-05T18:13:42.831+0000] {processor.py:830} INFO - Processing file /opt/airflow/dags/welcome_dag.py for tasks to queue
[2024-08-05T18:13:42.835+0000] {logging_mixin.py:188} INFO - [2024-08-05T18:13:42.835+0000] {dagbag.py:545} INFO - Filling up the DagBag from /opt/airflow/dags/welcome_dag.py
[2024-08-05T18:13:42.885+0000] {processor.py:840} INFO - DAG(s) 'welcome_dag' retrieved from /opt/airflow/dags/welcome_dag.py
[2024-08-05T18:13:42.955+0000] {logging_mixin.py:188} INFO - [2024-08-05T18:13:42.954+0000] {dag.py:3089} INFO - Sync 1 DAGs
[2024-08-05T18:13:43.019+0000] {logging_mixin.py:188} INFO - [2024-08-05T18:13:43.018+0000] {dag.py:3947} INFO - Setting next_dagrun for welcome_dag to 2024-08-04 23:00:00+00:00, run_after=2024-08-05 23:00:00+00:00
[2024-08-05T18:13:43.329+0000] {processor.py:183} INFO - Processing /opt/airflow/dags/welcome_dag.py took 0.510 seconds
[2024-08-05T18:14:13.570+0000] {processor.py:161} INFO - Started process (PID=85) to work on /opt/airflow/dags/welcome_dag.py
[2024-08-05T18:14:13.571+0000] {processor.py:830} INFO - Processing file /opt/airflow/dags/welcome_dag.py for tasks to queue
[2024-08-05T18:14:13.574+0000] {logging_mixin.py:188} INFO - [2024-08-05T18:14:13.574+0000] {dagbag.py:545} INFO - Filling up the DagBag from /opt/airflow/dags/welcome_dag.py
[2024-08-05T18:14:13.626+0000] {processor.py:840} INFO - DAG(s) 'welcome_dag' retrieved from /opt/airflow/dags/welcome_dag.py
[2024-08-05T18:14:13.683+0000] {logging_mixin.py:188} INFO - [2024-08-05T18:14:13.682+0000] {dag.py:3089} INFO - Sync 1 DAGs
[2024-08-05T18:14:13.731+0000] {logging_mixin.py:188} INFO - [2024-08-05T18:14:13.731+0000] {dag.py:3947} INFO - Setting next_dagrun for welcome_dag to 2024-08-04 23:00:00+00:00, run_after=2024-08-05 23:00:00+00:00
[2024-08-05T18:14:14.046+0000] {processor.py:183} INFO - Processing /opt/airflow/dags/welcome_dag.py took 0.485 seconds
[2024-08-05T18:15:26.345+0000] {processor.py:161} INFO - Started process (PID=63) to work on /opt/airflow/dags/welcome_dag.py
[2024-08-05T18:15:26.347+0000] {processor.py:830} INFO - Processing file /opt/airflow/dags/welcome_dag.py for tasks to queue
[2024-08-05T18:15:26.351+0000] {logging_mixin.py:188} INFO - [2024-08-05T18:15:26.350+0000] {dagbag.py:545} INFO - Filling up the DagBag from /opt/airflow/dags/welcome_dag.py
[2024-08-05T18:15:26.407+0000] {processor.py:840} INFO - DAG(s) 'welcome_dag' retrieved from /opt/airflow/dags/welcome_dag.py
[2024-08-05T18:15:26.435+0000] {logging_mixin.py:188} INFO - [2024-08-05T18:15:26.435+0000] {dag.py:3089} INFO - Sync 1 DAGs
[2024-08-05T18:15:26.489+0000] {logging_mixin.py:188} INFO - [2024-08-05T18:15:26.489+0000] {dag.py:3947} INFO - Setting next_dagrun for welcome_dag to 2024-08-04 23:00:00+00:00, run_after=2024-08-05 23:00:00+00:00
[2024-08-05T18:15:26.711+0000] {processor.py:183} INFO - Processing /opt/airflow/dags/welcome_dag.py took 0.375 seconds
[2024-08-05T18:15:57.063+0000] {processor.py:161} INFO - Started process (PID=87) to work on /opt/airflow/dags/welcome_dag.py
[2024-08-05T18:15:57.065+0000] {processor.py:830} INFO - Processing file /opt/airflow/dags/welcome_dag.py for tasks to queue
[2024-08-05T18:15:57.069+0000] {logging_mixin.py:188} INFO - [2024-08-05T18:15:57.068+0000] {dagbag.py:545} INFO - Filling up the DagBag from /opt/airflow/dags/welcome_dag.py
[2024-08-05T18:15:57.124+0000] {processor.py:840} INFO - DAG(s) 'welcome_dag' retrieved from /opt/airflow/dags/welcome_dag.py
[2024-08-05T18:15:57.358+0000] {logging_mixin.py:188} INFO - [2024-08-05T18:15:57.358+0000] {dag.py:3089} INFO - Sync 1 DAGs
[2024-08-05T18:15:57.406+0000] {logging_mixin.py:188} INFO - [2024-08-05T18:15:57.406+0000] {dag.py:3947} INFO - Setting next_dagrun for welcome_dag to 2024-08-04 23:00:00+00:00, run_after=2024-08-05 23:00:00+00:00
[2024-08-05T18:15:57.621+0000] {processor.py:183} INFO - Processing /opt/airflow/dags/welcome_dag.py took 0.568 seconds
